Output from C++ program:
reading data/export/bone_subx.n26c100.max.bbk...
building... 2.14362 seconds
solving... 18.649 seconds
total: 20.7926 seconds, maxflow: 353920
Maximum memory usage: 8691.97 MB
Average memory usage: 7661.55 MB

Errors from C++ program:
BK:

Emissions: 0.0007341330373751672 kg CO2e

Additional Metrics:
CO2eRate (kg/s): 3.067939212500639e-05
CPU Energy (kWh): 0.0009008169470418
RAM Energy (kWh): 0.0012533672151651
Total Energy (kWh): 0.0021541841622069
Country: Italy
CPU Count: 8
Output from C++ program:
reading data/export/bone_subx.n26c100.max.bbk...
building... 1.51076 seconds
solving... 13.4722 seconds
total: 14.9829 seconds, maxflow: 353920
Maximum memory usage: 4731.62 MB
Average memory usage: 4288.6 MB

Errors from C++ program:
MBK:

Emissions: 0.000543535093972227 kg CO2e

Additional Metrics:
CO2eRate (kg/s): 3.067452438287245e-05
CPU Energy (kWh): 0.0006668119603935
RAM Energy (kWh): 0.0009280960895492
Total Energy (kWh): 0.0015949080499428
Country: Italy
CPU Count: 8
Output from C++ program:
reading data/export/bone_subx.n26c100.max.bbk...
building... 1.53342 seconds
init... 3.40241 seconds
solving... 7.08643 seconds
total: 12.0223 seconds, maxflow: 353920
Maximum memory usage: 7439.19 MB
Average memory usage: 5959.17 MB

Errors from C++ program:
MBK2:

Emissions: 0.000456670940941713 kg CO2e

Additional Metrics:
CO2eRate (kg/s): 3.082043268161455e-05
CPU Energy (kWh): 0.0005639229408602
RAM Energy (kWh): 0.0007760975434843
Total Energy (kWh): 0.0013400204843445
Country: Italy
CPU Count: 8
Output from C++ program:
reading data/export/bone_subx.n26c100.max.bbk...
building...2.85986 seconds
init... 1.69118 seconds
solving... 3.66674 seconds
total: 8.21779 seconds, maxflow: 353920
Maximum memory usage: 9566.22 MB
Average memory usage: 7104.59 MB

Errors from C++ program:
EIBFS old:

Emissions: 0.00034183543421284615 kg CO2e

Additional Metrics:
CO2eRate (kg/s): 3.1035614741948525e-05
CPU Energy (kWh): 0.000426153560367
RAM Energy (kWh): 0.0005769023449976
Total Energy (kWh): 0.0010030559053646
Country: Italy
CPU Count: 8
Output from C++ program:
reading data/export/bone_subx.n26c100.max.bbk...
building...0.967932 seconds
init... 1.59712 seconds
solving... 3.65431 seconds
total: 6.21936 seconds, maxflow: 353920
Maximum memory usage: 8076.81 MB
Average memory usage: 5686.59 MB

Errors from C++ program:
EIBFS new:

Emissions: 0.00027891393260347523 kg CO2e

Additional Metrics:
CO2eRate (kg/s): 3.095016923250015e-05
CPU Energy (kWh): 0.0003464185593568
RAM Energy (kWh): 0.0004720052761668
Total Energy (kWh): 0.0008184238355237
Country: Italy
CPU Count: 8
Output from C++ program:
reading data/export/bone_subx.n26c100.max.bbk...
building...0.985372 seconds
init... 0.0104128 seconds
solving... 11.8764 seconds
total: 12.8722 seconds, maxflow: 353920
Maximum memory usage: 4771.29 MB
Average memory usage: 4294.87 MB

Errors from C++ program:
EIBFS new2:

Emissions: 0.0004785347891836607 kg CO2e

Additional Metrics:
CO2eRate (kg/s): 3.064553521503119e-05
CPU Energy (kWh): 0.0005863059512666
RAM Energy (kWh): 0.0008178701468561
Total Energy (kWh): 0.0014041760981227
Country: Italy
CPU Count: 8
Output from C++ program:
reading data/export/bone_subx.n26c10.max.bbk...
building... 2.12426 seconds
solving... 15.4425 seconds
total: 17.5668 seconds, maxflow: 32616
Maximum memory usage: 8692.24 MB
Average memory usage: 7520.89 MB

Errors from C++ program:
BK:

Emissions: 0.0006296104884154112 kg CO2e

Additional Metrics:
CO2eRate (kg/s): 3.068491899426651e-05
CPU Energy (kWh): 0.0007727639734884
RAM Energy (kWh): 0.0010747171688303
Total Energy (kWh): 0.0018474811423188
Country: Italy
CPU Count: 8
Output from C++ program:
reading data/export/bone_subx.n26c10.max.bbk...
building... 1.50185 seconds
solving... 10.4697 seconds
total: 11.9715 seconds, maxflow: 32616
Maximum memory usage: 4731.78 MB
Average memory usage: 4198.67 MB

Errors from C++ program:
MBK:

Emissions: 0.00044890437568575613 kg CO2e

Additional Metrics:
CO2eRate (kg/s): 3.071587639256183e-05
CPU Energy (kWh): 0.000551732698608
RAM Energy (kWh): 0.0007654981672104
Total Energy (kWh): 0.0013172308658185
Country: Italy
CPU Count: 8
Output from C++ program:
reading data/export/bone_subx.n26c10.max.bbk...
building... 1.53719 seconds
init... 3.4074 seconds
solving... 4.42995 seconds
total: 9.37454 seconds, maxflow: 32616
Maximum memory usage: 7439.11 MB
Average memory usage: 5640.54 MB

Errors from C++ program:
MBK2:

Emissions: 0.00037420421398351905 kg CO2e

Additional Metrics:
CO2eRate (kg/s): 3.0887580915016155e-05
CPU Energy (kWh): 0.0004634752043909
RAM Energy (kWh): 0.0006345611870464
Total Energy (kWh): 0.0010980363914374
Country: Italy
CPU Count: 8
Output from C++ program:
reading data/export/bone_subx.n26c10.max.bbk...
building...2.8308 seconds
init... 1.69527 seconds
solving... 3.33985 seconds
total: 7.86592 seconds, maxflow: 32616
Maximum memory usage: 9566.19 MB
Average memory usage: 7043.01 MB

Errors from C++ program:
EIBFS old:

Emissions: 0.00032847716212267507 kg CO2e

Additional Metrics:
CO2eRate (kg/s): 3.095305984668268e-05
CPU Energy (kWh): 0.0004080228111402
RAM Energy (kWh): 0.0005558355963513
Total Energy (kWh): 0.0009638584074915
Country: Italy
CPU Count: 8
Output from C++ program:
reading data/export/bone_subx.n26c10.max.bbk...
building...0.967876 seconds
init... 1.58556 seconds
solving... 3.37406 seconds
total: 5.9275 seconds, maxflow: 32616
Maximum memory usage: 8076.86 MB
Average memory usage: 5624.6 MB

Errors from C++ program:
EIBFS new:

Emissions: 0.00026854592133404364 kg CO2e

Additional Metrics:
CO2eRate (kg/s): 3.082645798963127e-05
CPU Energy (kWh): 0.0003317162334283
RAM Energy (kWh): 0.0004562844981985
Total Energy (kWh): 0.0007880007316268
Country: Italy
CPU Count: 8
Output from C++ program:
reading data/export/bone_subx.n26c10.max.bbk...
building...0.985589 seconds
init... 0.0105252 seconds
solving... 10.892 seconds
total: 11.8881 seconds, maxflow: 32616
Maximum memory usage: 4768.97 MB
Average memory usage: 4260.75 MB

Errors from C++ program:
EIBFS new2:

Emissions: 0.00044421720053738494 kg CO2e

Additional Metrics:
CO2eRate (kg/s): 3.060008093009306e-05
CPU Energy (kWh): 0.0005431057675398
RAM Energy (kWh): 0.0007603714079309
Total Energy (kWh): 0.0013034771754707
Country: Italy
CPU Count: 8
Output from C++ program:
reading data/export/bone_subx.n6c100.max.bbk...
building... 0.557128 seconds
solving... 5.80251 seconds
total: 6.35963 seconds, maxflow: 334532
Maximum memory usage: 2147 MB
Average memory usage: 1929.38 MB

Errors from C++ program:
BK:

Emissions: 0.00021822563345660125 kg CO2e

Additional Metrics:
CO2eRate (kg/s): 3.069095121178032e-05
CPU Energy (kWh): 0.000267929029343
RAM Energy (kWh): 0.0003724156758354
Total Energy (kWh): 0.0006403447051784
Country: Italy
CPU Count: 8
Output from C++ program:
reading data/export/bone_subx.n6c100.max.bbk...
building... 0.378883 seconds
solving... 4.49879 seconds
total: 4.87768 seconds, maxflow: 334532
Maximum memory usage: 1161.75 MB
Average memory usage: 1069.55 MB

Errors from C++ program:
MBK:

Emissions: 0.0001690889864553244 kg CO2e

Additional Metrics:
CO2eRate (kg/s): 3.068715845775161e-05
CPU Energy (kWh): 0.0002075723002243
RAM Energy (kWh): 0.00028858956429
Total Energy (kWh): 0.0004961618645144
Country: Italy
CPU Count: 8
Output from C++ program:
reading data/export/bone_subx.n6c100.max.bbk...
building... 0.387484 seconds
init... 0.51208 seconds
solving... 3.55963 seconds
total: 4.45919 seconds, maxflow: 334532
Maximum memory usage: 1786.43 MB
Average memory usage: 1546.71 MB

Errors from C++ program:
MBK2:

Emissions: 0.00015725693928091296 kg CO2e

Additional Metrics:
CO2eRate (kg/s): 3.077895962790355e-05
CPU Energy (kWh): 0.0001938498411908
RAM Energy (kWh): 0.0002675929637907
Total Energy (kWh): 0.0004614428049816
Country: Italy
CPU Count: 8
Output from C++ program:
reading data/export/bone_subx.n6c100.max.bbk...
building...0.764214 seconds
init... 0.412522 seconds
solving... 1.7447 seconds
total: 2.92143 seconds, maxflow: 334532
Maximum memory usage: 2426.09 MB
Average memory usage: 1933.62 MB

Errors from C++ program:
EIBFS old:

Emissions: 0.00011157566620737696 kg CO2e

Additional Metrics:
CO2eRate (kg/s): 3.091759112950377e-05
CPU Energy (kWh): 0.0001384013473876
RAM Energy (kWh): 0.0001889978034406
Total Energy (kWh): 0.0003273991508282
Country: Italy
CPU Count: 8
Output from C++ program:
reading data/export/bone_subx.n6c100.max.bbk...
building...0.27198 seconds
init... 0.429774 seconds
solving... 1.70476 seconds
total: 2.40652 seconds, maxflow: 334532
Maximum memory usage: 1977.93 MB
Average memory usage: 1542.38 MB

Errors from C++ program:
EIBFS new:

Emissions: 9.599867970050719e-05 kg CO2e

Additional Metrics:
CO2eRate (kg/s): 3.0888124596400444e-05
CPU Energy (kWh): 0.0001189282676425
RAM Energy (kWh): 0.0001627629584368
Total Energy (kWh): 0.0002816912260794
Country: Italy
CPU Count: 8
Output from C++ program:
reading data/export/bone_subx.n6c100.max.bbk...
building...0.264895 seconds
init... 0.0115653 seconds
solving... 2.62907 seconds
total: 2.90553 seconds, maxflow: 334532
Maximum memory usage: 1199.08 MB
Average memory usage: 1056.2 MB

Errors from C++ program:
EIBFS new2:

Emissions: 0.00011102369794768195 kg CO2e

Additional Metrics:
CO2eRate (kg/s): 3.077002585781409e-05
CPU Energy (kWh): 0.0001368138766732
RAM Energy (kWh): 0.0001889656204648
Total Energy (kWh): 0.0003257794971381
Country: Italy
CPU Count: 8
Output from C++ program:
reading data/export/bone_subx.n6c10.max.bbk...
building... 0.552144 seconds
solving... 3.9908 seconds
total: 4.54294 seconds, maxflow: 30590
Maximum memory usage: 2147.1 MB
Average memory usage: 1864.85 MB

Errors from C++ program:
BK:

Emissions: 0.00016032359877829488 kg CO2e

Additional Metrics:
CO2eRate (kg/s): 3.077369749974818e-05
CPU Energy (kWh): 0.0001975831688997
RAM Energy (kWh): 0.0002728582085256
Total Energy (kWh): 0.0004704413774253
Country: Italy
CPU Count: 8
Output from C++ program:
reading data/export/bone_subx.n6c10.max.bbk...
building... 0.377522 seconds
solving... 2.83675 seconds
total: 3.21428 seconds, maxflow: 30590
Maximum memory usage: 1161.73 MB
Average memory usage: 1033.45 MB

Errors from C++ program:
MBK:

Emissions: 0.00011709139655744886 kg CO2e

Additional Metrics:
CO2eRate (kg/s): 3.074645148939196e-05
CPU Energy (kWh): 0.0001441358616974
RAM Energy (kWh): 0.00019944822886
Total Energy (kWh): 0.0003435840905574
Country: Italy
CPU Count: 8
Output from C++ program:
reading data/export/bone_subx.n6c10.max.bbk...
building... 0.385475 seconds
init... 0.508049 seconds
solving... 1.87199 seconds
total: 2.76551 seconds, maxflow: 30590
Maximum memory usage: 1786.44 MB
Average memory usage: 1440.37 MB

Errors from C++ program:
MBK2:

Emissions: 0.0001049601476763815 kg CO2e

Additional Metrics:
CO2eRate (kg/s): 3.079397319860304e-05
CPU Energy (kWh): 0.0001294823466413
RAM Energy (kWh): 0.0001785047296463
Total Energy (kWh): 0.0003079870762876
Country: Italy
CPU Count: 8
Output from C++ program:
reading data/export/bone_subx.n6c10.max.bbk...
building...0.757333 seconds
init... 0.410308 seconds
solving... 1.46022 seconds
total: 2.62787 seconds, maxflow: 30590
Maximum memory usage: 2426.25 MB
Average memory usage: 1912.3 MB

Errors from C++ program:
EIBFS old:

Emissions: 0.00010230401878097324 kg CO2e

Additional Metrics:
CO2eRate (kg/s): 3.092496936570959e-05
CPU Energy (kWh): 0.0001269429834987
RAM Energy (kWh): 0.0001732501501273
Total Energy (kWh): 0.0003001931336261
Country: Italy
CPU Count: 8
Output from C++ program:
reading data/export/bone_subx.n6c10.max.bbk...
building...0.271065 seconds
init... 0.429325 seconds
solving... 1.40191 seconds
total: 2.1023 seconds, maxflow: 30590
Maximum memory usage: 1978.24 MB
Average memory usage: 1499.65 MB

Errors from C++ program:
EIBFS new:

Emissions: 8.382105475070376e-05 kg CO2e

Additional Metrics:
CO2eRate (kg/s): 3.0954221058945e-05
CPU Energy (kWh): 0.0001041491730415
RAM Energy (kWh): 0.0001418089563583
Total Energy (kWh): 0.0002459581293998
Country: Italy
CPU Count: 8
Output from C++ program:
reading data/export/bone_subx.n6c10.max.bbk...
building...0.266648 seconds
init... 0.0117578 seconds
solving... 2.30172 seconds
total: 2.58012 seconds, maxflow: 30590
Maximum memory usage: 1197.89 MB
Average memory usage: 1044.41 MB

Errors from C++ program:
EIBFS new2:

Emissions: 9.873365571608788e-05 kg CO2e

Additional Metrics:
CO2eRate (kg/s): 3.077667960659456e-05
CPU Energy (kWh): 0.000121707498477
RAM Energy (kWh): 0.0001680090332579
Total Energy (kWh): 0.0002897165317349
Country: Italy
CPU Count: 8
Output from C++ program:
reading data/export/bone_subxy.n26c100.max.bbk...
building... 1.0634 seconds
solving... 7.85695 seconds
total: 8.92035 seconds, maxflow: 189880
Maximum memory usage: 4348.27 MB
Average memory usage: 3764.33 MB

Errors from C++ program:
BK:

Emissions: 0.00032021920656283303 kg CO2e

Additional Metrics:
CO2eRate (kg/s): 3.075426019366363e-05
CPU Energy (kWh): 0.00039426152652
RAM Energy (kWh): 0.0005453653641025
Total Energy (kWh): 0.0009396268906225
Country: Italy
CPU Count: 8
Output from C++ program:
reading data/export/bone_subxy.n26c100.max.bbk...
building... 0.760359 seconds
solving... 5.2762 seconds
total: 6.03656 seconds, maxflow: 189880
Maximum memory usage: 2367.74 MB
Average memory usage: 2093.57 MB

Errors from C++ program:
MBK:

Emissions: 0.00022795991110364795 kg CO2e

Additional Metrics:
CO2eRate (kg/s): 3.075890458802561e-05
CPU Energy (kWh): 0.000280738268757
RAM Energy (kWh): 0.0003881699605651
Total Energy (kWh): 0.0006689082293222
Country: Italy
CPU Count: 8
Output from C++ program:
reading data/export/bone_subxy.n26c100.max.bbk...
building... 0.770142 seconds
init... 1.65419 seconds
solving... 2.61755 seconds
total: 5.04188 seconds, maxflow: 189880
Maximum memory usage: 3721.59 MB
Average memory usage: 2855.6 MB

Errors from C++ program:
MBK2:

Emissions: 0.0001974013854493005 kg CO2e

Additional Metrics:
CO2eRate (kg/s): 3.079779034883742e-05
CPU Energy (kWh): 0.000243531963992
RAM Energy (kWh): 0.0003357076512866
Total Energy (kWh): 0.0005792396152787
Country: Italy
CPU Count: 8
Output from C++ program:
reading data/export/bone_subxy.n26c100.max.bbk...
building...1.41515 seconds
init... 0.80016 seconds
solving... 1.69306 seconds
total: 3.90838 seconds, maxflow: 189880
Maximum memory usage: 4785.04 MB
Average memory usage: 3494.07 MB

Errors from C++ program:
EIBFS old:

Emissions: 0.0001645256662574673 kg CO2e

Additional Metrics:
CO2eRate (kg/s): 3.098434086425786e-05
CPU Energy (kWh): 0.0002046650484541
RAM Energy (kWh): 0.0002781065562615
Total Energy (kWh): 0.0004827716047156
Country: Italy
CPU Count: 8
Output from C++ program:
reading data/export/bone_subxy.n26c100.max.bbk...
building...0.487224 seconds
init... 0.792525 seconds
solving... 1.70904 seconds
total: 2.98879 seconds, maxflow: 189880
Maximum memory usage: 4040.45 MB
Average memory usage: 2795.33 MB

Errors from C++ program:
EIBFS new:

Emissions: 0.00013601877815816587 kg CO2e

Additional Metrics:
CO2eRate (kg/s): 3.084978599994916e-05
CPU Energy (kWh): 0.0001682058128978
RAM Energy (kWh): 0.0002309173470115
Total Energy (kWh): 0.0003991231599094
Country: Italy
CPU Count: 8
Output from C++ program:
reading data/export/bone_subxy.n26c100.max.bbk...
building...0.496126 seconds
init... 0.00549148 seconds
solving... 5.09088 seconds
total: 5.5925 seconds, maxflow: 189880
Maximum memory usage: 2392.3 MB
Average memory usage: 2114.76 MB

Errors from C++ program:
EIBFS new2:

Emissions: 0.00021525980197079967 kg CO2e

Additional Metrics:
CO2eRate (kg/s): 3.070132784711884e-05
CPU Energy (kWh): 0.000264412461252
RAM Energy (kWh): 0.000367229533533
Total Energy (kWh): 0.0006316419947851
Country: Italy
CPU Count: 8
Output from C++ program:
reading data/export/bone_subxy.n26c10.max.bbk...
building... 1.06298 seconds
solving... 6.81731 seconds
total: 7.88029 seconds, maxflow: 17292
Maximum memory usage: 4348 MB
Average memory usage: 3705.06 MB

Errors from C++ program:
BK:

Emissions: 0.00028771935545711955 kg CO2e

Additional Metrics:
CO2eRate (kg/s): 3.0570853987272486e-05
CPU Energy (kWh): 0.0003513104507703
RAM Energy (kWh): 0.0004929513480204
Total Energy (kWh): 0.0008442617987908
Country: Italy
CPU Count: 8
Output from C++ program:
reading data/export/bone_subxy.n26c10.max.bbk...
building... 0.755939 seconds
solving... 4.54856 seconds
total: 5.3045 seconds, maxflow: 17292
Maximum memory usage: 2367.95 MB
Average memory usage: 2067.24 MB

Errors from C++ program:
MBK:

Emissions: 0.00020631477406766603 kg CO2e

Additional Metrics:
CO2eRate (kg/s): 3.074638580346147e-05
CPU Energy (kWh): 0.0002539419153755
RAM Energy (kWh): 0.0003514524697006
Total Energy (kWh): 0.0006053943850762
Country: Italy
CPU Count: 8
Output from C++ program:
reading data/export/bone_subxy.n26c10.max.bbk...
building... 0.766724 seconds
init... 1.64369 seconds
solving... 1.84966 seconds
total: 4.26008 seconds, maxflow: 17292
Maximum memory usage: 3721.57 MB
Average memory usage: 2742.58 MB

Errors from C++ program:
MBK2:

Emissions: 0.0001734099121007583 kg CO2e

Additional Metrics:
CO2eRate (kg/s): 3.091078872531083e-05
CPU Energy (kWh): 0.0002150168978467
RAM Energy (kWh): 0.0002938239623232
Total Energy (kWh): 0.0005088408601699
Country: Italy
CPU Count: 8
Output from C++ program:
reading data/export/bone_subxy.n26c10.max.bbk...
building...1.40767 seconds
init... 0.802271 seconds
solving... 1.48274 seconds
total: 3.69268 seconds, maxflow: 17292
Maximum memory usage: 4785.27 MB
Average memory usage: 3459.62 MB

Errors from C++ program:
EIBFS old:

Emissions: 0.00015798122460244547 kg CO2e

Additional Metrics:
CO2eRate (kg/s): 3.092170374305027e-05
CPU Energy (kWh): 0.0001959835587311
RAM Energy (kWh): 0.0002675845340241
Total Energy (kWh): 0.0004635680927552
Country: Italy
CPU Count: 8
Output from C++ program:
reading data/export/bone_subxy.n26c10.max.bbk...
building...0.4844 seconds
init... 0.789359 seconds
solving... 1.4898 seconds
total: 2.76356 seconds, maxflow: 17292
Maximum memory usage: 4040.49 MB
Average memory usage: 2754.86 MB

Errors from C++ program:
EIBFS new:

Emissions: 0.00013014770735709727 kg CO2e

Additional Metrics:
CO2eRate (kg/s): 3.09220540916366e-05
CPU Energy (kWh): 0.0001614629830591
RAM Energy (kWh): 0.0002204325531213
Total Energy (kWh): 0.0003818955361804
Country: Italy
CPU Count: 8
Output from C++ program:
reading data/export/bone_subxy.n26c10.max.bbk...
building...0.495102 seconds
init... 0.00563427 seconds
solving... 4.91882 seconds
total: 5.41956 seconds, maxflow: 17292
Maximum memory usage: 2390.39 MB
Average memory usage: 2108.06 MB

Errors from C++ program:
EIBFS new2:

Emissions: 0.00020836425255876698 kg CO2e

Additional Metrics:
CO2eRate (kg/s): 3.0592333067222654e-05
CPU Energy (kWh): 0.0002546752684622
RAM Energy (kWh): 0.0003567329504581
Total Energy (kWh): 0.0006114082189204
Country: Italy
CPU Count: 8
Output from C++ program:
reading data/export/bone_subxy.n6c100.max.bbk...
building... 0.284866 seconds
solving... 2.18882 seconds
total: 2.47368 seconds, maxflow: 181688
Maximum memory usage: 1075.57 MB
Average memory usage: 928.889 MB

Errors from C++ program:
BK:

Emissions: 8.977860546404071e-05 kg CO2e

Additional Metrics:
CO2eRate (kg/s): 3.0870307964817094e-05
CPU Energy (kWh): 0.0001111386694664
RAM Energy (kWh): 0.000152300843741
Total Energy (kWh): 0.0002634395132075
Country: Italy
CPU Count: 8
Output from C++ program:
reading data/export/bone_subxy.n6c100.max.bbk...
building... 0.195045 seconds
solving... 1.63285 seconds
total: 1.8279 seconds, maxflow: 181688
Maximum memory usage: 583.039 MB
Average memory usage: 520.296 MB

Errors from C++ program:
MBK:

Emissions: 6.778288686060939e-05 kg CO2e

Additional Metrics:
CO2eRate (kg/s): 3.070828520361634e-05
CPU Energy (kWh): 8.330916275839373e-05
RAM Energy (kWh): 0.0001155877863093
Total Energy (kWh): 0.0001988969490677
Country: Italy
CPU Count: 8
Output from C++ program:
reading data/export/bone_subxy.n6c100.max.bbk...
building... 0.198661 seconds
init... 0.244579 seconds
solving... 1.25442 seconds
total: 1.69766 seconds, maxflow: 181688
Maximum memory usage: 895.594 MB
Average memory usage: 739.378 MB

Errors from C++ program:
MBK2:

Emissions: 6.493699849230859e-05 kg CO2e

Additional Metrics:
CO2eRate (kg/s): 3.0812244431801164e-05
CPU Energy (kWh): 8.0187219983055e-05
RAM Energy (kWh): 0.000110358970655
Total Energy (kWh): 0.000190546190638
Country: Italy
CPU Count: 8
Output from C++ program:
reading data/export/bone_subxy.n6c100.max.bbk...
building...0.384982 seconds
init... 0.17695 seconds
solving... 0.662162 seconds
total: 1.22409 seconds, maxflow: 181688
Maximum memory usage: 1215.06 MB
Average memory usage: 918.236 MB

Errors from C++ program:
EIBFS old:

Emissions: 4.971775039627408e-05 kg CO2e

Additional Metrics:
CO2eRate (kg/s): 3.0936378166102325e-05
CPU Energy (kWh): 6.174068189251924e-05
RAM Energy (kWh): 8.414730438738617e-05
Total Energy (kWh): 0.0001458879862799
Country: Italy
CPU Count: 8
Output from C++ program:
reading data/export/bone_subxy.n6c100.max.bbk...
building...0.140843 seconds
init... 0.205396 seconds
solving... 0.647767 seconds
total: 0.994006 seconds, maxflow: 181688
Maximum memory usage: 991.086 MB
Average memory usage: 733.178 MB

Errors from C++ program:
EIBFS new:

Emissions: 4.3478099366393626e-05 kg CO2e

Additional Metrics:
CO2eRate (kg/s): 3.090780321905281e-05
CPU Energy (kWh): 5.392885675416237e-05
RAM Energy (kWh): 7.364997199984629e-05
Total Energy (kWh): 0.000127578828754
Country: Italy
CPU Count: 8
Output from C++ program:
reading data/export/bone_subxy.n6c100.max.bbk...
building...0.13845 seconds
init... 0.00577461 seconds
solving... 1.01472 seconds
total: 1.15895 seconds, maxflow: 181688
Maximum memory usage: 604.16 MB
Average memory usage: 508.52 MB

Errors from C++ program:
EIBFS new2:

Emissions: 4.644139850376201e-05 kg CO2e

Additional Metrics:
CO2eRate (kg/s): 3.08190651835034e-05
CPU Energy (kWh): 5.737548895590194e-05
RAM Energy (kWh): 7.889861946080145e-05
Total Energy (kWh): 0.0001362741084167
Country: Italy
CPU Count: 8
Output from C++ program:
reading data/export/bone_subxy.n6c10.max.bbk...
building... 0.281809 seconds
solving... 1.62963 seconds
total: 1.91144 seconds, maxflow: 16405
Maximum memory usage: 1075.37 MB
Average memory usage: 898.199 MB

Errors from C++ program:
BK:

Emissions: 7.09888939362843e-05 kg CO2e

Additional Metrics:
CO2eRate (kg/s): 3.0761984588326606e-05
CPU Energy (kWh): 8.746112246885152e-05
RAM Energy (kWh): 0.0001208432899805
Total Energy (kWh): 0.0002083044124494
Country: Italy
CPU Count: 8
Output from C++ program:
reading data/export/bone_subxy.n6c10.max.bbk...
building... 0.1934 seconds
solving... 1.13057 seconds
total: 1.32396 seconds, maxflow: 16405
Maximum memory usage: 582.738 MB
Average memory usage: 503.02 MB

Errors from C++ program:
MBK:

Emissions: 5.2504976973855776e-05 kg CO2e

Additional Metrics:
CO2eRate (kg/s): 3.075708057672763e-05
CPU Energy (kWh): 6.468135035614386e-05
RAM Energy (kWh): 8.938526165538151e-05
Total Energy (kWh): 0.0001540666120115
Country: Italy
CPU Count: 8
Output from C++ program:
reading data/export/bone_subxy.n6c10.max.bbk...
building... 0.195625 seconds
init... 0.238258 seconds
solving... 0.725948 seconds
total: 1.15983 seconds, maxflow: 16405
Maximum memory usage: 895.566 MB
Average memory usage: 686.149 MB

Errors from C++ program:
MBK2:

Emissions: 4.648450498593688e-05 kg CO2e

Additional Metrics:
CO2eRate (kg/s): 3.084785174317604e-05
CPU Energy (kWh): 5.750252683532631e-05
RAM Energy (kWh): 7.889806996490166e-05
Total Energy (kWh): 0.0001364005968002
Country: Italy
CPU Count: 8
Output from C++ program:
reading data/export/bone_subxy.n6c10.max.bbk...
building...0.383185 seconds
init... 0.178481 seconds
solving... 0.527084 seconds
total: 1.08875 seconds, maxflow: 16405
Maximum memory usage: 1214.85 MB
Average memory usage: 910.862 MB

Errors from C++ program:
EIBFS old:

Emissions: 4.654074975627049e-05 kg CO2e

Additional Metrics:
CO2eRate (kg/s): 3.088246483561757e-05
CPU Energy (kWh): 5.7660573628423584e-05
RAM Energy (kWh): 7.890506354908099e-05
Total Energy (kWh): 0.0001365656371775
Country: Italy
CPU Count: 8
Output from C++ program:
reading data/export/bone_subxy.n6c10.max.bbk...
building...0.138171 seconds
init... 0.20504 seconds
solving... 0.510742 seconds
total: 0.853953 seconds, maxflow: 16405
Maximum memory usage: 991.035 MB
Average memory usage: 703.808 MB

Errors from C++ program:
EIBFS new:

Emissions: 3.7299649739918494e-05 kg CO2e

Additional Metrics:
CO2eRate (kg/s): 3.090183479986369e-05
CPU Energy (kWh): 4.6256852838794105e-05
RAM Energy (kWh): 6.319240313378317e-05
Total Energy (kWh): 0.0001094492559725
Country: Italy
CPU Count: 8
Output from C++ program:
reading data/export/bone_subxy.n6c10.max.bbk...
building...0.136387 seconds
init... 0.00587517 seconds
solving... 0.868613 seconds
total: 1.01088 seconds, maxflow: 16405
Maximum memory usage: 602.449 MB
Average memory usage: 506.158 MB

Errors from C++ program:
EIBFS new2:

Emissions: 4.316212606248624e-05 kg CO2e

Additional Metrics:
CO2eRate (kg/s): 3.067175199397905e-05
CPU Energy (kWh): 5.2973776823436736e-05
RAM Energy (kWh): 7.367788389384771e-05
Total Energy (kWh): 0.0001266516607172
Country: Italy
CPU Count: 8
Output from C++ program:
reading data/export/bone_subxyz.n26c100.max.bbk...
building... 0.539506 seconds
solving... 3.87775 seconds
total: 4.41726 seconds, maxflow: 98148
Maximum memory usage: 2194.23 MB
Average memory usage: 1881.93 MB

Errors from C++ program:
BK:

Emissions: 0.0001593144919363941 kg CO2e

Additional Metrics:
CO2eRate (kg/s): 3.0576957150781986e-05
CPU Energy (kWh): 0.0001945965709548
RAM Energy (kWh): 0.0002728837600849
Total Energy (kWh): 0.0004674803310398
Country: Italy
CPU Count: 8
Output from C++ program:
reading data/export/bone_subxyz.n26c100.max.bbk...
building... 0.382573 seconds
solving... 2.73444 seconds
total: 3.11701 seconds, maxflow: 98148
Maximum memory usage: 1195.61 MB
Average memory usage: 1053.01 MB

Errors from C++ program:
MBK:

Emissions: 0.00011696533999686878 kg CO2e

Additional Metrics:
CO2eRate (kg/s): 3.071289714232507e-05
CPU Energy (kWh): 0.0001437624116765
RAM Energy (kWh): 0.0001994517880948
Total Energy (kWh): 0.0003432141997713
Country: Italy
CPU Count: 8
Output from C++ program:
reading data/export/bone_subxyz.n26c100.max.bbk...
building... 0.392948 seconds
init... 0.830095 seconds
solving... 1.33416 seconds
total: 2.55721 seconds, maxflow: 98148
Maximum memory usage: 1878.3 MB
Average memory usage: 1437.1 MB

Errors from C++ program:
MBK2:

Emissions: 0.00010200014106618823 kg CO2e

Additional Metrics:
CO2eRate (kg/s): 3.083545624362192e-05
CPU Energy (kWh): 0.0001260652825188
RAM Energy (kWh): 0.0001732361754475
Total Energy (kWh): 0.0002993014579663
Country: Italy
CPU Count: 8
Output from C++ program:
reading data/export/bone_subxyz.n26c100.max.bbk...
building...0.719559 seconds
init... 0.404792 seconds
solving... 0.780398 seconds
total: 1.90475 seconds, maxflow: 98148
Maximum memory usage: 2414.6 MB
Average memory usage: 1746.01 MB

Errors from C++ program:
EIBFS old:

Emissions: 8.376819427804073e-05 kg CO2e

Additional Metrics:
CO2eRate (kg/s): 3.094001774712556e-05
CPU Energy (kWh): 0.0001040180662699
RAM Energy (kWh): 0.0001417849533783
Total Energy (kWh): 0.0002458030196483
Country: Italy
CPU Count: 8
Output from C++ program:
reading data/export/bone_subxyz.n26c100.max.bbk...
building...0.247622 seconds
init... 0.399958 seconds
solving... 0.773795 seconds
total: 1.42137 seconds, maxflow: 98148
Maximum memory usage: 2039.09 MB
Average memory usage: 1386.33 MB

Errors from C++ program:
EIBFS new:

Emissions: 6.821882524664023e-05 kg CO2e

Additional Metrics:
CO2eRate (kg/s): 3.090328212826985e-05
CPU Energy (kWh): 8.457997988615962e-05
RAM Energy (kWh): 0.0001155961536333
Total Energy (kWh): 0.0002001761335194
Country: Italy
CPU Count: 8
Output from C++ program:
reading data/export/bone_subxyz.n26c100.max.bbk...
building...0.252269 seconds
init... 0.0027065 seconds
solving... 2.5069 seconds
total: 2.76188 seconds, maxflow: 98148
Maximum memory usage: 1208.46 MB
Average memory usage: 1059.13 MB

Errors from C++ program:
EIBFS new2:

Emissions: 0.00010779392385798892 kg CO2e

Additional Metrics:
CO2eRate (kg/s): 3.072063609649514e-05
CPU Energy (kWh): 0.0001325388632532
RAM Energy (kWh): 0.0001837634303845
Total Energy (kWh): 0.0003163022936377
Country: Italy
CPU Count: 8
Output from C++ program:
reading data/export/bone_subxyz.n26c10.max.bbk...
building... 0.543084 seconds
solving... 3.36899 seconds
total: 3.91208 seconds, maxflow: 8773
Maximum memory usage: 2194.32 MB
Average memory usage: 1848.82 MB

Errors from C++ program:
BK:

Emissions: 0.00014453005623547122 kg CO2e

Additional Metrics:
CO2eRate (kg/s): 3.0692238865683936e-05
CPU Energy (kWh): 0.0001774691361418
RAM Energy (kWh): 0.0002466288709693
Total Energy (kWh): 0.0004240980071112
Country: Italy
CPU Count: 8
Output from C++ program:
reading data/export/bone_subxyz.n26c10.max.bbk...
building... 0.381834 seconds
solving... 2.22917 seconds
total: 2.611 seconds, maxflow: 8773
Maximum memory usage: 1195.82 MB
Average memory usage: 1032.9 MB

Errors from C++ program:
MBK:

Emissions: 0.0001016978639822353 kg CO2e

Additional Metrics:
CO2eRate (kg/s): 3.073951359863098e-05
CPU Energy (kWh): 0.0001251524523441
RAM Energy (kWh): 0.0001732620267319
Total Energy (kWh): 0.000298414479076
Country: Italy
CPU Count: 8
Output from C++ program:
reading data/export/bone_subxyz.n26c10.max.bbk...
building... 0.390134 seconds
init... 0.839206 seconds
solving... 0.889185 seconds
total: 2.11853 seconds, maxflow: 8773
Maximum memory usage: 1878.31 MB
Average memory usage: 1361.79 MB

Errors from C++ program:
MBK2:

Emissions: 8.684001589589258e-05 kg CO2e

Additional Metrics:
CO2eRate (kg/s): 3.0932404633813375e-05
CPU Energy (kWh): 0.0001077953898473
RAM Energy (kWh): 0.0001470213495784
Total Energy (kWh): 0.0002548167394258
Country: Italy
CPU Count: 8
Output from C++ program:
reading data/export/bone_subxyz.n26c10.max.bbk...
building...0.715902 seconds
init... 0.404542 seconds
solving... 0.696596 seconds
total: 1.81704 seconds, maxflow: 8773
Maximum memory usage: 2414.75 MB
Average memory usage: 1729.31 MB

Errors from C++ program:
EIBFS old:

Emissions: 8.069560037866128e-05 kg CO2e

Additional Metrics:
CO2eRate (kg/s): 3.094686017206386e-05
CPU Energy (kWh): 0.0001002357415774
RAM Energy (kWh): 0.0001365512921692
Total Energy (kWh): 0.0002367870337466
Country: Italy
CPU Count: 8
Output from C++ program:
reading data/export/bone_subxyz.n26c10.max.bbk...
building...0.24623 seconds
init... 0.398602 seconds
solving... 0.692062 seconds
total: 1.33689 seconds, maxflow: 8773
Maximum memory usage: 2039.1 MB
Average memory usage: 1362.23 MB

Errors from C++ program:
EIBFS new:

Emissions: 6.510114727849138e-05 kg CO2e

Additional Metrics:
CO2eRate (kg/s): 3.08862047450792e-05
CPU Energy (kWh): 8.065593508026214e-05
RAM Energy (kWh): 0.0001103719212742
Total Energy (kWh): 0.0001910278563545
Country: Italy
CPU Count: 8
Output from C++ program:
reading data/export/bone_subxyz.n26c10.max.bbk...
building...0.25094 seconds
init... 0.00268217 seconds
solving... 2.2989 seconds
total: 2.55252 seconds, maxflow: 8773
Maximum memory usage: 1207.73 MB
Average memory usage: 1051.2 MB

Errors from C++ program:
EIBFS new2:

Emissions: 0.00010115131820985843 kg CO2e

Additional Metrics:
CO2eRate (kg/s): 3.057664428245478e-05
CPU Energy (kWh): 0.000123561760516
RAM Energy (kWh): 0.0001732489762042
Total Energy (kWh): 0.0002968107367203
Country: Italy
CPU Count: 8
Output from C++ program:
reading data/export/bone_subxyz.n6c100.max.bbk...
building... 0.147575 seconds
solving... 0.942736 seconds
total: 1.09031 seconds, maxflow: 90645
Maximum memory usage: 544.156 MB
Average memory usage: 451.188 MB

Errors from C++ program:
BK:

Emissions: 4.012000872507866e-05 kg CO2e

Additional Metrics:
CO2eRate (kg/s): 3.070636430923752e-05
CPU Energy (kWh): 4.931837084355684e-05
RAM Energy (kWh): 6.840673207808692e-05
Total Energy (kWh): 0.0001177251029216
Country: Italy
CPU Count: 8
Output from C++ program:
reading data/export/bone_subxyz.n6c100.max.bbk...
building... 0.098828 seconds
solving... 0.711018 seconds
total: 0.809846 seconds, maxflow: 90645
Maximum memory usage: 295.871 MB
Average memory usage: 256.698 MB

Errors from C++ program:
MBK:

Emissions: 3.073574959468446e-05 kg CO2e

Additional Metrics:
CO2eRate (kg/s): 3.053186914372586e-05
CPU Energy (kWh): 3.749167749332594e-05
RAM Energy (kWh): 5.269696900480626e-05
Total Energy (kWh): 9.01886464981322e-05
Country: Italy
CPU Count: 8
Output from C++ program:
reading data/export/bone_subxyz.n6c100.max.bbk...
building... 0.100452 seconds
init... 0.122911 seconds
solving... 0.551004 seconds
total: 0.774367 seconds, maxflow: 90645
Maximum memory usage: 453.363 MB
Average memory usage: 362.595 MB

Errors from C++ program:
MBK2:

Emissions: 3.108823339957019e-05 kg CO2e

Additional Metrics:
CO2eRate (kg/s): 3.087441011328226e-05
CPU Energy (kWh): 3.85135905330708e-05
RAM Energy (kWh): 5.27093576396382e-05
Total Energy (kWh): 9.1222948172709e-05
Country: Italy
CPU Count: 8
Output from C++ program:
reading data/export/bone_subxyz.n6c100.max.bbk...
building...0.198474 seconds
init... 0.0911667 seconds
solving... 0.266202 seconds
total: 0.555843 seconds, maxflow: 90645
Maximum memory usage: 614.574 MB
Average memory usage: 449.175 MB

Errors from C++ program:
EIBFS old:

Emissions: 2.4782525571041275e-05 kg CO2e

Additional Metrics:
CO2eRate (kg/s): 3.0671593063732345e-05
CPU Energy (kWh): 3.043175323426406e-05
RAM Energy (kWh): 4.228820536548028e-05
Total Energy (kWh): 7.271995859974435e-05
Country: Italy
CPU Count: 8
Output from C++ program:
reading data/export/bone_subxyz.n6c100.max.bbk...
building...0.0727756 seconds
init... 0.105926 seconds
solving... 0.260034 seconds
total: 0.438736 seconds, maxflow: 90645
Maximum memory usage: 501.754 MB
Average memory usage: 358.574 MB

Errors from C++ program:
EIBFS new:

Emissions: 2.17185904198524e-05 kg CO2e

Additional Metrics:
CO2eRate (kg/s): 3.073822896784657e-05
CPU Energy (kWh): 2.6752340012967116e-05
RAM Energy (kWh): 3.69770402573792e-05
Total Energy (kWh): 6.372938027034631e-05
Country: Italy
CPU Count: 8
Output from C++ program:
reading data/export/bone_subxyz.n6c100.max.bbk...
building...0.0706509 seconds
init... 0.0027764 seconds
solving... 0.423728 seconds
total: 0.497155 seconds, maxflow: 90645
Maximum memory usage: 306.32 MB
Average memory usage: 250.694 MB

Errors from C++ program:
EIBFS new2:

Emissions: 2.16835603704402e-05 kg CO2e

Additional Metrics:
CO2eRate (kg/s): 3.0696108756713195e-05
CPU Energy (kWh): 2.66574307703632e-05
RAM Energy (kWh): 3.696915998663428e-05
Total Energy (kWh): 6.362659075699748e-05
Country: Italy
CPU Count: 8
Output from C++ program:
reading data/export/bone_subxyz.n6c10.max.bbk...
building... 0.145809 seconds
solving... 0.725854 seconds
total: 0.871663 seconds, maxflow: 8014
Maximum memory usage: 544.102 MB
Average memory usage: 440.763 MB

Errors from C++ program:
BK:

Emissions: 3.405666474755475e-05 kg CO2e

Additional Metrics:
CO2eRate (kg/s): 3.077781068629057e-05
CPU Energy (kWh): 4.200535471536593e-05
RAM Energy (kWh): 5.792793268862226e-05
Total Energy (kWh): 9.99332874039882e-05
Country: Italy
CPU Count: 8
Output from C++ program:
reading data/export/bone_subxyz.n6c10.max.bbk...
building... 0.0995127 seconds
solving... 0.520737 seconds
total: 0.62025 seconds, maxflow: 8014
Maximum memory usage: 295.934 MB
Average memory usage: 248.579 MB

Errors from C++ program:
MBK:

Emissions: 2.48102575114143e-05 kg CO2e

Additional Metrics:
CO2eRate (kg/s): 3.076866921436406e-05
CPU Energy (kWh): 3.0598124756253675e-05
RAM Energy (kWh): 4.220320834061511e-05
Total Energy (kWh): 7.280133309686878e-05
Country: Italy
CPU Count: 8
Output from C++ program:
reading data/export/bone_subxyz.n6c10.max.bbk...
building... 0.100865 seconds
init... 0.123003 seconds
solving... 0.345683 seconds
total: 0.569551 seconds, maxflow: 8014
Maximum memory usage: 453.543 MB
Average memory usage: 344.102 MB

Errors from C++ program:
MBK2:

Emissions: 2.4913756062662388e-05 kg CO2e

Additional Metrics:
CO2eRate (kg/s): 3.0890429443808114e-05
CPU Energy (kWh): 3.0893330825759735e-05
RAM Energy (kWh): 4.221170054997572e-05
Total Energy (kWh): 7.310503137573545e-05
Country: Italy
CPU Count: 8
Output from C++ program:
reading data/export/bone_subxyz.n6c10.max.bbk...
building...0.196031 seconds
init... 0.0895871 seconds
solving... 0.216797 seconds
total: 0.502415 seconds, maxflow: 8014
Maximum memory usage: 614.273 MB
Average memory usage: 434.807 MB

Errors from C++ program:
EIBFS old:

Emissions: 2.1856544589633252e-05 kg CO2e

Additional Metrics:
CO2eRate (kg/s): 3.094864872842818e-05
CPU Energy (kWh): 2.717555035153252e-05
RAM Energy (kWh): 3.695863214473576e-05
Total Energy (kWh): 6.413418249626828e-05
Country: Italy
CPU Count: 8
Output from C++ program:
reading data/export/bone_subxyz.n6c10.max.bbk...
building...0.072425 seconds
init... 0.105278 seconds
solving... 0.209352 seconds
total: 0.387056 seconds, maxflow: 8014
Maximum memory usage: 501.625 MB
Average memory usage: 342.141 MB

Errors from C++ program:
EIBFS new:

Emissions: 1.8777241950362225e-05 kg CO2e

Additional Metrics:
CO2eRate (kg/s): 3.097405898765209e-05
CPU Energy (kWh): 2.337742397970355e-05
RAM Energy (kWh): 3.1721086998665274e-05
Total Energy (kWh): 5.509851097836882e-05
Country: Italy
CPU Count: 8
Output from C++ program:
reading data/export/bone_subxyz.n6c10.max.bbk...
building...0.0714081 seconds
init... 0.00273297 seconds
solving... 0.365239 seconds
total: 0.43938 seconds, maxflow: 8014
Maximum memory usage: 305.52 MB
Average memory usage: 244.485 MB

Errors from C++ program:
EIBFS new2:

Emissions: 1.8707014349071728e-05 kg CO2e

Additional Metrics:
CO2eRate (kg/s): 3.085752308619216e-05
CPU Energy (kWh): 2.317246492684888e-05
RAM Energy (kWh): 3.1719975518322486e-05
Total Energy (kWh): 5.4892440445171365e-05
Country: Italy
CPU Count: 8
Output from C++ program:
reading data/export/bone_subxyz_subx.n26c100.max.bbk...
building... 0.273722 seconds
solving... 1.42138 seconds
total: 1.6951 seconds, maxflow: 64037
Maximum memory usage: 1099.09 MB
Average memory usage: 889.142 MB

Errors from C++ program:
BK:

Emissions: 6.776240664767713e-05 kg CO2e

Additional Metrics:
CO2eRate (kg/s): 3.0695071415123256e-05
CPU Energy (kWh): 8.323547964388112e-05
RAM Energy (kWh): 0.0001156013738443
Total Energy (kWh): 0.0001988368534882
Country: Italy
CPU Count: 8
Output from C++ program:
reading data/export/bone_subxyz_subx.n26c100.max.bbk...
building... 0.193887 seconds
solving... 0.950565 seconds
total: 1.14445 seconds, maxflow: 64037
Maximum memory usage: 600.098 MB
Average memory usage: 506.249 MB

Errors from C++ program:
MBK:

Emissions: 4.9472339083315974e-05 kg CO2e

Additional Metrics:
CO2eRate (kg/s): 3.078856986733721e-05
CPU Energy (kWh): 6.103430299407575e-05
RAM Energy (kWh): 8.413356698989105e-05
Total Energy (kWh): 0.0001451678699839
Country: Italy
CPU Count: 8
Output from C++ program:
reading data/export/bone_subxyz_subx.n26c100.max.bbk...
building... 0.198212 seconds
init... 0.390515 seconds
solving... 0.372239 seconds
total: 0.960967 seconds, maxflow: 64037
Maximum memory usage: 941.504 MB
Average memory usage: 664.146 MB

Errors from C++ program:
MBK2:

Emissions: 4.344485132985405e-05 kg CO2e

Additional Metrics:
CO2eRate (kg/s): 3.088551833955529e-05
CPU Energy (kWh): 5.383445584530855e-05
RAM Energy (kWh): 7.364681239842241e-05
Total Energy (kWh): 0.0001274812682437
Country: Italy
CPU Count: 8
Output from C++ program:
reading data/export/bone_subxyz_subx.n26c100.max.bbk...
building...0.362746 seconds
init... 0.185055 seconds
solving... 0.27697 seconds
total: 0.824771 seconds, maxflow: 64037
Maximum memory usage: 1209.38 MB
Average memory usage: 802.071 MB

Errors from C++ program:
EIBFS old:

Emissions: 3.729770410639695e-05 kg CO2e

Additional Metrics:
CO2eRate (kg/s): 3.09152693164771e-05
CPU Energy (kWh): 4.628145341402379e-05
RAM Energy (kWh): 6.316209343949169e-05
Total Energy (kWh): 0.0001094435468535
Country: Italy
CPU Count: 8
Output from C++ program:
reading data/export/bone_subxyz_subx.n26c100.max.bbk...
building...0.125687 seconds
init... 0.200301 seconds
solving... 0.274075 seconds
total: 0.600063 seconds, maxflow: 64037
Maximum memory usage: 1022.01 MB
Average memory usage: 632.08 MB

Errors from C++ program:
EIBFS new:

Emissions: 3.1165167770497585e-05 kg CO2e

Additional Metrics:
CO2eRate (kg/s): 3.096810557903401e-05
CPU Energy (kWh): 3.876737768054861e-05
RAM Energy (kWh): 5.268132086020501e-05
Total Energy (kWh): 9.14486985407536e-05
Country: Italy
CPU Count: 8
Output from C++ program:
reading data/export/bone_subxyz_subx.n26c100.max.bbk...
building...0.129146 seconds
init... 0.00133705 seconds
solving... 0.982736 seconds
total: 1.11322 seconds, maxflow: 64037
Maximum memory usage: 605.09 MB
Average memory usage: 509.649 MB

Errors from C++ program:
EIBFS new2:

Emissions: 4.635030527819831e-05 kg CO2e

Additional Metrics:
CO2eRate (kg/s): 3.0752542380776e-05
CPU Energy (kWh): 5.709108261728324e-05
RAM Energy (kWh): 7.891572876495446e-05
Total Energy (kWh): 0.0001360068113822
Country: Italy
CPU Count: 8
Output from C++ program:
reading data/export/bone_subxyz_subx.n26c10.max.bbk...
building... 0.272515 seconds
solving... 1.3419 seconds
total: 1.61442 seconds, maxflow: 5798
Maximum memory usage: 1098.92 MB
Average memory usage: 884.397 MB

Errors from C++ program:
BK:

Emissions: 6.48499816654044e-05 kg CO2e

Additional Metrics:
CO2eRate (kg/s): 3.077217037149656e-05
CPU Energy (kWh): 7.993694228283776e-05
RAM Energy (kWh): 0.000110353912795
Total Energy (kWh): 0.0001902908550778
Country: Italy
CPU Count: 8
Output from C++ program:
reading data/export/bone_subxyz_subx.n26c10.max.bbk...
building... 0.193213 seconds
solving... 0.898763 seconds
total: 1.09198 seconds, maxflow: 5798
Maximum memory usage: 600.105 MB
Average memory usage: 501.333 MB

Errors from C++ program:
MBK:

Emissions: 4.614532207350799e-05 kg CO2e

Additional Metrics:
CO2eRate (kg/s): 3.0623631899397324e-05
CPU Energy (kWh): 5.650897770714813e-05
RAM Energy (kWh): 7.889634654594317e-05
Total Energy (kWh): 0.000135405324253
Country: Italy
CPU Count: 8
Output from C++ program:
reading data/export/bone_subxyz_subx.n26c10.max.bbk...
building... 0.199078 seconds
init... 0.390291 seconds
solving... 0.298957 seconds
total: 0.888326 seconds, maxflow: 5798
Maximum memory usage: 941.211 MB
Average memory usage: 644.346 MB

Errors from C++ program:
MBK2:

Emissions: 4.034817866178961e-05 kg CO2e

Additional Metrics:
CO2eRate (kg/s): 3.0873093132688065e-05
CPU Energy (kWh): 4.997225969999297e-05
RAM Energy (kWh): 6.842236773414498e-05
Total Energy (kWh): 0.0001183946274341
Country: Italy
CPU Count: 8
Output from C++ program:
reading data/export/bone_subxyz_subx.n26c10.max.bbk...
building...0.36204 seconds
init... 0.185211 seconds
solving... 0.255784 seconds
total: 0.803035 seconds, maxflow: 5798
Maximum memory usage: 1209.59 MB
Average memory usage: 805.059 MB

Errors from C++ program:
EIBFS old:

Emissions: 3.7369607792726705e-05 kg CO2e

Additional Metrics:
CO2eRate (kg/s): 3.096786149245752e-05
CPU Energy (kWh): 4.6479054405426656e-05
RAM Energy (kWh): 6.317548115777782e-05
Total Energy (kWh): 0.0001096545355632
Country: Italy
CPU Count: 8
Output from C++ program:
reading data/export/bone_subxyz_subx.n26c10.max.bbk...
building...0.125409 seconds
init... 0.198799 seconds
solving... 0.251959 seconds
total: 0.576167 seconds, maxflow: 5798
Maximum memory usage: 1021.96 MB
Average memory usage: 634.84 MB

Errors from C++ program:
EIBFS new:

Emissions: 3.126459125732204e-05 kg CO2e

Additional Metrics:
CO2eRate (kg/s): 3.106144016796665e-05
CPU Energy (kWh): 3.9049664573048704e-05
RAM Energy (kWh): 5.269077468739027e-05
Total Energy (kWh): 9.174043926043898e-05
Country: Italy
CPU Count: 8
Output from C++ program:
reading data/export/bone_subxyz_subx.n26c10.max.bbk...
building...0.128539 seconds
init... 0.00132287 seconds
solving... 0.92431 seconds
total: 1.05417 seconds, maxflow: 5798
Maximum memory usage: 604.766 MB
Average memory usage: 510.362 MB

Errors from C++ program:
EIBFS new2:

Emissions: 4.615971408583806e-05 kg CO2e

Additional Metrics:
CO2eRate (kg/s): 3.0631821027112635e-05
CPU Energy (kWh): 5.654783662711882e-05
RAM Energy (kWh): 7.889971845260107e-05
Total Energy (kWh): 0.0001354475550797
Country: Italy
CPU Count: 8
Output from C++ program:
reading data/export/bone_subxyz_subx.n6c100.max.bbk...
building... 0.0755902 seconds
solving... 0.289749 seconds
total: 0.365339 seconds, maxflow: 56552
Maximum memory usage: 274 MB
Average memory usage: 204.055 MB

Errors from C++ program:
BK:

Emissions: 1.5568723578824744e-05 kg CO2e

Additional Metrics:
CO2eRate (kg/s): 3.075293864128391e-05
CPU Energy (kWh): 1.9199574804090732e-05
RAM Energy (kWh): 2.6484103837037763e-05
Total Energy (kWh): 4.56836786411285e-05
Country: Italy
CPU Count: 8
Output from C++ program:
reading data/export/bone_subxyz_subx.n6c100.max.bbk...
building... 0.0496635 seconds
solving... 0.187513 seconds
total: 0.237177 seconds, maxflow: 56552
Maximum memory usage: 149.734 MB
Average memory usage: 125.816 MB

Errors from C++ program:
MBK:

Emissions: 1.2489055415763965e-05 kg CO2e

Additional Metrics:
CO2eRate (kg/s): 3.071092932453787e-05
CPU Energy (kWh): 1.5378221191450492e-05
RAM Energy (kWh): 2.126871336656393e-05
Total Energy (kWh): 3.664693455801442e-05
Country: Italy
CPU Count: 8
Output from C++ program:
reading data/export/bone_subxyz_subx.n6c100.max.bbk...
building... 0.0504329 seconds
init... 0.0630101 seconds
solving... 0.131899 seconds
total: 0.245342 seconds, maxflow: 56552
Maximum memory usage: 228.645 MB
Average memory usage: 166.05 MB

Errors from C++ program:
MBK2:

Emissions: 1.248975357500333e-05 kg CO2e

Additional Metrics:
CO2eRate (kg/s): 3.071558139905751e-05
CPU Energy (kWh): 1.5381493694066606e-05
RAM Energy (kWh): 2.126748948933255e-05
Total Energy (kWh): 3.664898318339916e-05
Country: Italy
CPU Count: 8
Output from C++ program:
reading data/export/bone_subxyz_subx.n6c100.max.bbk...
building...0.100018 seconds
init... 0.0404363 seconds
solving... 0.0878556 seconds
total: 0.22831 seconds, maxflow: 56552
Maximum memory usage: 309.082 MB
Average memory usage: 213.084 MB

Errors from C++ program:
EIBFS old:

Emissions: 1.2518756921820123e-05 kg CO2e

Additional Metrics:
CO2eRate (kg/s): 3.079199957789756e-05
CPU Energy (kWh): 1.547099487678172e-05
RAM Energy (kWh): 2.1263093522134115e-05
Total Energy (kWh): 3.673408839891584e-05
Country: Italy
CPU Count: 8
Output from C++ program:
reading data/export/bone_subxyz_subx.n6c100.max.bbk...
building...0.0357872 seconds
init... 0.0530301 seconds
solving... 0.0876089 seconds
total: 0.176426 seconds, maxflow: 56552
Maximum memory usage: 252.777 MB
Average memory usage: 159.471 MB

Errors from C++ program:
EIBFS new:

Emissions: 9.495338439403292e-06 kg CO2e

Additional Metrics:
CO2eRate (kg/s): 3.0895354175517725e-05
CPU Energy (kWh): 1.1797074715436118e-05
RAM Energy (kWh): 1.606532438608355e-05
Total Energy (kWh): 2.7862399101519667e-05
Country: Italy
CPU Count: 8
Output from C++ program:
reading data/export/bone_subxyz_subx.n6c100.max.bbk...
building...0.0353267 seconds
init... 0.001225 seconds
solving... 0.136228 seconds
total: 0.172779 seconds, maxflow: 56552
Maximum memory usage: 154.496 MB
Average memory usage: 125.99 MB

Errors from C++ program:
EIBFS new2:

Emissions: 9.472066110770482e-06 kg CO2e

Additional Metrics:
CO2eRate (kg/s): 3.077148420958515e-05
CPU Energy (kWh): 1.170470825265224e-05
RAM Energy (kWh): 1.6089402297329514e-05
Total Energy (kWh): 2.7794110549981755e-05
Country: Italy
CPU Count: 8
Output from C++ program:
reading data/export/bone_subxyz_subx.n6c10.max.bbk...
building... 0.0757409 seconds
solving... 0.25223 seconds
total: 0.327971 seconds, maxflow: 5044
Maximum memory usage: 273.949 MB
Average memory usage: 204.688 MB

Errors from C++ program:
BK:

Emissions: 1.559783934771419e-05 kg CO2e

Additional Metrics:
CO2eRate (kg/s): 3.080266111439516e-05
CPU Energy (kWh): 1.9277479310853e-05
RAM Energy (kWh): 2.649163442857372e-05
Total Energy (kWh): 4.576911373942672e-05
Country: Italy
CPU Count: 8
Output from C++ program:
reading data/export/bone_subxyz_subx.n6c10.max.bbk...
building... 0.0496921 seconds
solving... 0.148978 seconds
total: 0.19867 seconds, maxflow: 5044
Maximum memory usage: 149.891 MB
Average memory usage: 120.512 MB

Errors from C++ program:
MBK:

Emissions: 9.474155658565198e-06 kg CO2e

Additional Metrics:
CO2eRate (kg/s): 3.0898219138778346e-05
CPU Energy (kWh): 1.1772270806703622e-05
RAM Energy (kWh): 1.6027971153440036e-05
Total Energy (kWh): 2.7800241960143658e-05
Country: Italy
CPU Count: 8
Output from C++ program:
reading data/export/bone_subxyz_subx.n6c10.max.bbk...
building... 0.0502003 seconds
init... 0.0628455 seconds
solving... 0.0955252 seconds
total: 0.208571 seconds, maxflow: 5044
Maximum memory usage: 228.684 MB
Average memory usage: 148.088 MB

Errors from C++ program:
MBK2:

Emissions: 9.489779668034663e-06 kg CO2e

Additional Metrics:
CO2eRate (kg/s): 3.092738662496432e-05
CPU Energy (kWh): 1.1807264168037236e-05
RAM Energy (kWh): 1.6038823697461172e-05
Total Energy (kWh): 2.7846087865498406e-05
Country: Italy
CPU Count: 8
Output from C++ program:
reading data/export/bone_subxyz_subx.n6c10.max.bbk...
building...0.100671 seconds
init... 0.0407402 seconds
solving... 0.0756381 seconds
total: 0.21705 seconds, maxflow: 5044
Maximum memory usage: 309.004 MB
Average memory usage: 216.234 MB

Errors from C++ program:
EIBFS old:

Emissions: 1.2514841051278229e-05 kg CO2e

Additional Metrics:
CO2eRate (kg/s): 3.081348433189404e-05
CPU Energy (kWh): 1.5480522662189578e-05
RAM Energy (kWh): 2.12420753039666e-05
Total Energy (kWh): 3.672259796615618e-05
Country: Italy
CPU Count: 8
Output from C++ program:
reading data/export/bone_subxyz_subx.n6c10.max.bbk...
building...0.0363157 seconds
init... 0.053798 seconds
solving... 0.0780551 seconds
total: 0.168169 seconds, maxflow: 5044
Maximum memory usage: 252.75 MB
Average memory usage: 162.723 MB

Errors from C++ program:
EIBFS new:

Emissions: 9.500903762278521e-06 kg CO2e

Additional Metrics:
CO2eRate (kg/s): 3.099974690757711e-05
CPU Energy (kWh): 1.1858363931138705e-05
RAM Energy (kWh): 1.602036563064502e-05
Total Energy (kWh): 2.7878729561783724e-05
Country: Italy
CPU Count: 8
Output from C++ program:
reading data/export/bone_subxyz_subx.n6c10.max.bbk...
building...0.0353487 seconds
init... 0.00128608 seconds
solving... 0.120607 seconds
total: 0.157241 seconds, maxflow: 5044
Maximum memory usage: 154.293 MB
Average memory usage: 129.377 MB

Errors from C++ program:
EIBFS new2:

Emissions: 9.376950593400154e-06 kg CO2e

Additional Metrics:
CO2eRate (kg/s): 3.054908766363088e-05
CPU Energy (kWh): 1.1470604732027878e-05
RAM Energy (kWh): 1.6044406076261454e-05
Total Energy (kWh): 2.751501080828933e-05
Country: Italy
CPU Count: 8
Output from C++ program:
reading data/export/bone_subxyz_subxy.n26c100.max.bbk...
building... 0.14095 seconds
solving... 0.729246 seconds
total: 0.870196 seconds, maxflow: 38410
Maximum memory usage: 551.609 MB
Average memory usage: 440.74 MB

Errors from C++ program:
BK:

Emissions: 3.715225275657792e-05 kg CO2e

Additional Metrics:
CO2eRate (kg/s): 3.0785217111769255e-05
CPU Energy (kWh): 4.5836880836133687e-05
RAM Energy (kWh): 6.317986463643309e-05
Total Energy (kWh): 0.0001090167454725
Country: Italy
CPU Count: 8
Output from C++ program:
reading data/export/bone_subxyz_subxy.n26c100.max.bbk...
building... 0.0995928 seconds
solving... 0.446407 seconds
total: 0.546 seconds, maxflow: 38410
Maximum memory usage: 301.949 MB
Average memory usage: 248.882 MB

Errors from C++ program:
MBK:

Emissions: 2.4801897218445964e-05 kg CO2e

Additional Metrics:
CO2eRate (kg/s): 3.075370907211986e-05
CPU Energy (kWh): 3.056619973071384e-05
RAM Energy (kWh): 4.221060155817611e-05
Total Energy (kWh): 7.277680128888996e-05
Country: Italy
CPU Count: 8
Output from C++ program:
reading data/export/bone_subxyz_subxy.n26c100.max.bbk...
building... 0.101899 seconds
init... 0.184934 seconds
solving... 0.186374 seconds
total: 0.473207 seconds, maxflow: 38410
Maximum memory usage: 472.699 MB
Average memory usage: 321.9 MB

Errors from C++ program:
MBK2:

Emissions: 2.1835572486448062e-05 kg CO2e

Additional Metrics:
CO2eRate (kg/s): 3.091109448298618e-05
CPU Energy (kWh): 2.71040205720996e-05
RAM Energy (kWh): 3.696862297927766e-05
Total Energy (kWh): 6.407264355137726e-05
Country: Italy
CPU Count: 8
Output from C++ program:
reading data/export/bone_subxyz_subxy.n26c100.max.bbk...
building...0.185329 seconds
init... 0.085961 seconds
solving... 0.141348 seconds
total: 0.412638 seconds, maxflow: 38410
Maximum memory usage: 606.734 MB
Average memory usage: 413.809 MB

Errors from C++ program:
EIBFS old:

Emissions: 2.1718703133258016e-05 kg CO2e

Additional Metrics:
CO2eRate (kg/s): 3.074142782835007e-05
CPU Energy (kWh): 2.6757104183441904e-05
RAM Energy (kWh): 3.697260682455124e-05
Total Energy (kWh): 6.372971100799315e-05
Country: Italy
CPU Count: 8
Output from C++ program:
reading data/export/bone_subxyz_subxy.n26c100.max.bbk...
building...0.0651566 seconds
init... 0.0989807 seconds
solving... 0.137413 seconds
total: 0.301551 seconds, maxflow: 38410
Maximum memory usage: 512.559 MB
Average memory usage: 297.066 MB

Errors from C++ program:
EIBFS new:

Emissions: 1.56501501879344e-05 kg CO2e

Additional Metrics:
CO2eRate (kg/s): 3.091287820623377e-05
CPU Energy (kWh): 1.94390188845428e-05
RAM Energy (kWh): 2.648359180676749e-05
Total Energy (kWh): 4.59226106913103e-05
Country: Italy
CPU Count: 8
Output from C++ program:
reading data/export/bone_subxyz_subxy.n26c100.max.bbk...
building...0.0660618 seconds
init... 0.000650187 seconds
solving... 0.442777 seconds
total: 0.509489 seconds, maxflow: 38410
Maximum memory usage: 304.91 MB
Average memory usage: 247.126 MB

Errors from C++ program:
EIBFS new2:

Emissions: 2.1661264259735982e-05 kg CO2e

Additional Metrics:
CO2eRate (kg/s): 3.0669814419242346e-05
CPU Energy (kWh): 2.659888794577514e-05
RAM Energy (kWh): 3.696227879934355e-05
Total Energy (kWh): 6.35611667451187e-05
Country: Italy
CPU Count: 8
Output from C++ program:
reading data/export/bone_subxyz_subxy.n26c10.max.bbk...
building... 0.140296 seconds
solving... 0.648713 seconds
total: 0.789009 seconds, maxflow: 3502
Maximum memory usage: 551.578 MB
Average memory usage: 425.187 MB

Errors from C++ program:
BK:

Emissions: 3.100893677508008e-05 kg CO2e

Additional Metrics:
CO2eRate (kg/s): 3.080406857930322e-05
CPU Energy (kWh): 3.829498313595581e-05
RAM Energy (kWh): 5.2695283051477306e-05
Total Energy (kWh): 9.099026618743312e-05
Country: Italy
CPU Count: 8
Output from C++ program:
reading data/export/bone_subxyz_subxy.n26c10.max.bbk...
building... 0.0979648 seconds
solving... 0.406594 seconds
total: 0.504558 seconds, maxflow: 3502
Maximum memory usage: 301.949 MB
Average memory usage: 241.721 MB

Errors from C++ program:
MBK:

Emissions: 2.1652519117102253e-05 kg CO2e

Additional Metrics:
CO2eRate (kg/s): 3.065256900848943e-05
CPU Energy (kWh): 2.6568743477201066e-05
RAM Energy (kWh): 3.696676218634423e-05
Total Energy (kWh): 6.353550566354529e-05
Country: Italy
CPU Count: 8
Output from C++ program:
reading data/export/bone_subxyz_subxy.n26c10.max.bbk...
building... 0.100036 seconds
init... 0.182441 seconds
solving... 0.151527 seconds
total: 0.434004 seconds, maxflow: 3502
Maximum memory usage: 472.59 MB
Average memory usage: 323.801 MB

Errors from C++ program:
MBK2:

Emissions: 2.1835252390169457e-05 kg CO2e

Additional Metrics:
CO2eRate (kg/s): 3.0904216120059736e-05
CPU Energy (kWh): 2.7095713065444785e-05
RAM Energy (kWh): 3.697599121975231e-05
Total Energy (kWh): 6.407170428519709e-05
Country: Italy
CPU Count: 8
Output from C++ program:
reading data/export/bone_subxyz_subxy.n26c10.max.bbk...
building...0.184708 seconds
init... 0.085251 seconds
solving... 0.116315 seconds
total: 0.386275 seconds, maxflow: 3502
Maximum memory usage: 606.758 MB
Average memory usage: 382.744 MB

Errors from C++ program:
EIBFS old:

Emissions: 1.8791424035511196e-05 kg CO2e

Additional Metrics:
CO2eRate (kg/s): 3.0979007193933176e-05
CPU Energy (kWh): 2.340066816496067e-05
RAM Energy (kWh): 3.173945764567918e-05
Total Energy (kWh): 5.514012581063985e-05
Country: Italy
CPU Count: 8
Output from C++ program:
reading data/export/bone_subxyz_subxy.n26c10.max.bbk...
building...0.0636947 seconds
init... 0.099385 seconds
solving... 0.11456 seconds
total: 0.27764 seconds, maxflow: 3502
Maximum memory usage: 512.855 MB
Average memory usage: 300.336 MB

Errors from C++ program:
EIBFS new:

Emissions: 1.5643900977593072e-05 kg CO2e

Additional Metrics:
CO2eRate (kg/s): 3.090274657025113e-05
CPU Energy (kWh): 1.942131859260232e-05
RAM Energy (kWh): 2.6482954891065445e-05
Total Energy (kWh): 4.5904273483667766e-05
Country: Italy
CPU Count: 8
Output from C++ program:
reading data/export/bone_subxyz_subxy.n26c10.max.bbk...
building...0.0655018 seconds
init... 0.000624374 seconds
solving... 0.379657 seconds
total: 0.445783 seconds, maxflow: 3502
Maximum memory usage: 304.953 MB
Average memory usage: 247.717 MB

Errors from C++ program:
EIBFS new2:

Emissions: 2.1664681786275397e-05 kg CO2e

Additional Metrics:
CO2eRate (kg/s): 3.0672841231305746e-05
CPU Energy (kWh): 2.6606568229670117e-05
RAM Energy (kWh): 3.69646266454609e-05
Total Energy (kWh): 6.357119487513101e-05
Country: Italy
CPU Count: 8
Output from C++ program:
reading data/export/bone_subxyz_subxy.n6c100.max.bbk...
building... 0.0380243 seconds
solving... 0.114274 seconds
total: 0.152298 seconds, maxflow: 32461
Maximum memory usage: 138.762 MB
Average memory usage: 122.29 MB

Errors from C++ program:
BK:

Emissions: 9.403732317245017e-06 kg CO2e

Additional Metrics:
CO2eRate (kg/s): 3.072689048923568e-05
CPU Energy (kWh): 1.1596472610495012e-05
RAM Energy (kWh): 1.5997124451791933e-05
Total Energy (kWh): 2.7593597062286945e-05
Country: Italy
CPU Count: 8
Output from C++ program:
reading data/export/bone_subxyz_subxy.n6c100.max.bbk...
building... 0.024551 seconds
solving... 0.0762323 seconds
total: 0.100783 seconds, maxflow: 32461
Maximum memory usage: 89.4023 MB
Average memory usage: 89.4023 MB

Errors from C++ program:
MBK:

Emissions: 6.353178953219377e-06 kg CO2e

Additional Metrics:
CO2eRate (kg/s): 3.076627599098024e-05
CPU Energy (kWh): 7.859602121004783e-06
RAM Energy (kWh): 1.0782683110599578e-05
Total Energy (kWh): 1.8642285231604363e-05
Country: Italy
CPU Count: 8
Output from C++ program:
reading data/export/bone_subxyz_subxy.n6c100.max.bbk...
building... 0.0251523 seconds
init... 0.0307159 seconds
solving... 0.0571873 seconds
total: 0.113055 seconds, maxflow: 32461
Maximum memory usage: 116.148 MB
Average memory usage: 102.764 MB

Errors from C++ program:
MBK2:

Emissions: 6.376183898236999e-06 kg CO2e

Additional Metrics:
CO2eRate (kg/s): 3.089783690286423e-05
CPU Energy (kWh): 7.934386903066248e-06
RAM Energy (kWh): 1.0775402289927173e-05
Total Energy (kWh): 1.870978919299342e-05
Country: Italy
CPU Count: 8
Output from C++ program:
reading data/export/bone_subxyz_subxy.n6c100.max.bbk...
building...0.0508508 seconds
init... 0.0196543 seconds
solving... 0.0383699 seconds
total: 0.108875 seconds, maxflow: 32461
Maximum memory usage: 156.547 MB
Average memory usage: 122.912 MB

Errors from C++ program:
EIBFS old:

Emissions: 6.341341401790245e-06 kg CO2e

Additional Metrics:
CO2eRate (kg/s): 3.077753354821119e-05
CPU Energy (kWh): 7.8488698901924e-06
RAM Energy (kWh): 1.0758680130612676e-05
Total Energy (kWh): 1.8607550020805075e-05
Country: Italy
CPU Count: 8
Output from C++ program:
reading data/export/bone_subxyz_subxy.n6c100.max.bbk...
building...0.017899 seconds
init... 0.026014 seconds
solving... 0.0384778 seconds
total: 0.0823907 seconds, maxflow: 32461
Maximum memory usage: 128.559 MB
Average memory usage: 108.938 MB

Errors from C++ program:
EIBFS new:

Emissions: 6.344510696418982e-06 kg CO2e

Additional Metrics:
CO2eRate (kg/s): 3.067468025644791e-05
CPU Energy (kWh): 7.815521252410584e-06
RAM Energy (kWh): 1.0801328505563393e-05
Total Energy (kWh): 1.861684975797397e-05
Country: Italy
CPU Count: 8
Output from C++ program:
reading data/export/bone_subxyz_subxy.n6c100.max.bbk...
building...0.0176036 seconds
init... 0.000564193 seconds
solving... 0.058704 seconds
total: 0.0768718 seconds, maxflow: 32461
Maximum memory usage: 89.2852 MB
Average memory usage: 89.2852 MB

Errors from C++ program:
EIBFS new2:

Emissions: 6.336015430271837e-06 kg CO2e

Additional Metrics:
CO2eRate (kg/s): 3.068411544685464e-05
CPU Energy (kWh): 7.808976524956157e-06
RAM Energy (kWh): 1.0782945370006303e-05
Total Energy (kWh): 1.859192189496246e-05
Country: Italy
CPU Count: 8
Output from C++ program:
reading data/export/bone_subxyz_subxy.n6c10.max.bbk...
building... 0.0380385 seconds
solving... 0.100291 seconds
total: 0.138329 seconds, maxflow: 2891
Maximum memory usage: 138.711 MB
Average memory usage: 114.014 MB

Errors from C++ program:
BK:

Emissions: 6.347209816162326e-06 kg CO2e

Additional Metrics:
CO2eRate (kg/s): 3.080968786652314e-05
CPU Energy (kWh): 7.867401016131703e-06
RAM Energy (kWh): 1.075736883357905e-05
Total Energy (kWh): 1.8624769849710757e-05
Country: Italy
CPU Count: 8
Output from C++ program:
reading data/export/bone_subxyz_subxy.n6c10.max.bbk...
building... 0.024555 seconds
solving... 0.0610575 seconds
total: 0.0856125 seconds, maxflow: 2891
Maximum memory usage: 89.3594 MB
Average memory usage: 89.3594 MB

Errors from C++ program:
MBK:

Emissions: 6.343894529654028e-06 kg CO2e

Additional Metrics:
CO2eRate (kg/s): 3.075725253993278e-05
CPU Energy (kWh): 7.844597386785779e-06
RAM Energy (kWh): 1.0770444338285757e-05
Total Energy (kWh): 1.8615041725071532e-05
Country: Italy
CPU Count: 8
Output from C++ program:
reading data/export/bone_subxyz_subxy.n6c10.max.bbk...
building... 0.0251881 seconds
init... 0.0309021 seconds
solving... 0.0422925 seconds
total: 0.0983828 seconds, maxflow: 2891
Maximum memory usage: 116.203 MB
Average memory usage: 102.803 MB

Errors from C++ program:
MBK2:

Emissions: 6.343621566696492e-06 kg CO2e

Additional Metrics:
CO2eRate (kg/s): 3.072630755513832e-05
CPU Energy (kWh): 7.833068766449625e-06
RAM Energy (kWh): 1.0781171996875115e-05
Total Energy (kWh): 1.861424076332474e-05
Country: Italy
CPU Count: 8
Output from C++ program:
reading data/export/bone_subxyz_subxy.n6c10.max.bbk...
building...0.0505572 seconds
init... 0.0193601 seconds
solving... 0.0337655 seconds
total: 0.103683 seconds, maxflow: 2891
Maximum memory usage: 156.246 MB
Average memory usage: 122.766 MB

Errors from C++ program:
EIBFS old:

Emissions: 6.307266216274656e-06 kg CO2e

Additional Metrics:
CO2eRate (kg/s): 3.0608644046796664e-05
CPU Energy (kWh): 7.747008975378389e-06
RAM Energy (kWh): 1.076055341208928e-05
Total Energy (kWh): 1.8507562387467668e-05
Country: Italy
CPU Count: 8
Output from C++ program:
reading data/export/bone_subxyz_subxy.n6c10.max.bbk...
building...0.0178017 seconds
init... 0.0260177 seconds
solving... 0.0340741 seconds
total: 0.0778935 seconds, maxflow: 2891
Maximum memory usage: 128.473 MB
Average memory usage: 108.889 MB

Errors from C++ program:
EIBFS new:

Emissions: 6.317454870758771e-06 kg CO2e

Additional Metrics:
CO2eRate (kg/s): 3.057297956739253e-05
CPU Energy (kWh): 7.746483697182449e-06
RAM Energy (kWh): 1.079097550326935e-05
Total Energy (kWh): 1.85374592004518e-05
Country: Italy
CPU Count: 8
Output from C++ program:
reading data/export/bone_subxyz_subxy.n6c10.max.bbk...
building...0.0174579 seconds
init... 0.000596001 seconds
solving... 0.0531324 seconds
total: 0.0711863 seconds, maxflow: 2891
Maximum memory usage: 89.25 MB
Average memory usage: 89.25 MB

Errors from C++ program:
EIBFS new2:

Emissions: 6.303737648713285e-06 kg CO2e

Additional Metrics:
CO2eRate (kg/s): 3.053171331713823e-05
CPU Energy (kWh): 7.71571172812624e-06
RAM Energy (kWh): 1.0781496698997728e-05
Total Energy (kWh): 1.8497208427123968e-05
Country: Italy
CPU Count: 8
Output from C++ program:
reading data/export/cells.sd3.bq...
building... 3.27703 seconds
solving... 92.7215 seconds
total: 95.9985 seconds, maxflow: -2013420026
Maximum memory usage: 10341.8 MB
Average memory usage: 9915.6 MB

Errors from C++ program:
BK:

Emissions: 0.0030842509866016465 kg CO2e

Additional Metrics:
CO2eRate (kg/s): 3.0542265547943924e-05
CPU Energy (kWh): 0.0037608251036576
RAM Energy (kWh): 0.0052893664683818
Total Energy (kWh): 0.0090501915720395
Country: Italy
CPU Count: 8
Output from C++ program:
reading data/export/cells.sd3.bq...
building... 2.21316 seconds
solving... 70.2056 seconds
total: 72.4188 seconds, maxflow: -2013420026
Maximum memory usage: 5696.13 MB
Average memory usage: 5570.54 MB

Errors from C++ program:
MBK:

Emissions: 0.002351808155964396 kg CO2e

Additional Metrics:
CO2eRate (kg/s): 3.064173421855087e-05
CPU Energy (kWh): 0.0028808207524325
RAM Energy (kWh): 0.0040201462715303
Total Energy (kWh): 0.0069009670239628
Country: Italy
CPU Count: 8
Output from C++ program:
reading data/export/cells.sd3.bq...
building... 2.28398 seconds
init... 5.88388 seconds
solving... 40.8833 seconds
total: 49.0512 seconds, maxflow: -2013420026
Maximum memory usage: 8716.18 MB
Average memory usage: 8049.29 MB

Errors from C++ program:
MBK2:

Emissions: 0.001643991842158139 kg CO2e

Additional Metrics:
CO2eRate (kg/s): 3.075939309738592e-05
CPU Energy (kWh): 0.0020245379101845
RAM Energy (kWh): 0.0027994667441172
Total Energy (kWh): 0.0048240046543018
Country: Italy
CPU Count: 8
Output from C++ program:
reading data/export/cells.sd3.bq...
building...4.02412 seconds
init... 3.38803 seconds
solving... 30.9362 seconds
total: 38.3484 seconds, maxflow: -2013420026
Maximum memory usage: 11562.6 MB
Average memory usage: 10520 MB

Errors from C++ program:
EIBFS old:

Emissions: 0.0013217104925670443 kg CO2e

Additional Metrics:
CO2eRate (kg/s): 3.085399671218623e-05
CPU Energy (kWh): 0.0016345521768073
RAM Energy (kWh): 0.0022437745911728
Total Energy (kWh): 0.0038783267679802
Country: Italy
CPU Count: 8
Output from C++ program:
reading data/export/cells.sd3.bq...
building...1.71263 seconds
init... 2.64069 seconds
solving... 31.0837 seconds
total: 35.437 seconds, maxflow: -2013420026
Maximum memory usage: 9568.55 MB
Average memory usage: 8661.95 MB

Errors from C++ program:
EIBFS new:

Emissions: 0.001230466894051936 kg CO2e

Additional Metrics:
CO2eRate (kg/s): 3.081079948991751e-05
CPU Energy (kWh): 0.0015187911025319
RAM Energy (kWh): 0.0020917973880281
Total Energy (kWh): 0.00361058849056
Country: Italy
CPU Count: 8
Output from C++ program:
reading data/export/cells.sd3.bq...
building...1.64609 seconds
init... 0.0733338 seconds
solving... 70.7752 seconds
total: 72.4946 seconds, maxflow: -2013420026
Maximum memory usage: 5957.68 MB
Average memory usage: 5814.04 MB

Errors from C++ program:
EIBFS new2:

Emissions: 0.0023582303490195865 kg CO2e

Additional Metrics:
CO2eRate (kg/s): 3.068015976571859e-05
CPU Energy (kWh): 0.0028937410074909
RAM Energy (kWh): 0.0040260708114365
Total Energy (kWh): 0.0069198118189275
Country: Italy
CPU Count: 8
Output from C++ program:
reading data/export/cells.sd2.bq...
building... 0.764839 seconds
solving... 17.3094 seconds
total: 18.0743 seconds, maxflow: -906632774
Maximum memory usage: 2606.77 MB
Average memory usage: 2462.96 MB

Errors from C++ program:
BK:

Emissions: 0.0005926183149723872 kg CO2e

Additional Metrics:
CO2eRate (kg/s): 3.067691581020102e-05
CPU Energy (kWh): 0.0007271003641798
RAM Energy (kWh): 0.0010118337572318
Total Energy (kWh): 0.0017389341214117
Country: Italy
CPU Count: 8
Output from C++ program:
reading data/export/cells.sd2.bq...
building... 0.508111 seconds
solving... 12.8758 seconds
total: 13.3839 seconds, maxflow: -906632774
Maximum memory usage: 1436.61 MB
Average memory usage: 1391.36 MB

Errors from C++ program:
MBK:

Emissions: 0.000445741291606296 kg CO2e

Additional Metrics:
CO2eRate (kg/s): 3.070825850145421e-05
CPU Energy (kWh): 0.0005476578461814
RAM Energy (kWh): 0.0007602915062316
Total Energy (kWh): 0.0013079493524131
Country: Italy
CPU Count: 8
Output from C++ program:
reading data/export/cells.sd2.bq...
building... 0.521179 seconds
init... 1.39116 seconds
solving... 7.84291 seconds
total: 9.75525 seconds, maxflow: -906632774
Maximum memory usage: 2196.23 MB
Average memory usage: 1991.23 MB

Errors from C++ program:
MBK2:

Emissions: 0.0003361826241151176 kg CO2e

Additional Metrics:
CO2eRate (kg/s): 3.0802526558257155e-05
CPU Energy (kWh): 0.000414811247682
RAM Energy (kWh): 0.0005716574815652
Total Energy (kWh): 0.0009864687292473
Country: Italy
CPU Count: 8
Output from C++ program:
reading data/export/cells.sd2.bq...
building...0.958524 seconds
init... 0.800317 seconds
solving... 4.49815 seconds
total: 6.25699 seconds, maxflow: -906632774
Maximum memory usage: 2915.42 MB
Average memory usage: 2528.05 MB

Errors from C++ program:
EIBFS old:

Emissions: 0.0002291994078644163 kg CO2e

Additional Metrics:
CO2eRate (kg/s): 3.09289283829912e-05
CPU Energy (kWh): 0.0002844097472498
RAM Energy (kWh): 0.0003881355671172
Total Energy (kWh): 0.000672545314367
Country: Italy
CPU Count: 8
Output from C++ program:
reading data/export/cells.sd2.bq...
building...0.382002 seconds
init... 0.626103 seconds
solving... 4.44803 seconds
total: 5.45614 seconds, maxflow: -906632774
Maximum memory usage: 2411.26 MB
Average memory usage: 2067.03 MB

Errors from C++ program:
EIBFS new:

Emissions: 0.00020455665928922594 kg CO2e

Additional Metrics:
CO2eRate (kg/s): 3.094140900906917e-05
CPU Energy (kWh): 0.0002539743995682
RAM Energy (kWh): 0.0003462611071872
Total Energy (kWh): 0.0006002355067554
Country: Italy
CPU Count: 8
Output from C++ program:
reading data/export/cells.sd2.bq...
building...0.357403 seconds
init... 0.0197599 seconds
solving... 11.7464 seconds
total: 12.1236 seconds, maxflow: -906632774
Maximum memory usage: 1502.99 MB
Average memory usage: 1447 MB

Errors from C++ program:
EIBFS new2:

Emissions: 0.00040572748581137516 kg CO2e

Additional Metrics:
CO2eRate (kg/s): 3.069938759141014e-05
CPU Energy (kWh): 0.0004983007180846
RAM Energy (kWh): 0.0006922351652095
Total Energy (kWh): 0.0011905358832942
Country: Italy
CPU Count: 8
Output from C++ program:
reading data/export/graph3x3.txt.bbk...
building... 0.000900643 seconds
solving... 0.00725802 seconds
total: 0.00815866 seconds, maxflow: 5668675
Maximum memory usage: 89.2891 MB
Average memory usage: 89.2891 MB

Errors from C++ program:
BK:

Emissions: 3.2176146002361468e-06 kg CO2e

Additional Metrics:
CO2eRate (kg/s): 3.0433521454038184e-05
CPU Energy (kWh): 3.935150092559958e-06
RAM Energy (kWh): 5.506373526506536e-06
Total Energy (kWh): 9.441523619066497e-06
Country: Italy
CPU Count: 8
Output from C++ program:
reading data/export/graph3x3.txt.bbk...
building... 0.00063949 seconds
solving... 0.00812745 seconds
total: 0.00876694 seconds, maxflow: 5668675
Maximum memory usage: 89.3477 MB
Average memory usage: 89.3477 MB

Errors from C++ program:
MBK:

Emissions: 3.210658989291797e-06 kg CO2e

Additional Metrics:
CO2eRate (kg/s): 3.0339202641850977e-05
CPU Energy (kWh): 3.909295071876512e-06
RAM Energy (kWh): 5.51181853133187e-06
Total Energy (kWh): 9.421113603208382e-06
Country: Italy
CPU Count: 8
Output from C++ program:
reading data/export/graph3x3.txt.bbk...
building... 0.00065577 seconds
init... 0.000915949 seconds
solving... 0.0062269 seconds
total: 0.00779862 seconds, maxflow: 5668675
Maximum memory usage: 89.4297 MB
Average memory usage: 89.4297 MB

Errors from C++ program:
MBK2:

Emissions: 3.223804909838746e-06 kg CO2e

Additional Metrics:
CO2eRate (kg/s): 3.048093665492876e-05
CPU Energy (kWh): 3.951103994211114e-06
RAM Energy (kWh): 5.50858399864893e-06
Total Energy (kWh): 9.459687992860043e-06
Country: Italy
CPU Count: 8
Output from C++ program:
reading data/export/graph3x3.txt.bbk...
building...0.00114751 seconds
init... 0.000242389 seconds
solving... 0.00171931 seconds
total: 0.00310921 seconds, maxflow: 5668675
Maximum memory usage: 89.3281 MB
Average memory usage: 89.3281 MB

Errors from C++ program:
EIBFS old:

Emissions: 3.2241154348949996e-06 kg CO2e

Additional Metrics:
CO2eRate (kg/s): 3.044077882986297e-05
CPU Energy (kWh): 3.946645101757934e-06
RAM Energy (kWh): 5.5139540722152e-06
Total Energy (kWh): 9.460599173973132e-06
Country: Italy
CPU Count: 8
Output from C++ program:
reading data/export/graph3x3.txt.bbk...
building...0.000378226 seconds
init... 0.000586311 seconds
solving... 0.00192067 seconds
total: 0.00288521 seconds, maxflow: 5668675
Maximum memory usage: 89.332 MB
Average memory usage: 89.332 MB

Errors from C++ program:
EIBFS new:

Emissions: 3.220014787614731e-06 kg CO2e

Additional Metrics:
CO2eRate (kg/s): 3.038434744913704e-05
CPU Energy (kWh): 3.928130920278355e-06
RAM Energy (kWh): 5.520435626124254e-06
Total Energy (kWh): 9.44856654640261e-06
Country: Italy
CPU Count: 8
Output from C++ program:
reading data/export/graph3x3.txt.bbk...
building...0.000395848 seconds
init... 6.758e-06 seconds
solving... 0.00473511 seconds
total: 0.00513771 seconds, maxflow: 5668675
Maximum memory usage: 89.3008 MB
Average memory usage: 89.3008 MB

Errors from C++ program:
EIBFS new2:

Emissions: 3.2249536644731332e-06 kg CO2e

Additional Metrics:
CO2eRate (kg/s): 3.04920042891988e-05
CPU Energy (kWh): 3.953850385301355e-06
RAM Energy (kWh): 5.509208425807799e-06
Total Energy (kWh): 9.463058811109154e-06
Country: Italy
CPU Count: 8
Output from C++ program:
reading data/export/graph5x5.txt.bbk...
building... 0.00286886 seconds
solving... 0.0724472 seconds
total: 0.0753161 seconds, maxflow: 6849322
Maximum memory usage: 89.4023 MB
Average memory usage: 89.4023 MB

Errors from C++ program:
BK:

Emissions: 3.240850671829308e-06 kg CO2e

Additional Metrics:
CO2eRate (kg/s): 3.0595824561664615e-05
CPU Energy (kWh): 3.993828472839689e-06
RAM Energy (kWh): 5.515877307864514e-06
Total Energy (kWh): 9.509705780704205e-06
Country: Italy
CPU Count: 8
Output from C++ program:
reading data/export/graph5x5.txt.bbk...
building... 0.00198935 seconds
solving... 0.0702953 seconds
total: 0.0722846 seconds, maxflow: 6849322
Maximum memory usage: 89.293 MB
Average memory usage: 89.293 MB

Errors from C++ program:
MBK:

Emissions: 3.2375329291280475e-06 kg CO2e

Additional Metrics:
CO2eRate (kg/s): 3.059266614573488e-05
CPU Energy (kWh): 3.989488191587232e-06
RAM Energy (kWh): 5.510482257211891e-06
Total Energy (kWh): 9.49997044879912e-06
Country: Italy
CPU Count: 8
Output from C++ program:
reading data/export/graph5x5.txt.bbk...
building... 0.00195967 seconds
init... 0.00351018 seconds
solving... 0.0451366 seconds
total: 0.0506064 seconds, maxflow: 6849322
Maximum memory usage: 89.3828 MB
Average memory usage: 89.3828 MB

Errors from C++ program:
MBK2:

Emissions: 3.241753300454656e-06 kg CO2e

Additional Metrics:
CO2eRate (kg/s): 3.065333281130412e-05
CPU Energy (kWh): 4.005543759989794e-06
RAM Energy (kWh): 5.506810625517744e-06
Total Energy (kWh): 9.51235438550754e-06
Country: Italy
CPU Count: 8
Output from C++ program:
reading data/export/graph5x5.txt.bbk...
building...0.00357684 seconds
init... 0.000859206 seconds
solving... 0.00429139 seconds
total: 0.00872744 seconds, maxflow: 6849322
Maximum memory usage: 89.3984 MB
Average memory usage: 89.3984 MB

Errors from C++ program:
EIBFS old:

Emissions: 3.2140081370322324e-06 kg CO2e

Additional Metrics:
CO2eRate (kg/s): 3.030850782568982e-05
CPU Energy (kWh): 3.909718683327984e-06
RAM Energy (kWh): 5.521222404344428e-06
Total Energy (kWh): 9.430941087672411e-06
Country: Italy
CPU Count: 8
Output from C++ program:
reading data/export/graph5x5.txt.bbk...
building...0.00107054 seconds
init... 0.0019418 seconds
solving... 0.00484449 seconds
total: 0.00785683 seconds, maxflow: 6849322
Maximum memory usage: 89.4102 MB
Average memory usage: 89.4102 MB

Errors from C++ program:
EIBFS new:

Emissions: 3.195994837437047e-06 kg CO2e

Additional Metrics:
CO2eRate (kg/s): 3.0201381832817525e-05
CPU Energy (kWh): 3.870012262673084e-06
RAM Energy (kWh): 5.508071968378658e-06
Total Energy (kWh): 9.378084231051742e-06
Country: Italy
CPU Count: 8
Output from C++ program:
reading data/export/graph5x5.txt.bbk...
building...0.00117521 seconds
init... 8.622e-06 seconds
solving... 0.0205531 seconds
total: 0.0217369 seconds, maxflow: 6849322
Maximum memory usage: 89.2734 MB
Average memory usage: 89.2734 MB

Errors from C++ program:
EIBFS new2:

Emissions: 3.237664324492856e-06 kg CO2e

Additional Metrics:
CO2eRate (kg/s): 3.0555358260062155e-05
CPU Energy (kWh): 3.981706240916566e-06
RAM Energy (kWh): 5.51864976444989e-06
Total Energy (kWh): 9.500356005366456e-06
Country: Italy
CPU Count: 8
