Loading python/3.11.6--gcc--8.5.0
  Loading requirement: bzip2/1.0.8-gp5wcz5 libmd/1.0.4-wja3f5q
    libbsd/0.11.7-cgxjopl expat/2.5.0-bptl3xw ncurses/6.4-asx3jea
    readline/8.2-nyw6mp6 gdbm/1.23-fs6otck libiconv/1.17-d7yvx2s
    xz/5.4.1-hubmwr5 zlib-ng/2.1.4-6htiapk libxml2/2.10.3-5eeeokp
    pigz/2.7-bopr5vp zstd/1.5.5-gawytfl tar/1.34-amqus5s gettext/0.22.3-2g7elif
    libffi/3.4.4-6r7brdq libxcrypt/4.4.35-ss2rzin sqlite/3.43.2
    util-linux-uuid/2.38.1-jkdi7kv
Output from C++ program:
reading data/export/deeplogismos.1.bbk...
building... 0.179058 seconds
solving... 0.321562 seconds
total: 0.50062 seconds, maxflow: 264187
Maximum memory usage: 531.441 MB
Average memory usage: 385.757 MB

Errors from C++ program:
BK:

Emissions: 2.1028960677242532e-05 kg CO2e

Additional Metrics:
CO2eRate (kg/s): 2.9032973419061444e-05
CPU Energy (kWh): 2.378768125235048e-05
RAM Energy (kWh): 3.791810193996668e-05
Total Energy (kWh): 6.170578319231716e-05
Country: Italy
CPU Count: 8
Output from C++ program:
reading data/export/deeplogismos.1.bbk...
building... 0.125632 seconds
solving... 0.232483 seconds
total: 0.358115 seconds, maxflow: 264187
Maximum memory usage: 294.895 MB
Average memory usage: 231.623 MB

Errors from C++ program:
MBK:

Emissions: 1.4622078430510475e-05 kg CO2e

Additional Metrics:
CO2eRate (kg/s): 2.890069486205898e-05
CPU Energy (kWh): 1.642582008509058e-05
RAM Energy (kWh): 2.648009501467783e-05
Total Energy (kWh): 4.290591509976841e-05
Country: Italy
CPU Count: 8
Output from C++ program:
reading data/export/deeplogismos.1.bbk...
building... 0.130158 seconds
init... 0.310532 seconds
solving... 0.0449492 seconds
total: 0.485639 seconds, maxflow: 264187
Maximum memory usage: 446.98 MB
Average memory usage: 301.809 MB

Errors from C++ program:
MBK2:

Emissions: 1.7567380946008143e-05 kg CO2e

Additional Metrics:
CO2eRate (kg/s): 2.8989216886161957e-05
CPU Energy (kWh): 1.982710002833288e-05
RAM Energy (kWh): 3.172128681535611e-05
Total Energy (kWh): 5.154838684368899e-05
Country: Italy
CPU Count: 8
Output from C++ program:
reading data/export/deeplogismos.1.bbk...
building...0.211243 seconds
init... 0.164324 seconds
solving... 0.0625445 seconds
total: 0.438112 seconds, maxflow: 264187
Maximum memory usage: 595.957 MB
Average memory usage: 435.359 MB

Errors from C++ program:
EIBFS old:

Emissions: 1.8223302644723174e-05 kg CO2e

Additional Metrics:
CO2eRate (kg/s): 3.007668937781321e-05
CPU Energy (kWh): 2.1757469072625213e-05
RAM Energy (kWh): 3.1715604528210406e-05
Total Energy (kWh): 5.347307360083562e-05
Country: Italy
CPU Count: 8
Output from C++ program:
reading data/export/deeplogismos.1.bbk...
building...0.0907144 seconds
init... 0.132077 seconds
solving... 0.0585077 seconds
total: 0.281299 seconds, maxflow: 264187
Maximum memory usage: 491.719 MB
Average memory usage: 300.54 MB

Errors from C++ program:
EIBFS new:

Emissions: 1.1820005159207766e-05 kg CO2e

Additional Metrics:
CO2eRate (kg/s): 2.9133662329793987e-05
CPU Energy (kWh): 1.34534132627262e-05
RAM Energy (kWh): 2.123031109629352e-05
Total Energy (kWh): 3.468372435901972e-05
Country: Italy
CPU Count: 8
Output from C++ program:
reading data/export/deeplogismos.1.bbk...
building...0.0899995 seconds
init... 0.00306785 seconds
solving... 0.22756 seconds
total: 0.320627 seconds, maxflow: 264187
Maximum memory usage: 305.781 MB
Average memory usage: 241.348 MB

Errors from C++ program:
EIBFS new2:

Emissions: 1.4616080969620745e-05 kg CO2e

Additional Metrics:
CO2eRate (kg/s): 2.8879872313348808e-05
CPU Energy (kWh): 1.6399592008560504e-05
RAM Energy (kWh): 2.648872459801339e-05
Total Energy (kWh): 4.28883166065739e-05
Country: Italy
CPU Count: 8
Output from C++ program:
reading data/export/deeplogismos.2.bbk...
building... 0.110852 seconds
solving... 0.181387 seconds
total: 0.292239 seconds, maxflow: 26363
Maximum memory usage: 334.781 MB
Average memory usage: 229.296 MB

Errors from C++ program:
BK:

Emissions: 1.1840576525354012e-05 kg CO2e

Additional Metrics:
CO2eRate (kg/s): 2.9168425212435384e-05
CPU Energy (kWh): 1.350222441288268e-05
RAM Energy (kWh): 2.1241862998732587e-05
Total Energy (kWh): 3.4744087411615264e-05
Country: Italy
CPU Count: 8
Output from C++ program:
reading data/export/deeplogismos.2.bbk...
building... 0.0749016 seconds
solving... 0.122916 seconds
total: 0.197817 seconds, maxflow: 26363
Maximum memory usage: 186.562 MB
Average memory usage: 145.582 MB

Errors from C++ program:
MBK:

Emissions: 8.882911084085024e-06 kg CO2e

Additional Metrics:
CO2eRate (kg/s): 2.9063609742484523e-05
CPU Energy (kWh): 1.007753083979296e-05
RAM Energy (kWh): 1.5987807998581618e-05
Total Energy (kWh): 2.6065338838374576e-05
Country: Italy
CPU Count: 8
Output from C++ program:
reading data/export/deeplogismos.2.bbk...
building... 0.0772916 seconds
init... 0.183616 seconds
solving... 0.0205293 seconds
total: 0.281437 seconds, maxflow: 26363
Maximum memory usage: 281.984 MB
Average memory usage: 194.712 MB

Errors from C++ program:
MBK2:

Emissions: 1.1737409335290931e-05 kg CO2e

Additional Metrics:
CO2eRate (kg/s): 2.8905350264654925e-05
CPU Energy (kWh): 1.3193878610651131e-05
RAM Energy (kWh): 2.1247482843162403e-05
Total Energy (kWh): 3.444136145381354e-05
Country: Italy
CPU Count: 8
Output from C++ program:
reading data/export/deeplogismos.2.bbk...
building...0.128764 seconds
init... 0.0986583 seconds
solving... 0.0225029 seconds
total: 0.249925 seconds, maxflow: 26363
Maximum memory usage: 375.309 MB
Average memory usage: 273.997 MB

Errors from C++ program:
EIBFS old:

Emissions: 1.1770218906166188e-05 kg CO2e

Additional Metrics:
CO2eRate (kg/s): 2.900597314849586e-05
CPU Energy (kWh): 1.3303402864935088e-05
RAM Energy (kWh): 2.1234232498851213e-05
Total Energy (kWh): 3.45376353637863e-05
Country: Italy
CPU Count: 8
Output from C++ program:
reading data/export/deeplogismos.2.bbk...
building...0.0555484 seconds
init... 0.0803924 seconds
solving... 0.019628 seconds
total: 0.155569 seconds, maxflow: 26363
Maximum memory usage: 310.188 MB
Average memory usage: 197.676 MB

Errors from C++ program:
EIBFS new:

Emissions: 8.848548035233606e-06 kg CO2e

Additional Metrics:
CO2eRate (kg/s): 2.894072617011148e-05
CPU Energy (kWh): 9.970329365151244e-06
RAM Energy (kWh): 1.5994177155602074e-05
Total Energy (kWh): 2.596450652075332e-05
Country: Italy
CPU Count: 8
Output from C++ program:
reading data/export/deeplogismos.2.bbk...
building...0.0537527 seconds
init... 0.00186036 seconds
solving... 0.122941 seconds
total: 0.178554 seconds, maxflow: 26363
Maximum memory usage: 192.074 MB
Average memory usage: 157.689 MB

Errors from C++ program:
EIBFS new2:

Emissions: 8.81679699662968e-06 kg CO2e

Additional Metrics:
CO2eRate (kg/s): 2.8839172663195173e-05
CPU Energy (kWh): 9.878997347632925e-06
RAM Energy (kWh): 1.5992341339755003e-05
Total Energy (kWh): 2.587133868738793e-05
Country: Italy
CPU Count: 8
Output from C++ program:
reading data/export/deeplogismos.3.bbk...
building... 0.159141 seconds
solving... 0.21159 seconds
total: 0.370731 seconds, maxflow: 13391
Maximum memory usage: 461.938 MB
Average memory usage: 298.038 MB

Errors from C++ program:
BK:

Emissions: 1.4782517771918402e-05 kg CO2e

Additional Metrics:
CO2eRate (kg/s): 2.920845911529477e-05
CPU Energy (kWh): 1.6893653792697527e-05
RAM Energy (kWh): 2.6483042310867687e-05
Total Energy (kWh): 4.337669610356521e-05
Country: Italy
CPU Count: 8
Output from C++ program:
reading data/export/deeplogismos.3.bbk...
building... 0.1102 seconds
solving... 0.142909 seconds
total: 0.253109 seconds, maxflow: 13391
Maximum memory usage: 256.301 MB
Average memory usage: 194.839 MB

Errors from C++ program:
MBK:

Emissions: 1.1749151395812552e-05 kg CO2e

Additional Metrics:
CO2eRate (kg/s): 2.8937274370741456e-05
CPU Energy (kWh): 1.3230431695446245e-05
RAM Energy (kWh): 2.124538476790861e-05
Total Energy (kWh): 3.447581646335485e-05
Country: Italy
CPU Count: 8
Output from C++ program:
reading data/export/deeplogismos.3.bbk...
building... 0.115692 seconds
init... 0.223667 seconds
solving... 0.0303659 seconds
total: 0.369724 seconds, maxflow: 13391
Maximum memory usage: 388.531 MB
Average memory usage: 258.035 MB

Errors from C++ program:
MBK2:

Emissions: 1.4722240331164563e-05 kg CO2e

Additional Metrics:
CO2eRate (kg/s): 2.908063164530925e-05
CPU Energy (kWh): 1.6704004474309142e-05
RAM Energy (kWh): 2.649581809053814e-05
Total Energy (kWh): 4.319982256484728e-05
Country: Italy
CPU Count: 8
Output from C++ program:
reading data/export/deeplogismos.3.bbk...
building...0.179743 seconds
init... 0.144227 seconds
solving... 0.032561 seconds
total: 0.356531 seconds, maxflow: 13391
Maximum memory usage: 517.887 MB
Average memory usage: 376.808 MB

Errors from C++ program:
EIBFS old:

Emissions: 1.47190221061018e-05 kg CO2e

Additional Metrics:
CO2eRate (kg/s): 2.9081054039251665e-05
CPU Energy (kWh): 1.670366530737155e-05
RAM Energy (kWh): 2.6486713942561835e-05
Total Energy (kWh): 4.319037924993339e-05
Country: Italy
CPU Count: 8
Output from C++ program:
reading data/export/deeplogismos.3.bbk...
building...0.0798379 seconds
init... 0.115725 seconds
solving... 0.0300453 seconds
total: 0.225609 seconds, maxflow: 13391
Maximum memory usage: 427.344 MB
Average memory usage: 286.116 MB

Errors from C++ program:
EIBFS new:

Emissions: 1.1759028433759491e-05 kg CO2e

Additional Metrics:
CO2eRate (kg/s): 2.897962181246756e-05
CPU Energy (kWh): 1.3271715339588376e-05
RAM Energy (kWh): 2.123308355287889e-05
Total Energy (kWh): 3.450479889246727e-05
Country: Italy
CPU Count: 8
Output from C++ program:
reading data/export/deeplogismos.3.bbk...
building...0.0782947 seconds
init... 0.00257978 seconds
solving... 0.141048 seconds
total: 0.221923 seconds, maxflow: 13391
Maximum memory usage: 264.004 MB
Average memory usage: 183.845 MB

Errors from C++ program:
EIBFS new2:

Emissions: 9.098025111106016e-06 kg CO2e

Additional Metrics:
CO2eRate (kg/s): 2.975826259533428e-05
CPU Energy (kWh): 1.0704648841487752e-05
RAM Energy (kWh): 1.5991904240743792e-05
Total Energy (kWh): 2.6696553082231543e-05
Country: Italy
CPU Count: 8
Output from C++ program:
reading data/export/deeplogismos.4.bbk...
building... 0.091941 seconds
solving... 0.163705 seconds
total: 0.255646 seconds, maxflow: 224997
Maximum memory usage: 279.855 MB
Average memory usage: 204.76 MB

Errors from C++ program:
BK:

Emissions: 1.2150403819088995e-05 kg CO2e

Additional Metrics:
CO2eRate (kg/s): 2.9949147313711557e-05
CPU Energy (kWh): 1.4423921539129247e-05
RAM Energy (kWh): 2.1229299524296156e-05
Total Energy (kWh): 3.56532210634254e-05
Country: Italy
CPU Count: 8
Output from C++ program:
reading data/export/deeplogismos.4.bbk...
building... 0.0613267 seconds
solving... 0.109176 seconds
total: 0.170503 seconds, maxflow: 224997
Maximum memory usage: 156.188 MB
Average memory usage: 133.432 MB

Errors from C++ program:
MBK:

Emissions: 9.082258245580135e-06 kg CO2e

Additional Metrics:
CO2eRate (kg/s): 2.9723774874117304e-05
CPU Energy (kWh): 1.0667400478357736e-05
RAM Energy (kWh): 1.5982887512569733e-05
Total Energy (kWh): 2.665028799092747e-05
Country: Italy
CPU Count: 8
Output from C++ program:
reading data/export/deeplogismos.4.bbk...
building... 0.0632994 seconds
init... 0.152252 seconds
solving... 0.0253765 seconds
total: 0.240928 seconds, maxflow: 224997
Maximum memory usage: 220.742 MB
Average memory usage: 156.854 MB

Errors from C++ program:
MBK2:

Emissions: 9.193536244589906e-06 kg CO2e

Additional Metrics:
CO2eRate (kg/s): 3.006857814287418e-05
CPU Energy (kWh): 1.0987444623286602e-05
RAM Energy (kWh): 1.5989369066478786e-05
Total Energy (kWh): 2.6976813689765388e-05
Country: Italy
CPU Count: 8
Output from C++ program:
reading data/export/deeplogismos.4.bbk...
building...0.107385 seconds
init... 0.0822695 seconds
solving... 0.0815872 seconds
total: 0.271241 seconds, maxflow: 224997
Maximum memory usage: 313.434 MB
Average memory usage: 244.624 MB

Errors from C++ program:
EIBFS old:

Emissions: 1.2047709892356377e-05 kg CO2e

Additional Metrics:
CO2eRate (kg/s): 2.968598908380224e-05
CPU Energy (kWh): 1.4115253514412895e-05
RAM Energy (kWh): 2.1236630299141267e-05
Total Energy (kWh): 3.535188381355416e-05
Country: Italy
CPU Count: 8
Output from C++ program:
reading data/export/deeplogismos.4.bbk...
building...0.0447304 seconds
init... 0.066213 seconds
solving... 0.0795354 seconds
total: 0.190479 seconds, maxflow: 224997
Maximum memory usage: 258.957 MB
Average memory usage: 189.156 MB

Errors from C++ program:
EIBFS new:

Emissions: 8.87004945855161e-06 kg CO2e

Additional Metrics:
CO2eRate (kg/s): 2.9007453806462137e-05
CPU Energy (kWh): 1.003116108047597e-05
RAM Energy (kWh): 1.599643758191718e-05
Total Energy (kWh): 2.602759866239315e-05
Country: Italy
CPU Count: 8
Output from C++ program:
reading data/export/deeplogismos.4.bbk...
building...0.0437214 seconds
init... 0.00148519 seconds
solving... 0.190876 seconds
total: 0.236082 seconds, maxflow: 224997
Maximum memory usage: 161.656 MB
Average memory usage: 137.154 MB

Errors from C++ program:
EIBFS new2:

Emissions: 8.851435784672802e-06 kg CO2e

Additional Metrics:
CO2eRate (kg/s): 2.8950035610799624e-05
CPU Energy (kWh): 9.979077705474236e-06
RAM Energy (kWh): 1.5993902407652175e-05
Total Energy (kWh): 2.597298011312641e-05
Country: Italy
CPU Count: 8
Output from C++ program:
reading data/export/deeplogismos.5.bbk...
building... 0.0720094 seconds
solving... 0.131269 seconds
total: 0.203278 seconds, maxflow: 95624
Maximum memory usage: 223.68 MB
Average memory usage: 162.665 MB

Errors from C++ program:
BK:

Emissions: 8.906352616854402e-06 kg CO2e

Additional Metrics:
CO2eRate (kg/s): 2.9109674488232826e-05
CPU Energy (kWh): 1.0130580326679628e-05
RAM Energy (kWh): 1.60035435629851e-05
Total Energy (kWh): 2.613412388966473e-05
Country: Italy
CPU Count: 8
Output from C++ program:
reading data/export/deeplogismos.5.bbk...
building... 0.0455597 seconds
solving... 0.0784502 seconds
total: 0.12401 seconds, maxflow: 95624
Maximum memory usage: 125.25 MB
Average memory usage: 107.217 MB

Errors from C++ program:
MBK:

Emissions: 5.9955048597725664e-06 kg CO2e

Additional Metrics:
CO2eRate (kg/s): 2.9144654893083035e-05
CPU Energy (kWh): 6.838519359696205e-06
RAM Energy (kWh): 1.0754234209241532e-05
Total Energy (kWh): 1.7592753568937736e-05
Country: Italy
CPU Count: 8
Output from C++ program:
reading data/export/deeplogismos.5.bbk...
building... 0.0480035 seconds
init... 0.11573 seconds
solving... 0.0173054 seconds
total: 0.181038 seconds, maxflow: 95624
Maximum memory usage: 188.508 MB
Average memory usage: 141.114 MB

Errors from C++ program:
MBK2:

Emissions: 8.800570976618481e-06 kg CO2e

Additional Metrics:
CO2eRate (kg/s): 2.8788814973252308e-05
CPU Energy (kWh): 9.832746199527063e-06
RAM Energy (kWh): 1.599098008854867e-05
Total Energy (kWh): 2.5823726288075732e-05
Country: Italy
CPU Count: 8
Output from C++ program:
reading data/export/deeplogismos.5.bbk...
building...0.0837083 seconds
init... 0.0633218 seconds
solving... 0.0255426 seconds
total: 0.172573 seconds, maxflow: 95624
Maximum memory usage: 250.977 MB
Average memory usage: 197.032 MB

Errors from C++ program:
EIBFS old:

Emissions: 8.8561166616379e-06 kg CO2e

Additional Metrics:
CO2eRate (kg/s): 2.8970812197824213e-05
CPU Energy (kWh): 9.996659386210529e-06
RAM Energy (kWh): 1.5990055936353542e-05
Total Energy (kWh): 2.598671532256407e-05
Country: Italy
CPU Count: 8
Output from C++ program:
reading data/export/deeplogismos.5.bbk...
building...0.0351138 seconds
init... 0.0526235 seconds
solving... 0.0237714 seconds
total: 0.111509 seconds, maxflow: 95624
Maximum memory usage: 207.281 MB
Average memory usage: 148.184 MB

Errors from C++ program:
EIBFS new:

Emissions: 5.9969389062364565e-06 kg CO2e

Additional Metrics:
CO2eRate (kg/s): 2.9155444225453444e-05
CPU Energy (kWh): 6.843826308396139e-06
RAM Energy (kWh): 1.0753135217441922e-05
Total Energy (kWh): 1.759696152583806e-05
Country: Italy
CPU Count: 8
Output from C++ program:
reading data/export/deeplogismos.5.bbk...
building...0.0338699 seconds
init... 0.00117679 seconds
solving... 0.0859697 seconds
total: 0.121016 seconds, maxflow: 95624
Maximum memory usage: 129.734 MB
Average memory usage: 109.438 MB

Errors from C++ program:
EIBFS new2:

Emissions: 5.944572201180384e-06 kg CO2e

Additional Metrics:
CO2eRate (kg/s): 2.8904470331620347e-05
CPU Energy (kWh): 6.69176396451282e-06
RAM Energy (kWh): 1.075153668391522e-05
Total Energy (kWh): 1.7443300648428037e-05
Country: Italy
CPU Count: 8
Output from C++ program:
reading data/export/deeplogismos.6.bbk...
building... 0.150233 seconds
solving... 0.254583 seconds
total: 0.404815 seconds, maxflow: 40694
Maximum memory usage: 442.738 MB
Average memory usage: 317.67 MB

Errors from C++ program:
BK:

Emissions: 1.7555291474230606e-05 kg CO2e

Additional Metrics:
CO2eRate (kg/s): 2.896712460778974e-05
CPU Energy (kWh): 1.978895305337902e-05
RAM Energy (kWh): 3.1723959363596066e-05
Total Energy (kWh): 5.151291241697509e-05
Country: Italy
CPU Count: 8
Output from C++ program:
reading data/export/deeplogismos.6.bbk...
building... 0.104621 seconds
solving... 0.158526 seconds
total: 0.263146 seconds, maxflow: 40694
Maximum memory usage: 245.641 MB
Average memory usage: 189.243 MB

Errors from C++ program:
MBK:

Emissions: 1.1747515959652127e-05 kg CO2e

Additional Metrics:
CO2eRate (kg/s): 2.8941012839574723e-05
CPU Energy (kWh): 1.3230465862143492e-05
RAM Energy (kWh): 2.1240551701698964e-05
Total Energy (kWh): 3.447101756384246e-05
Country: Italy
CPU Count: 8
Output from C++ program:
reading data/export/deeplogismos.6.bbk...
building... 0.10944 seconds
init... 0.245685 seconds
solving... 0.0311166 seconds
total: 0.386241 seconds, maxflow: 40694
Maximum memory usage: 372.477 MB
Average memory usage: 250.47 MB

Errors from C++ program:
MBK2:

Emissions: 1.46568852981108e-05 kg CO2e

Additional Metrics:
CO2eRate (kg/s): 2.896797577281507e-05
CPU Energy (kWh): 1.652715544393779e-05
RAM Energy (kWh): 2.6480894281441184e-05
Total Energy (kWh): 4.300804972537897e-05
Country: Italy
CPU Count: 8
Output from C++ program:
reading data/export/deeplogismos.6.bbk...
building...0.173144 seconds
init... 0.14039 seconds
solving... 0.0317651 seconds
total: 0.345298 seconds, maxflow: 40694
Maximum memory usage: 496.41 MB
Average memory usage: 364.242 MB

Errors from C++ program:
EIBFS old:

Emissions: 1.463475027314324e-05 kg CO2e

Additional Metrics:
CO2eRate (kg/s): 2.892883543479353e-05
CPU Energy (kWh): 1.6465950672749086e-05
RAM Energy (kWh): 2.647714771848797e-05
Total Energy (kWh): 4.294309839123706e-05
Country: Italy
CPU Count: 8
Output from C++ program:
reading data/export/deeplogismos.6.bbk...
building...0.0766714 seconds
init... 0.112832 seconds
solving... 0.0288046 seconds
total: 0.218308 seconds, maxflow: 40694
Maximum memory usage: 409.746 MB
Average memory usage: 232.805 MB

Errors from C++ program:
EIBFS new:

Emissions: 8.960508325318626e-06 kg CO2e

Additional Metrics:
CO2eRate (kg/s): 2.9272307322160623e-05
CPU Energy (kWh): 1.028009933518731e-05
RAM Energy (kWh): 1.6012934947454483e-05
Total Energy (kWh): 2.6293034282641796e-05
Country: Italy
CPU Count: 8
Output from C++ program:
reading data/export/deeplogismos.6.bbk...
building...0.0750099 seconds
init... 0.00246151 seconds
solving... 0.162303 seconds
total: 0.239775 seconds, maxflow: 40694
Maximum memory usage: 253.367 MB
Average memory usage: 198.494 MB

Errors from C++ program:
EIBFS new2:

Emissions: 1.1685693291455634e-05 kg CO2e

Additional Metrics:
CO2eRate (kg/s): 2.8804323300479216e-05
CPU Energy (kWh): 1.3061059615508686e-05
RAM Energy (kWh): 2.1228550211705516e-05
Total Energy (kWh): 3.4289609827214195e-05
Country: Italy
CPU Count: 8
Output from C++ program:
reading data/export/deeplogismos.7.bbk...
building... 0.219745 seconds
solving... 0.394193 seconds
total: 0.613938 seconds, maxflow: 234276
Maximum memory usage: 644.488 MB
Average memory usage: 463.597 MB

Errors from C++ program:
BK:

Emissions: 2.350223317708572e-05 kg CO2e

Additional Metrics:
CO2eRate (kg/s): 2.9148837829682764e-05
CPU Energy (kWh): 2.675067862274727e-05
RAM Energy (kWh): 4.221248732819589e-05
Total Energy (kWh): 6.896316595094316e-05
Country: Italy
CPU Count: 8
Output from C++ program:
reading data/export/deeplogismos.7.bbk...
building... 0.15592 seconds
solving... 0.273835 seconds
total: 0.429755 seconds, maxflow: 234276
Maximum memory usage: 356.703 MB
Average memory usage: 277.87 MB

Errors from C++ program:
MBK:

Emissions: 1.7534660827567412e-05 kg CO2e

Additional Metrics:
CO2eRate (kg/s): 2.8936281786116036e-05
CPU Energy (kWh): 1.97320377300636e-05
RAM Energy (kWh): 3.1720337686074634e-05
Total Energy (kWh): 5.145237541613824e-05
Country: Italy
CPU Count: 8
Output from C++ program:
reading data/export/deeplogismos.7.bbk...
building... 0.164983 seconds
init... 0.377365 seconds
solving... 0.0552181 seconds
total: 0.597566 seconds, maxflow: 234276
Maximum memory usage: 541.555 MB
Average memory usage: 382.271 MB

Errors from C++ program:
MBK2:

Emissions: 2.3302728386036604e-05 kg CO2e

Additional Metrics:
CO2eRate (kg/s): 2.8905366336215396e-05
CPU Energy (kWh): 2.6176643996851656e-05
RAM Energy (kWh): 4.220111026536131e-05
Total Energy (kWh): 6.837775426221296e-05
Country: Italy
CPU Count: 8
Output from C++ program:
reading data/export/deeplogismos.7.bbk...
building...0.251552 seconds
init... 0.208456 seconds
solving... 0.207692 seconds
total: 0.6677 seconds, maxflow: 234276
Maximum memory usage: 722.457 MB
Average memory usage: 554.863 MB

Errors from C++ program:
EIBFS old:

Emissions: 2.3485260760673043e-05 kg CO2e

Additional Metrics:
CO2eRate (kg/s): 2.912963097172893e-05
CPU Energy (kWh): 2.6704173029988565e-05
RAM Energy (kWh): 4.220919035279706e-05
Total Energy (kWh): 6.891336338278562e-05
Country: Italy
CPU Count: 8
Output from C++ program:
reading data/export/deeplogismos.7.bbk...
building...0.112479 seconds
init... 0.16476 seconds
solving... 0.217719 seconds
total: 0.494958 seconds, maxflow: 234276
Maximum memory usage: 595.871 MB
Average memory usage: 436.908 MB

Errors from C++ program:
EIBFS new:

Emissions: 2.0468180812624863e-05 kg CO2e

Additional Metrics:
CO2eRate (kg/s): 2.8992458784878668e-05
CPU Energy (kWh): 2.3102240704002408e-05
RAM Energy (kWh): 3.695803269466325e-05
Total Energy (kWh): 6.0060273398665656e-05
Country: Italy
CPU Count: 8
Output from C++ program:
reading data/export/deeplogismos.7.bbk...
building...0.111802 seconds
init... 0.00372437 seconds
solving... 0.323112 seconds
total: 0.438638 seconds, maxflow: 234276
Maximum memory usage: 369.965 MB
Average memory usage: 295.647 MB

Errors from C++ program:
EIBFS new2:

Emissions: 1.7545722054073845e-05 kg CO2e

Additional Metrics:
CO2eRate (kg/s): 2.894855579737065e-05
CPU Energy (kWh): 1.9758113306476977e-05
RAM Energy (kWh): 3.172671933163826e-05
Total Energy (kWh): 5.148483263811524e-05
Country: Italy
CPU Count: 8
Output from C++ program:
reading data/export/deeplogismos.8.bbk...
building... 0.148536 seconds
solving... 0.256083 seconds
total: 0.404619 seconds, maxflow: 100899
Maximum memory usage: 437.547 MB
Average memory usage: 314.003 MB

Errors from C++ program:
BK:

Emissions: 1.802077826018969e-05 kg CO2e

Additional Metrics:
CO2eRate (kg/s): 2.973638303683091e-05
CPU Energy (kWh): 2.115652803632434e-05
RAM Energy (kWh): 3.172227341026712e-05
Total Energy (kWh): 5.287880144659146e-05
Country: Italy
CPU Count: 8
Output from C++ program:
reading data/export/deeplogismos.8.bbk...
building... 0.104386 seconds
solving... 0.177705 seconds
total: 0.282092 seconds, maxflow: 100899
Maximum memory usage: 242.719 MB
Average memory usage: 187.358 MB

Errors from C++ program:
MBK:

Emissions: 1.1749878059929874e-05 kg CO2e

Additional Metrics:
CO2eRate (kg/s): 2.8942803081282947e-05
CPU Energy (kWh): 1.323957003609988e-05
RAM Energy (kWh): 2.12383786951861e-05
Total Energy (kWh): 3.447794873128598e-05
Country: Italy
CPU Count: 8
Output from C++ program:
reading data/export/deeplogismos.8.bbk...
building... 0.10613 seconds
init... 0.250174 seconds
solving... 0.0321661 seconds
total: 0.38847 seconds, maxflow: 100899
Maximum memory usage: 367.941 MB
Average memory usage: 248.913 MB

Errors from C++ program:
MBK2:

Emissions: 1.4649681251077006e-05 kg CO2e

Additional Metrics:
CO2eRate (kg/s): 2.8955838870534133e-05
CPU Energy (kWh): 1.6507115427909225e-05
RAM Energy (kWh): 2.647979528964157e-05
Total Energy (kWh): 4.29869107175508e-05
Country: Italy
CPU Count: 8
Output from C++ program:
reading data/export/deeplogismos.8.bbk...
building...0.169098 seconds
init... 0.137097 seconds
solving... 0.0360828 seconds
total: 0.342277 seconds, maxflow: 100899
Maximum memory usage: 490.316 MB
Average memory usage: 361.077 MB

Errors from C++ program:
EIBFS old:

Emissions: 1.4730059936456388e-05 kg CO2e

Additional Metrics:
CO2eRate (kg/s): 2.911627561089485e-05
CPU Energy (kWh): 1.674384672840229e-05
RAM Energy (kWh): 2.647892109161916e-05
Total Energy (kWh): 4.3222767820021445e-05
Country: Italy
CPU Count: 8
Output from C++ program:
reading data/export/deeplogismos.8.bbk...
building...0.0739423 seconds
init... 0.106869 seconds
solving... 0.0332469 seconds
total: 0.214059 seconds, maxflow: 100899
Maximum memory usage: 404.309 MB
Average memory usage: 231.919 MB

Errors from C++ program:
EIBFS new:

Emissions: 8.968331401317637e-06 kg CO2e

Additional Metrics:
CO2eRate (kg/s): 2.9340002971659225e-05
CPU Energy (kWh): 1.0326807983664088e-05
RAM Energy (kWh): 1.5989181738331126e-05
Total Energy (kWh): 2.631598972199521e-05
Country: Italy
CPU Count: 8
Output from C++ program:
reading data/export/deeplogismos.8.bbk...
building...0.0733498 seconds
init... 0.00239789 seconds
solving... 0.169268 seconds
total: 0.245015 seconds, maxflow: 100899
Maximum memory usage: 250.535 MB
Average memory usage: 197.655 MB

Errors from C++ program:
EIBFS new2:

Emissions: 1.1715937042176862e-05 kg CO2e

Additional Metrics:
CO2eRate (kg/s): 2.8843326090102205e-05
CPU Energy (kWh): 1.3123366332017106e-05
RAM Energy (kWh): 2.1254988457612e-05
Total Energy (kWh): 3.437835478962911e-05
Country: Italy
CPU Count: 8
