Loading python/3.11.6--gcc--8.5.0
  Loading requirement: bzip2/1.0.8-gp5wcz5 libmd/1.0.4-wja3f5q
    libbsd/0.11.7-cgxjopl expat/2.5.0-bptl3xw ncurses/6.4-asx3jea
    readline/8.2-nyw6mp6 gdbm/1.23-fs6otck libiconv/1.17-d7yvx2s
    xz/5.4.1-hubmwr5 zlib-ng/2.1.4-6htiapk libxml2/2.10.3-5eeeokp
    pigz/2.7-bopr5vp zstd/1.5.5-gawytfl tar/1.34-amqus5s gettext/0.22.3-2g7elif
    libffi/3.4.4-6r7brdq libxcrypt/4.4.35-ss2rzin sqlite/3.43.2
    util-linux-uuid/2.38.1-jkdi7kv
Output from C++ program:
reading data/export/babyface.n26c100.max.bbk...
building... 2.81068 seconds
solving... 118.073 seconds
total: 120.883 seconds, maxflow: 1990729
Maximum memory usage: 11281.9 MB
Average memory usage: 10975.5 MB

Errors from C++ program:
BK:

Emissions: 0.004410318740308137 kg CO2e

Additional Metrics:
CO2eRate (kg/s): 3.545666445685073e-05
CPU Energy (kWh): 0.0064261249439513
RAM Energy (kWh): 0.0065151790118346
Total Energy (kWh): 0.012941303955786
Country: Italy
CPU Count: 8
Output from C++ program:
reading data/export/babyface.n26c100.max.bbk...
building... 2.03372 seconds
solving... 113.31 seconds
total: 115.344 seconds, maxflow: 1990729
Maximum memory usage: 6140.2 MB
Average memory usage: 6033.57 MB

Errors from C++ program:
MBK:

Emissions: 0.004202699115481439 kg CO2e

Additional Metrics:
CO2eRate (kg/s): 3.543683636371007e-05
CPU Energy (kWh): 0.0061201282530431
RAM Energy (kWh): 0.0062119524628187
Total Energy (kWh): 0.0123320807158618
Country: Italy
CPU Count: 8
Output from C++ program:
reading data/export/babyface.n26c100.max.bbk...
building... 2.038 seconds
init... 4.73095 seconds
solving... 85.9638 seconds
total: 92.7327 seconds, maxflow: 1990729
Maximum memory usage: 9655.32 MB
Average memory usage: 9285.39 MB

Errors from C++ program:
MBK2:

Emissions: 0.0034153870663534962 kg CO2e

Additional Metrics:
CO2eRate (kg/s): 3.554676874377327e-05
CPU Energy (kWh): 0.0049892399438887
RAM Energy (kWh): 0.0050326121613522
Total Energy (kWh): 0.0100218521052409
Country: Italy
CPU Count: 8
Output from C++ program:
reading data/export/babyface.n26c100.max.bbk...
building...3.7301 seconds
init... 2.27629 seconds
solving... 23.4007 seconds
total: 29.4071 seconds, maxflow: 1990729
Maximum memory usage: 12417 MB
Average memory usage: 11111.6 MB

Errors from C++ program:
EIBFS old:

Emissions: 0.0011726205815314234 kg CO2e

Additional Metrics:
CO2eRate (kg/s): 3.594184960238064e-05
CPU Energy (kWh): 0.0017319925639262
RAM Energy (kWh): 0.0017088561057434
Total Energy (kWh): 0.0034408486696697
Country: Italy
CPU Count: 8
Output from C++ program:
reading data/export/babyface.n26c100.max.bbk...
building...1.35257 seconds
init... 2.22254 seconds
solving... 23.6576 seconds
total: 27.2327 seconds, maxflow: 1990729
Maximum memory usage: 10483.2 MB
Average memory usage: 9352.43 MB

Errors from C++ program:
EIBFS new:

Emissions: 0.0011033136023174206 kg CO2e

Additional Metrics:
CO2eRate (kg/s): 3.613574164415767e-05
CPU Energy (kWh): 0.0016382620906086
RAM Energy (kWh): 0.0015992174492818
Total Energy (kWh): 0.0032374795398904
Country: Italy
CPU Count: 8
Output from C++ program:
reading data/export/babyface.n26c100.max.bbk...
building...1.27865 seconds
init... 0.0142543 seconds
solving... 60.6244 seconds
total: 61.9173 seconds, maxflow: 1990729
Maximum memory usage: 6205.81 MB
Average memory usage: 6028.12 MB

Errors from C++ program:
EIBFS new2:

Emissions: 0.0023046815917610775 kg CO2e

Additional Metrics:
CO2eRate (kg/s): 3.542473912888696e-05
CPU Energy (kWh): 0.0033550189498463
RAM Energy (kWh): 0.0034076634675702
Total Energy (kWh): 0.0067626824174166
Country: Italy
CPU Count: 8
Output from C++ program:
reading data/export/babyface.n26c10.max.bbk...
building... 2.7541 seconds
solving... 85.0614 seconds
total: 87.8155 seconds, maxflow: 180946
Maximum memory usage: 11281.9 MB
Average memory usage: 10878.7 MB

Errors from C++ program:
BK:

Emissions: 0.0032191017073903345 kg CO2e

Additional Metrics:
CO2eRate (kg/s): 3.531239546762538e-05
CPU Energy (kWh): 0.0046710324112673
RAM Energy (kWh): 0.0047748548619543
Total Energy (kWh): 0.0094458872732217
Country: Italy
CPU Count: 8
Output from C++ program:
reading data/export/babyface.n26c10.max.bbk...
building... 1.96077 seconds
solving... 66.899 seconds
total: 68.8598 seconds, maxflow: 180946
Maximum memory usage: 6140.2 MB
Average memory usage: 5972.66 MB

Errors from C++ program:
MBK:

Emissions: 0.0025174620363178453 kg CO2e

Additional Metrics:
CO2eRate (kg/s): 3.4988215870622875e-05
CPU Energy (kWh): 0.0036183240149346
RAM Energy (kWh): 0.0037687251593989
Total Energy (kWh): 0.0073870491743336
Country: Italy
CPU Count: 8
Output from C++ program:
reading data/export/babyface.n26c10.max.bbk...
building... 2.0295 seconds
init... 4.82839 seconds
solving... 41.7794 seconds
total: 48.6373 seconds, maxflow: 180946
Maximum memory usage: 9655.37 MB
Average memory usage: 8984.18 MB

Errors from C++ program:
MBK2:

Emissions: 0.001839723006631857 kg CO2e

Additional Metrics:
CO2eRate (kg/s): 3.555956346090716e-05
CPU Energy (kWh): 0.0026884843260635
RAM Energy (kWh): 0.002709858974088
Total Energy (kWh): 0.0053983433001515
Country: Italy
CPU Count: 8
Output from C++ program:
reading data/export/babyface.n26c10.max.bbk...
building...3.70619 seconds
init... 2.19626 seconds
solving... 17.726 seconds
total: 23.6284 seconds, maxflow: 180946
Maximum memory usage: 12417 MB
Average memory usage: 10864.4 MB

Errors from C++ program:
EIBFS old:

Emissions: 0.0009491348950042883 kg CO2e

Additional Metrics:
CO2eRate (kg/s): 3.5247682799494574e-05
CPU Energy (kWh): 0.0013746455436044
RAM Energy (kWh): 0.0014104237211252
Total Energy (kWh): 0.0027850692647296
Country: Italy
CPU Count: 8
Output from C++ program:
reading data/export/babyface.n26c10.max.bbk...
building...1.30485 seconds
init... 2.1447 seconds
solving... 18.2375 seconds
total: 21.687 seconds, maxflow: 180946
Maximum memory usage: 10483.4 MB
Average memory usage: 9141.96 MB

Errors from C++ program:
EIBFS new:

Emissions: 0.0009041759871345311 kg CO2e

Additional Metrics:
CO2eRate (kg/s): 3.6428482887230525e-05
CPU Energy (kWh): 0.0013530926774732
RAM Energy (kWh): 0.0013000525866291
Total Energy (kWh): 0.0026531452641024
Country: Italy
CPU Count: 8
Output from C++ program:
reading data/export/babyface.n26c10.max.bbk...
building...1.26598 seconds
init... 0.0140307 seconds
solving... 52.0425 seconds
total: 53.3225 seconds, maxflow: 180946
Maximum memory usage: 6203.38 MB
Average memory usage: 6001.18 MB

Errors from C++ program:
EIBFS new2:

Emissions: 0.001985875795709674 kg CO2e

Additional Metrics:
CO2eRate (kg/s): 3.523943751334888e-05
CPU Energy (kWh): 0.0028754727089874
RAM Energy (kWh): 0.0029517302221371
Total Energy (kWh): 0.0058272029311245
Country: Italy
CPU Count: 8
Output from C++ program:
reading data/export/babyface.n6c100.max.bbk...
building... 0.717336 seconds
solving... 11.554 seconds
total: 12.2714 seconds, maxflow: 222943
Maximum memory usage: 2784.97 MB
Average memory usage: 2598.19 MB

Errors from C++ program:
BK:

Emissions: 0.00047710899034073294 kg CO2e

Additional Metrics:
CO2eRate (kg/s): 3.6106259479770633e-05
CPU Energy (kWh): 0.0007078698987954
RAM Energy (kWh): 0.0006921224436188
Total Energy (kWh): 0.0013999923424142
Country: Italy
CPU Count: 8
Output from C++ program:
reading data/export/babyface.n6c100.max.bbk...
building... 0.491996 seconds
solving... 9.43484 seconds
total: 9.92684 seconds, maxflow: 222943
Maximum memory usage: 1505.49 MB
Average memory usage: 1429.56 MB

Errors from C++ program:
MBK:

Emissions: 0.00038841023029226605 kg CO2e

Additional Metrics:
CO2eRate (kg/s): 3.6258504174391984e-05
CPU Energy (kWh): 0.0005786425093025
RAM Energy (kWh): 0.0005610789361814
Total Energy (kWh): 0.0011397214454839
Country: Italy
CPU Count: 8
Output from C++ program:
reading data/export/babyface.n6c100.max.bbk...
building... 0.488268 seconds
init... 0.685536 seconds
solving... 7.29987 seconds
total: 8.47368 seconds, maxflow: 222943
Maximum memory usage: 2316.73 MB
Average memory usage: 2104.58 MB

Errors from C++ program:
MBK2:

Emissions: 0.00030410961738958097 kg CO2e

Additional Metrics:
CO2eRate (kg/s): 3.2657948377401536e-05
CPU Energy (kWh): 0.0004046262614785
RAM Energy (kWh): 0.0004877298756294
Total Energy (kWh): 0.0008923561371079
Country: Italy
CPU Count: 8
Output from C++ program:
reading data/export/babyface.n6c100.max.bbk...
building...1.04693 seconds
init... 0.558345 seconds
solving... 4.67067 seconds
total: 6.27594 seconds, maxflow: 222943
Maximum memory usage: 3146.73 MB
Average memory usage: 2731.62 MB

Errors from C++ program:
EIBFS old:

Emissions: 0.0002674718776657034 kg CO2e

Additional Metrics:
CO2eRate (kg/s): 3.708614484658068e-05
CPU Energy (kWh): 0.0004071036906826
RAM Energy (kWh): 0.0003777454488728
Total Energy (kWh): 0.0007848491395555
Country: Italy
CPU Count: 8
Output from C++ program:
reading data/export/babyface.n6c100.max.bbk...
building...0.35602 seconds
init... 0.557947 seconds
solving... 4.39516 seconds
total: 5.30913 seconds, maxflow: 222943
Maximum memory usage: 2565.42 MB
Average memory usage: 2202.59 MB

Errors from C++ program:
EIBFS new:

Emissions: 0.00022380789208628808 kg CO2e

Additional Metrics:
CO2eRate (kg/s): 3.662902124652779e-05
CPU Energy (kWh): 0.0003367091885338
RAM Energy (kWh): 0.0003200156718988
Total Energy (kWh): 0.0006567248604326
Country: Italy
CPU Count: 8
Output from C++ program:
reading data/export/babyface.n6c100.max.bbk...
building...0.354966 seconds
init... 0.0149703 seconds
solving... 6.5177 seconds
total: 6.88764 seconds, maxflow: 222943
Maximum memory usage: 1565.22 MB
Average memory usage: 1450.85 MB

Errors from C++ program:
EIBFS new2:

Emissions: 0.00027816738922076327 kg CO2e

Additional Metrics:
CO2eRate (kg/s): 3.560302896106922e-05
CPU Energy (kWh): 0.0004070153089453
RAM Energy (kWh): 0.0004092179264425
Total Energy (kWh): 0.0008162332353878
Country: Italy
CPU Count: 8
Output from C++ program:
reading data/export/babyface.n6c10.max.bbk...
building... 0.711626 seconds
solving... 7.31572 seconds
total: 8.02735 seconds, maxflow: 19448
Maximum memory usage: 2785.04 MB
Average memory usage: 2512.58 MB

Errors from C++ program:
BK:

Emissions: 0.0003013196656384491 kg CO2e

Additional Metrics:
CO2eRate (kg/s): 3.381317213896453e-05
CPU Energy (kWh): 0.0004174237511609
RAM Energy (kWh): 0.0004667457636733
Total Energy (kWh): 0.0008841695148343
Country: Italy
CPU Count: 8
Output from C++ program:
reading data/export/babyface.n6c10.max.bbk...
building... 0.501404 seconds
solving... 5.46791 seconds
total: 5.96932 seconds, maxflow: 19448
Maximum memory usage: 1505.44 MB
Average memory usage: 1385.56 MB

Errors from C++ program:
MBK:

Emissions: 0.00024711366951195036 kg CO2e

Additional Metrics:
CO2eRate (kg/s): 3.6279895599372736e-05
CPU Energy (kWh): 0.0003683647113582
RAM Energy (kWh): 0.0003567468502067
Total Energy (kWh): 0.0007251115615649
Country: Italy
CPU Count: 8
Output from C++ program:
reading data/export/babyface.n6c10.max.bbk...
building... 0.502298 seconds
init... 0.698703 seconds
solving... 3.90914 seconds
total: 5.11014 seconds, maxflow: 19448
Maximum memory usage: 2316.76 MB
Average memory usage: 1980.65 MB

Errors from C++ program:
MBK2:

Emissions: 0.00021680541172686523 kg CO2e

Additional Metrics:
CO2eRate (kg/s): 3.668843779975024e-05
CPU Energy (kWh): 0.0003266769085635
RAM Energy (kWh): 0.0003095004059633
Total Energy (kWh): 0.0006361773145268
Country: Italy
CPU Count: 8
Output from C++ program:
reading data/export/babyface.n6c10.max.bbk...
building...0.994883 seconds
init... 0.55227 seconds
solving... 3.4073 seconds
total: 4.95445 seconds, maxflow: 19448
Maximum memory usage: 3147.08 MB
Average memory usage: 2652.01 MB

Errors from C++ program:
EIBFS old:

Emissions: 0.00021132783833593786 kg CO2e

Additional Metrics:
CO2eRate (kg/s): 3.637605995647781e-05
CPU Energy (kWh): 0.0003158339982225
RAM Energy (kWh): 0.0003042703414546
Total Energy (kWh): 0.0006201043396771
Country: Italy
CPU Count: 8
Output from C++ program:
reading data/export/babyface.n6c10.max.bbk...
building...0.353655 seconds
init... 0.559284 seconds
solving... 3.46226 seconds
total: 4.3752 seconds, maxflow: 19448
Maximum memory usage: 2565.22 MB
Average memory usage: 2145.47 MB

Errors from C++ program:
EIBFS new:

Emissions: 0.0001894224092008084 kg CO2e

Additional Metrics:
CO2eRate (kg/s): 3.6363854621349394e-05
CPU Energy (kWh): 0.0002830078569616
RAM Energy (kWh): 0.000272818857126
Total Energy (kWh): 0.0005558267140877
Country: Italy
CPU Count: 8
Output from C++ program:
reading data/export/babyface.n6c10.max.bbk...
building...0.33751 seconds
init... 0.0135593 seconds
solving... 5.66864 seconds
total: 6.01971 seconds, maxflow: 19448
Maximum memory usage: 1557.94 MB
Average memory usage: 1435.71 MB

Errors from C++ program:
EIBFS new2:

Emissions: 0.00024249470082165434 kg CO2e

Additional Metrics:
CO2eRate (kg/s): 3.5605622131190527e-05
CPU Energy (kWh): 0.0003548511616584
RAM Energy (kWh): 0.0003567068494029
Total Energy (kWh): 0.0007115580110613
Country: Italy
CPU Count: 8
