Loading python/3.11.6--gcc--8.5.0
  Loading requirement: bzip2/1.0.8-gp5wcz5 libmd/1.0.4-wja3f5q
    libbsd/0.11.7-cgxjopl expat/2.5.0-bptl3xw ncurses/6.4-asx3jea
    readline/8.2-nyw6mp6 gdbm/1.23-fs6otck libiconv/1.17-d7yvx2s
    xz/5.4.1-hubmwr5 zlib-ng/2.1.4-6htiapk libxml2/2.10.3-5eeeokp
    pigz/2.7-bopr5vp zstd/1.5.5-gawytfl tar/1.34-amqus5s gettext/0.22.3-2g7elif
    libffi/3.4.4-6r7brdq libxcrypt/4.4.35-ss2rzin sqlite/3.43.2
    util-linux-uuid/2.38.1-jkdi7kv
Output from C++ program:
reading data/export/bunny.segment.bbk...
building... 0.0140316 seconds
solving... 0.254998 seconds
total: 0.269029 seconds, maxflow: 2077158
Maximum memory usage: 89.3398 MB
Average memory usage: 89.3398 MB

Errors from C++ program:
BK:

Emissions: 1.2751966017711458e-05 kg CO2e

Additional Metrics:
CO2eRate (kg/s): 4.012773960521039e-05
CPU Energy (kWh): 2.0797234971114964e-05
RAM Energy (kWh): 1.662116446582189e-05
Total Energy (kWh): 3.7418399436936855e-05
Country: Italy
CPU Count: 8
Output from C++ program:
reading data/export/bunny.segment.bbk...
building... 0.00952313 seconds
solving... 0.197585 seconds
total: 0.207108 seconds, maxflow: 2077158
Maximum memory usage: 89.2383 MB
Average memory usage: 89.2383 MB

Errors from C++ program:
MBK:

Emissions: 1.2076699217074698e-05 kg CO2e

Additional Metrics:
CO2eRate (kg/s): 3.936019842210092e-05
CPU Energy (kWh): 1.9391530235432497e-05
RAM Energy (kWh): 1.604541764825882e-05
Total Energy (kWh): 3.5436947883691315e-05
Country: Italy
CPU Count: 8
Output from C++ program:
reading data/export/bunny.segment.bbk...
building... 0.00910513 seconds
init... 0.0108818 seconds
solving... 0.118627 seconds
total: 0.138614 seconds, maxflow: 2077158
Maximum memory usage: 89.4062 MB
Average memory usage: 89.4062 MB

Errors from C++ program:
MBK2:

Emissions: 8.212185311736932e-06 kg CO2e

Additional Metrics:
CO2eRate (kg/s): 3.960246426203209e-05
CPU Energy (kWh): 1.3261627553745605e-05
RAM Energy (kWh): 1.0835584579498914e-05
Total Energy (kWh): 2.409721213324452e-05
Country: Italy
CPU Count: 8
Output from C++ program:
reading data/export/bunny.segment.bbk...
building...0.0183683 seconds
init... 0.0145751 seconds
solving... 0.0718662 seconds
total: 0.10481 seconds, maxflow: 2077158
Maximum memory usage: 89.3281 MB
Average memory usage: 89.3281 MB

Errors from C++ program:
EIBFS old:

Emissions: 8.25942011576185e-06 kg CO2e

Additional Metrics:
CO2eRate (kg/s): 3.994543512362166e-05
CPU Energy (kWh): 1.3428541298377006e-05
RAM Energy (kWh): 1.0807273052115818e-05
Total Energy (kWh): 2.4235814350492826e-05
Country: Italy
CPU Count: 8
Output from C++ program:
reading data/export/bunny.segment.bbk...
building...0.00737618 seconds
init... 0.0131295 seconds
solving... 0.0780469 seconds
total: 0.0985526 seconds, maxflow: 2077158
Maximum memory usage: 89.2266 MB
Average memory usage: 89.2266 MB

Errors from C++ program:
EIBFS new:

Emissions: 8.240732310438622e-06 kg CO2e

Additional Metrics:
CO2eRate (kg/s): 3.980259594790117e-05
CPU Energy (kWh): 1.3361691244900008e-05
RAM Energy (kWh): 1.0819287030652448e-05
Total Energy (kWh): 2.4180978275552453e-05
Country: Italy
CPU Count: 8
Output from C++ program:
reading data/export/bunny.segment.bbk...
building...0.00708887 seconds
init... 0.000438814 seconds
solving... 0.138169 seconds
total: 0.145697 seconds, maxflow: 2077158
Maximum memory usage: 89.3789 MB
Average memory usage: 89.3789 MB

Errors from C++ program:
EIBFS new2:

Emissions: 8.280783264432796e-06 kg CO2e

Additional Metrics:
CO2eRate (kg/s): 3.996382691432469e-05
CPU Energy (kWh): 1.3467586885171996e-05
RAM Energy (kWh): 1.0830913864350575e-05
Total Energy (kWh): 2.4298500749522573e-05
Country: Italy
CPU Count: 8
Output from C++ program:
reading data/export/candle.segment.bbk...
building... 0.0266618 seconds
solving... 0.185972 seconds
total: 0.212634 seconds, maxflow: 1887550
Maximum memory usage: 89.3477 MB
Average memory usage: 89.3477 MB

Errors from C++ program:
BK:

Emissions: 1.2297588989415746e-05 kg CO2e

Additional Metrics:
CO2eRate (kg/s): 3.998464073676671e-05
CPU Energy (kWh): 1.999911711039206e-05
RAM Energy (kWh): 1.6085992925042093e-05
Total Energy (kWh): 3.608511003543415e-05
Country: Italy
CPU Count: 8
Output from C++ program:
reading data/export/candle.segment.bbk...
building... 0.0158462 seconds
solving... 0.165048 seconds
total: 0.180894 seconds, maxflow: 1887550
Maximum memory usage: 89.3555 MB
Average memory usage: 89.3555 MB

Errors from C++ program:
MBK:

Emissions: 8.33545907462404e-06 kg CO2e

Additional Metrics:
CO2eRate (kg/s): 4.022256021460182e-05
CPU Energy (kWh): 1.363077090460788e-05
RAM Energy (kWh): 1.0828166384851555e-05
Total Energy (kWh): 2.445893728945944e-05
Country: Italy
CPU Count: 8
Output from C++ program:
reading data/export/candle.segment.bbk...
building... 0.0167559 seconds
init... 0.0229422 seconds
solving... 0.0899041 seconds
total: 0.129602 seconds, maxflow: 1887550
Maximum memory usage: 89.2344 MB
Average memory usage: 89.2344 MB

Errors from C++ program:
MBK2:

Emissions: 8.267307465764368e-06 kg CO2e

Additional Metrics:
CO2eRate (kg/s): 3.985724144723286e-05
CPU Energy (kWh): 1.3420064347153896e-05
RAM Energy (kWh): 1.0838894043440916e-05
Total Energy (kWh): 2.425895839059481e-05
Country: Italy
CPU Count: 8
Output from C++ program:
reading data/export/candle.segment.bbk...
building...0.0342045 seconds
init... 0.0314507 seconds
solving... 0.0693457 seconds
total: 0.135001 seconds, maxflow: 1887550
Maximum memory usage: 90.875 MB
Average memory usage: 90.1172 MB

Errors from C++ program:
EIBFS old:

Emissions: 8.246585044461427e-06 kg CO2e

Additional Metrics:
CO2eRate (kg/s): 3.981935512792957e-05
CPU Energy (kWh): 1.337393208802602e-05
RAM Energy (kWh): 1.0824220005207508e-05
Total Energy (kWh): 2.419815209323353e-05
Country: Italy
CPU Count: 8
Output from C++ program:
reading data/export/candle.segment.bbk...
building...0.0133443 seconds
init... 0.0255996 seconds
solving... 0.0658327 seconds
total: 0.104777 seconds, maxflow: 1887550
Maximum memory usage: 89.2734 MB
Average memory usage: 89.2734 MB

Errors from C++ program:
EIBFS new:

Emissions: 8.21048401715335e-06 kg CO2e

Additional Metrics:
CO2eRate (kg/s): 3.9526908845688616e-05
CPU Energy (kWh): 1.3238264757270196e-05
RAM Energy (kWh): 1.0853955226512824e-05
Total Energy (kWh): 2.409221998378302e-05
Country: Italy
CPU Count: 8
Output from C++ program:
reading data/export/candle.segment.bbk...
building...0.0124351 seconds
init... 0.000724804 seconds
solving... 0.140189 seconds
total: 0.153348 seconds, maxflow: 1887550
Maximum memory usage: 89.2812 MB
Average memory usage: 89.2812 MB

Errors from C++ program:
EIBFS new2:

Emissions: 8.280310685292225e-06 kg CO2e

Additional Metrics:
CO2eRate (kg/s): 3.982042497332961e-05
CPU Energy (kWh): 1.3429558799193898e-05
RAM Energy (kWh): 1.0867555250032978e-05
Total Energy (kWh): 2.429711404922688e-05
Country: Italy
CPU Count: 8
Output from C++ program:
reading data/export/chair.segment.bbk...
building... 0.0553603 seconds
solving... 2.11056 seconds
total: 2.16592 seconds, maxflow: 3963612
Maximum memory usage: 163.43 MB
Average memory usage: 160.207 MB

Errors from C++ program:
BK:

Emissions: 9.235783268367415e-05 kg CO2e

Additional Metrics:
CO2eRate (kg/s): 3.99834675973097e-05
CPU Energy (kWh): 0.0001500382897527
RAM Energy (kWh): 0.0001209695116864
Total Energy (kWh): 0.0002710078014392
Country: Italy
CPU Count: 8
Output from C++ program:
reading data/export/chair.segment.bbk...
building... 0.0349113 seconds
solving... 1.72957 seconds
total: 1.76449 seconds, maxflow: 3963612
Maximum memory usage: 92.3008 MB
Average memory usage: 92.1348 MB

Errors from C++ program:
MBK:

Emissions: 7.262348186488019e-05 kg CO2e

Additional Metrics:
CO2eRate (kg/s): 4.01320410235789e-05
CPU Energy (kWh): 0.0001183349224456
RAM Energy (kWh): 9.476590052917828e-05
Total Energy (kWh): 0.0002131008229748
Country: Italy
CPU Count: 8
Output from C++ program:
reading data/export/chair.segment.bbk...
building... 0.0351736 seconds
init... 0.0522278 seconds
solving... 0.83006 seconds
total: 0.917461 seconds, maxflow: 3963612
Maximum memory usage: 137.148 MB
Average memory usage: 132.357 MB

Errors from C++ program:
MBK2:

Emissions: 4.0105043565250646e-05 kg CO2e

Additional Metrics:
CO2eRate (kg/s): 3.971656155385886e-05
CPU Energy (kWh): 6.48134404618219e-05
RAM Energy (kWh): 5.286774983275678e-05
Total Energy (kWh): 0.0001176811902945
Country: Italy
CPU Count: 8
Output from C++ program:
reading data/export/chair.segment.bbk...
building...0.0739596 seconds
init... 0.0679374 seconds
solving... 0.401451 seconds
total: 0.543348 seconds, maxflow: 3963612
Maximum memory usage: 184.062 MB
Average memory usage: 168.265 MB

Errors from C++ program:
EIBFS old:

Emissions: 2.428459844774277e-05 kg CO2e

Additional Metrics:
CO2eRate (kg/s): 3.996615701355432e-05
CPU Energy (kWh): 3.945875212253182e-05
RAM Energy (kWh): 3.1800126988434844e-05
Total Energy (kWh): 7.125887911096665e-05
Country: Italy
CPU Count: 8
Output from C++ program:
reading data/export/chair.segment.bbk...
building...0.0307202 seconds
init... 0.0588088 seconds
solving... 0.409125 seconds
total: 0.498654 seconds, maxflow: 3963612
Maximum memory usage: 151.172 MB
Average memory usage: 140.479 MB

Errors from C++ program:
EIBFS new:

Emissions: 2.4246819417525357e-05 kg CO2e

Additional Metrics:
CO2eRate (kg/s): 3.991472634084383e-05
CPU Energy (kWh): 3.93536534273424e-05
RAM Energy (kWh): 3.179436977003007e-05
Total Energy (kWh): 7.114802319737248e-05
Country: Italy
CPU Count: 8
Output from C++ program:
reading data/export/chair.segment.bbk...
building...0.0258211 seconds
init... 0.00137534 seconds
solving... 0.84908 seconds
total: 0.876276 seconds, maxflow: 3963612
Maximum memory usage: 97.7422 MB
Average memory usage: 96.9062 MB

Errors from C++ program:
EIBFS new2:

Emissions: 4.0133954035574665e-05 kg CO2e

Additional Metrics:
CO2eRate (kg/s): 3.978411819930085e-05
CPU Energy (kWh): 6.494922640378408e-05
RAM Energy (kWh): 5.281679657659311e-05
Total Energy (kWh): 0.0001177660229803
Country: Italy
CPU Count: 8
Output from C++ program:
reading data/export/handbig.segment.bbk...
building... 0.0291612 seconds
solving... 0.174891 seconds
total: 0.204052 seconds, maxflow: 1857480
Maximum memory usage: 91.8633 MB
Average memory usage: 91.0166 MB

Errors from C++ program:
BK:

Emissions: 1.2236757714580027e-05 kg CO2e

Additional Metrics:
CO2eRate (kg/s): 3.990210557645109e-05
CPU Energy (kWh): 1.986578950372974e-05
RAM Energy (kWh): 1.6040821864369548e-05
Total Energy (kWh): 3.5906611368099285e-05
Country: Italy
CPU Count: 8
Output from C++ program:
reading data/export/handbig.segment.bbk...
building... 0.0184788 seconds
solving... 0.143615 seconds
total: 0.162094 seconds, maxflow: 1857480
Maximum memory usage: 89.3516 MB
Average memory usage: 89.3516 MB

Errors from C++ program:
MBK:

Emissions: 8.254465909384274e-06 kg CO2e

Additional Metrics:
CO2eRate (kg/s): 3.986378758526944e-05
CPU Energy (kWh): 1.3397956273912114e-05
RAM Energy (kWh): 1.0823320830098738e-05
Total Energy (kWh): 2.422127710401085e-05
Country: Italy
CPU Count: 8
Output from C++ program:
reading data/export/handbig.segment.bbk...
building... 0.0181116 seconds
init... 0.0197781 seconds
solving... 0.117134 seconds
total: 0.155024 seconds, maxflow: 1857480
Maximum memory usage: 89.3633 MB
Average memory usage: 89.3633 MB

Errors from C++ program:
MBK2:

Emissions: 8.125776227913905e-06 kg CO2e

Additional Metrics:
CO2eRate (kg/s): 3.9282463190206006e-05
CPU Energy (kWh): 1.3034288760756067e-05
RAM Energy (kWh): 1.0809371127369616e-05
Total Energy (kWh): 2.3843659888125685e-05
Country: Italy
CPU Count: 8
Output from C++ program:
reading data/export/handbig.segment.bbk...
building...0.0430446 seconds
init... 0.0319255 seconds
solving... 0.0733378 seconds
total: 0.148308 seconds, maxflow: 1857480
Maximum memory usage: 104.887 MB
Average memory usage: 97.082 MB

Errors from C++ program:
EIBFS old:

Emissions: 8.623556413739079e-06 kg CO2e

Additional Metrics:
CO2eRate (kg/s): 4.154375055748558e-05
CPU Energy (kWh): 1.4455236008624124e-05
RAM Energy (kWh): 1.0849072206130471e-05
Total Energy (kWh): 2.53043082147546e-05
Country: Italy
CPU Count: 8
Output from C++ program:
reading data/export/handbig.segment.bbk...
building...0.0174389 seconds
init... 0.0254835 seconds
solving... 0.0668783 seconds
total: 0.109801 seconds, maxflow: 1857480
Maximum memory usage: 89.293 MB
Average memory usage: 89.293 MB

Errors from C++ program:
EIBFS new:

Emissions: 8.303432961721396e-06 kg CO2e

Additional Metrics:
CO2eRate (kg/s): 4.016204768997815e-05
CPU Energy (kWh): 1.3559275291855945e-05
RAM Energy (kWh): 1.0805687007132292e-05
Total Energy (kWh): 2.4364962298988235e-05
Country: Italy
CPU Count: 8
Output from C++ program:
reading data/export/handbig.segment.bbk...
building...0.0149513 seconds
init... 0.000987699 seconds
solving... 0.0818872 seconds
total: 0.0978262 seconds, maxflow: 1857480
Maximum memory usage: 89.2578 MB
Average memory usage: 89.2578 MB

Errors from C++ program:
EIBFS new2:

Emissions: 8.229286827945244e-06 kg CO2e

Additional Metrics:
CO2eRate (kg/s): 3.9613064434220304e-05
CPU Energy (kWh): 1.3290890632704742e-05
RAM Energy (kWh): 1.0856502889321008e-05
Total Energy (kWh): 2.414739352202575e-05
Country: Italy
CPU Count: 8
Output from C++ program:
reading data/export/candlebig.segment.bbk...
building... 0.151035 seconds
solving... 0.606881 seconds
total: 0.757916 seconds, maxflow: 11147428
Maximum memory usage: 403.93 MB
Average memory usage: 326.397 MB

Errors from C++ program:
BK:

Emissions: 3.640618650117017e-05 kg CO2e

Additional Metrics:
CO2eRate (kg/s): 4.006767054540389e-05
CPU Energy (kWh): 5.925875935141375e-05
RAM Energy (kWh): 4.756878603133998e-05
Total Energy (kWh): 0.0001068275453827
Country: Italy
CPU Count: 8
Output from C++ program:
reading data/export/candlebig.segment.bbk...
building... 0.0944658 seconds
solving... 0.539504 seconds
total: 0.63397 seconds, maxflow: 11147428
Maximum memory usage: 227.148 MB
Average memory usage: 201.895 MB

Errors from C++ program:
MBK:

Emissions: 3.225227053901723e-05 kg CO2e

Additional Metrics:
CO2eRate (kg/s): 3.987228782586819e-05
CPU Energy (kWh): 5.229255794512392e-05
RAM Energy (kWh): 4.2346052297477856e-05
Total Energy (kWh): 9.463861024260178e-05
Country: Italy
CPU Count: 8
Output from C++ program:
reading data/export/candlebig.segment.bbk...
building... 0.098452 seconds
init... 0.101497 seconds
solving... 0.43401 seconds
total: 0.633959 seconds, maxflow: 11147428
Maximum memory usage: 329.879 MB
Average memory usage: 273.968 MB

Errors from C++ program:
MBK2:

Emissions: 3.225153856878927e-05 kg CO2e

Additional Metrics:
CO2eRate (kg/s): 3.991990720226592e-05
CPU Energy (kWh): 5.234570937653459e-05
RAM Energy (kWh): 4.2290753028288464e-05
Total Energy (kWh): 9.463646240482306e-05
Country: Italy
CPU Count: 8
Output from C++ program:
reading data/export/candlebig.segment.bbk...
building...0.20099 seconds
init... 0.150409 seconds
solving... 0.334273 seconds
total: 0.685672 seconds, maxflow: 11147428
Maximum memory usage: 466.422 MB
Average memory usage: 386.804 MB

Errors from C++ program:
EIBFS old:

Emissions: 3.2329614210464365e-05 kg CO2e

Additional Metrics:
CO2eRate (kg/s): 4.0036963325910816e-05
CPU Energy (kWh): 5.259191790683328e-05
RAM Energy (kWh): 4.227364372413547e-05
Total Energy (kWh): 9.486556163096876e-05
Country: Italy
CPU Count: 8
Output from C++ program:
reading data/export/candlebig.segment.bbk...
building...0.0845795 seconds
init... 0.122047 seconds
solving... 0.323529 seconds
total: 0.530155 seconds, maxflow: 11147428
Maximum memory usage: 370.379 MB
Average memory usage: 298.581 MB

Errors from C++ program:
EIBFS new:

Emissions: 2.8235586615602075e-05 kg CO2e

Additional Metrics:
CO2eRate (kg/s): 3.991803743911064e-05
CPU Energy (kWh): 4.5829048052097726e-05
RAM Energy (kWh): 3.702331030985136e-05
Total Energy (kWh): 8.285235836194908e-05
Country: Italy
CPU Count: 8
Output from C++ program:
reading data/export/candlebig.segment.bbk...
building...0.0776484 seconds
init... 0.00670756 seconds
solving... 0.418663 seconds
total: 0.503019 seconds, maxflow: 11147428
Maximum memory usage: 245.344 MB
Average memory usage: 207.49 MB

Errors from C++ program:
EIBFS new2:

Emissions: 2.4178285907895454e-05 kg CO2e

Additional Metrics:
CO2eRate (kg/s): 3.982965504242908e-05
CPU Energy (kWh): 3.91762446743044e-05
RAM Energy (kWh): 3.1770679003622604e-05
Total Energy (kWh): 7.0946923677927e-05
Country: Italy
CPU Count: 8
Output from C++ program:
reading data/export/handsmall.segment.bbk...
building... 0.00161448 seconds
solving... 0.00326158 seconds
total: 0.00487607 seconds, maxflow: 185612
Maximum memory usage: 89.2969 MB
Average memory usage: 89.2969 MB

Errors from C++ program:
BK:

Emissions: 4.294647013769899e-06 kg CO2e

Additional Metrics:
CO2eRate (kg/s): 4.018932218168727e-05
CPU Energy (kWh): 7.029610068129237e-06
RAM Energy (kWh): 5.572275568853513e-06
Total Energy (kWh): 1.260188563698275e-05
Country: Italy
CPU Count: 8
Output from C++ program:
reading data/export/handsmall.segment.bbk...
building... 0.00103718 seconds
solving... 0.00307495 seconds
total: 0.00411213 seconds, maxflow: 185612
Maximum memory usage: 89.3516 MB
Average memory usage: 89.3516 MB

Errors from C++ program:
MBK:

Emissions: 4.276751893353874e-06 kg CO2e

Additional Metrics:
CO2eRate (kg/s): 4.005537273809643e-05
CPU Energy (kWh): 6.981595863049528e-06
RAM Energy (kWh): 5.567779693309661e-06
Total Energy (kWh): 1.2549375556359187e-05
Country: Italy
CPU Count: 8
Output from C++ program:
reading data/export/handsmall.segment.bbk...
building... 0.00110659 seconds
init... 0.000995901 seconds
solving... 0.00298897 seconds
total: 0.00509146 seconds, maxflow: 185612
Maximum memory usage: 89.25 MB
Average memory usage: 89.25 MB

Errors from C++ program:
MBK2:

Emissions: 4.239105794838509e-06 kg CO2e

Additional Metrics:
CO2eRate (kg/s): 3.936820446491054e-05
CPU Energy (kWh): 6.824922404377598e-06
RAM Energy (kWh): 5.6139873030659264e-06
Total Energy (kWh): 1.2438909707443524e-05
Country: Italy
CPU Count: 8
Output from C++ program:
reading data/export/handsmall.segment.bbk...
building...0.00208361 seconds
init... 0.000842887 seconds
solving... 0.00144841 seconds
total: 0.00437491 seconds, maxflow: 185612
Maximum memory usage: 89.2852 MB
Average memory usage: 89.2852 MB

Errors from C++ program:
EIBFS old:

Emissions: 4.139117325308521e-06 kg CO2e

Additional Metrics:
CO2eRate (kg/s): 3.866339812751008e-05
CPU Energy (kWh): 6.564506084933211e-06
RAM Energy (kWh): 5.581005060534495e-06
Total Energy (kWh): 1.2145511145467705e-05
Country: Italy
CPU Count: 8
Output from C++ program:
reading data/export/handsmall.segment.bbk...
building...0.000798082 seconds
init... 0.00103046 seconds
solving... 0.00161455 seconds
total: 0.00344309 seconds, maxflow: 185612
Maximum memory usage: 89.2969 MB
Average memory usage: 89.2969 MB

Errors from C++ program:
EIBFS new:

Emissions: 4.344250579805356e-06 kg CO2e

Additional Metrics:
CO2eRate (kg/s): 4.03455681999706e-05
CPU Energy (kWh): 7.131640427530082e-06
RAM Energy (kWh): 5.6157981418266445e-06
Total Energy (kWh): 1.2747438569356726e-05
Country: Italy
CPU Count: 8
Output from C++ program:
reading data/export/handsmall.segment.bbk...
building...0.00078916 seconds
init... 4.9052e-05 seconds
solving... 0.00182026 seconds
total: 0.00265847 seconds, maxflow: 185612
Maximum memory usage: 89.2539 MB
Average memory usage: 89.2539 MB

Errors from C++ program:
EIBFS new2:

Emissions: 4.212820731822305e-06 kg CO2e

Additional Metrics:
CO2eRate (kg/s): 3.951819786274572e-05
CPU Energy (kWh): 6.801406830010508e-06
RAM Energy (kWh): 5.560373987205481e-06
Total Energy (kWh): 1.2361780817215988e-05
Country: Italy
CPU Count: 8
Output from C++ program:
reading data/export/bunnybig.segment.bbk...
building... 0.377639 seconds
solving... 1.98952 seconds
total: 2.36716 seconds, maxflow: 14754160
Maximum memory usage: 1052.27 MB
Average memory usage: 907.409 MB

Errors from C++ program:
BK:

Emissions: 0.00010834139574368505 kg CO2e

Additional Metrics:
CO2eRate (kg/s): 4.000281607449345e-05
CPU Energy (kWh): 0.0001760676016873
RAM Energy (kWh): 0.0001418411518226
Total Energy (kWh): 0.0003179087535099
Country: Italy
CPU Count: 8
Output from C++ program:
reading data/export/bunnybig.segment.bbk...
building... 0.241494 seconds
solving... 1.64023 seconds
total: 1.88173 seconds, maxflow: 14754160
Maximum memory usage: 583.371 MB
Average memory usage: 528.124 MB

Errors from C++ program:
MBK:

Emissions: 8.410735746750602e-05 kg CO2e

Additional Metrics:
CO2eRate (kg/s): 3.9902333936296216e-05
CPU Energy (kWh): 0.000136412113574
RAM Energy (kWh): 0.0001103861207478
Total Energy (kWh): 0.0002467982343219
Country: Italy
CPU Count: 8
Output from C++ program:
reading data/export/bunnybig.segment.bbk...
building... 0.248954 seconds
init... 0.278523 seconds
solving... 1.0051 seconds
total: 1.53258 seconds, maxflow: 14754160
Maximum memory usage: 878.184 MB
Average memory usage: 727.41 MB

Errors from C++ program:
MBK2:

Emissions: 7.23596297210773e-05 kg CO2e

Additional Metrics:
CO2eRate (kg/s): 4.002083526495504e-05
CPU Energy (kWh): 0.0001176428693919
RAM Energy (kWh): 9.46837259150712e-05
Total Energy (kWh): 0.000212326595307
Country: Italy
CPU Count: 8
Output from C++ program:
reading data/export/bunnybig.segment.bbk...
building...0.515103 seconds
init... 0.493827 seconds
solving... 0.728248 seconds
total: 1.73718 seconds, maxflow: 14754160
Maximum memory usage: 1188.12 MB
Average memory usage: 1008.05 MB

Errors from C++ program:
EIBFS old:

Emissions: 8.017239645099282e-05 kg CO2e

Additional Metrics:
CO2eRate (kg/s): 3.98901098435493e-05
CPU Energy (kWh): 0.0001299961939968
RAM Energy (kWh): 0.0001052555899282
Total Energy (kWh): 0.0002352517839251
Country: Italy
CPU Count: 8
Output from C++ program:
reading data/export/bunnybig.segment.bbk...
building...0.208623 seconds
init... 0.415769 seconds
solving... 0.702195 seconds
total: 1.32659 seconds, maxflow: 14754160
Maximum memory usage: 971.055 MB
Average memory usage: 776.503 MB

Errors from C++ program:
EIBFS new:

Emissions: 6.438557013700792e-05 kg CO2e

Additional Metrics:
CO2eRate (kg/s): 3.999074977630765e-05
CPU Energy (kWh): 0.0001046213131414
RAM Energy (kWh): 8.430680806084753e-05
Total Energy (kWh): 0.0001889281212022
Country: Italy
CPU Count: 8
Output from C++ program:
reading data/export/bunnybig.segment.bbk...
building...0.185537 seconds
init... 0.0091943 seconds
solving... 1.23782 seconds
total: 1.43255 seconds, maxflow: 14754160
Maximum memory usage: 618.008 MB
Average memory usage: 545.784 MB

Errors from C++ program:
EIBFS new2:

Emissions: 6.837920817446796e-05 kg CO2e

Additional Metrics:
CO2eRate (kg/s): 4.000755871692716e-05
CPU Energy (kWh): 0.0001111440950263
RAM Energy (kWh): 8.950265396124877e-05
Total Energy (kWh): 0.0002006467489875
Country: Italy
CPU Count: 8
Output from C++ program:
reading data/export/chairbig.segment.bbk...
building... 0.77664 seconds
solving... 3.84404 seconds
total: 4.62068 seconds, maxflow: 20835194
Maximum memory usage: 2143.58 MB
Average memory usage: 1844.44 MB

Errors from C++ program:
BK:

Emissions: 0.00020854344642433898 kg CO2e

Additional Metrics:
CO2eRate (kg/s): 3.998963159485598e-05
CPU Energy (kWh): 0.0003387945188131
RAM Energy (kWh): 0.0002731395129606
Total Energy (kWh): 0.0006119340317738
Country: Italy
CPU Count: 8
Output from C++ program:
reading data/export/chairbig.segment.bbk...
building... 0.471873 seconds
solving... 2.90264 seconds
total: 3.37452 seconds, maxflow: 20835194
Maximum memory usage: 1184.59 MB
Average memory usage: 1067.45 MB

Errors from C++ program:
MBK:

Emissions: 0.00015187977793221095 kg CO2e

Additional Metrics:
CO2eRate (kg/s): 3.985062412089148e-05
CPU Energy (kWh): 0.0002460549157326
RAM Energy (kWh): 0.0001996095558607
Total Energy (kWh): 0.0004456644715934
Country: Italy
CPU Count: 8
Output from C++ program:
reading data/export/chairbig.segment.bbk...
building... 0.512401 seconds
init... 0.625918 seconds
solving... 1.53528 seconds
total: 2.6736 seconds, maxflow: 20835194
Maximum memory usage: 1797.21 MB
Average memory usage: 1442.3 MB

Errors from C++ program:
MBK2:

Emissions: 0.00012451880963331246 kg CO2e

Additional Metrics:
CO2eRate (kg/s): 4.0024758185663024e-05
CPU Energy (kWh): 0.0002024438133438
RAM Energy (kWh): 0.0001629347133711
Total Energy (kWh): 0.000365378526715
Country: Italy
CPU Count: 8
Output from C++ program:
reading data/export/chairbig.segment.bbk...
building...1.02215 seconds
init... 0.938781 seconds
solving... 1.1308 seconds
total: 3.09173 seconds, maxflow: 20835194
Maximum memory usage: 2409.19 MB
Average memory usage: 2021.39 MB

Errors from C++ program:
EIBFS old:

Emissions: 0.0001452539946387373 kg CO2e

Additional Metrics:
CO2eRate (kg/s): 4.0194587456777087e-05
CPU Energy (kWh): 0.0002369547084525
RAM Energy (kWh): 0.0001892675684618
Total Energy (kWh): 0.0004262222769143
Country: Italy
CPU Count: 8
Output from C++ program:
reading data/export/chairbig.segment.bbk...
building...0.421255 seconds
init... 0.939343 seconds
solving... 1.17076 seconds
total: 2.53136 seconds, maxflow: 20835194
Maximum memory usage: 1980.5 MB
Average memory usage: 1571.73 MB

Errors from C++ program:
EIBFS new:

Emissions: 0.00012035540647291644 kg CO2e

Additional Metrics:
CO2eRate (kg/s): 3.9999356817486136e-05
CPU Energy (kWh): 0.0001955772689616
RAM Energy (kWh): 0.0001575844841
Total Energy (kWh): 0.0003531617530617
Country: Italy
CPU Count: 8
Output from C++ program:
reading data/export/chairbig.segment.bbk...
Maximum memory usage: 582.121 MB
Average memory usage: 386.259 MB

Errors from C++ program:
Unknown algorithm: eibfs_i_nrs

Emissions: 1.6273947038848802e-05 kg CO2e

Additional Metrics:
CO2eRate (kg/s): 3.996316270349978e-05
CPU Energy (kWh): 2.6445130322754265e-05
RAM Energy (kWh): 2.1307902415054515e-05
Total Energy (kWh): 4.7753032737808776e-05
Country: Italy
CPU Count: 8
