Output from C++ program:
reading data/export/clean.orimrf.256.bbk...
building... 1.38512 seconds
solving... 0.749863 seconds
total: 2.13498 seconds, maxflow: 17823365
Maximum memory usage: 5235.2 MB
Average memory usage: 3086.15 MB

Errors from C++ program:
BK:

Emissions: 9.925139988012104e-05 kg CO2e

Additional Metrics:
CO2eRate (kg/s): 2.902788431304549e-05
CPU Energy (kWh): 0.0001121727558492
RAM Energy (kWh): 0.0001790630049919
Total Energy (kWh): 0.0002912357608412
Country: Italy
CPU Count: 8
Output from C++ program:
reading data/export/clean.orimrf.256.bbk...
building... 0.897793 seconds
solving... 0.506302 seconds
total: 1.4041 seconds, maxflow: 17823365
Maximum memory usage: 2922.65 MB
Average memory usage: 1980.74 MB

Errors from C++ program:
MBK:

Emissions: 6.695794446202422e-05 kg CO2e

Additional Metrics:
CO2eRate (kg/s): 2.9014557933386005e-05
CPU Energy (kWh): 7.562913939215127e-05
RAM Energy (kWh): 0.0001208471614289
Total Energy (kWh): 0.000196476300821
Country: Italy
CPU Count: 8
Output from C++ program:
reading data/export/clean.orimrf.256.bbk...
building... 0.916319 seconds
init... 0.891804 seconds
solving... 0.394712 seconds
total: 2.20284 seconds, maxflow: 17823365
Maximum memory usage: 4261.71 MB
Average memory usage: 2767.38 MB

Errors from C++ program:
MBK2:

Emissions: 9.007951789188547e-05 kg CO2e

Additional Metrics:
CO2eRate (kg/s): 2.897810519222488e-05
CPU Energy (kWh): 0.0001015658984748
RAM Energy (kWh): 0.0001627565892798
Total Energy (kWh): 0.0002643224877547
Country: Italy
CPU Count: 8
Output from C++ program:
reading data/export/clean.orimrf.256.bbk...
building...1.93727 seconds
init... 0.796019 seconds
solving... 0.453375 seconds
total: 3.18666 seconds, maxflow: 17823365
Maximum memory usage: 6049.55 MB
Average memory usage: 4274.78 MB

Errors from C++ program:
EIBFS old:

Emissions: 0.00011923572154735654 kg CO2e

Additional Metrics:
CO2eRate (kg/s): 2.902042293744849e-05
CPU Energy (kWh): 0.0001346937902549
RAM Energy (kWh): 0.0002151824445008
Total Energy (kWh): 0.0003498762347557
Country: Italy
CPU Count: 8
Output from C++ program:
reading data/export/clean.orimrf.256.bbk...
building...0.739782 seconds
init... 0.876244 seconds
solving... 0.368703 seconds
total: 1.98473 seconds, maxflow: 17823365
Maximum memory usage: 4796.14 MB
Average memory usage: 2883.36 MB

Errors from C++ program:
EIBFS new:

Emissions: 8.15766512587443e-05 kg CO2e

Additional Metrics:
CO2eRate (kg/s): 2.905784147003448e-05
CPU Energy (kWh): 9.235199693709284e-05
RAM Energy (kWh): 0.0001470203255179
Total Energy (kWh): 0.000239372322455
Country: Italy
CPU Count: 8
Output from C++ program:
reading data/export/clean.orimrf.256.bbk...
building...0.68733 seconds
init... 0.0661267 seconds
solving... 0.489918 seconds
total: 1.24337 seconds, maxflow: 17823365
Maximum memory usage: 3164.24 MB
Average memory usage: 2071.02 MB

Errors from C++ program:
EIBFS new2:

Emissions: 6.104853156055722e-05 kg CO2e

Additional Metrics:
CO2eRate (kg/s): 2.897235071884584e-05
CPU Energy (kWh): 6.879921559488356e-05
RAM Energy (kWh): 0.0001103369533533
Total Energy (kWh): 0.0001791361689482
Country: Italy
CPU Count: 8
Output from C++ program:
reading data/export/clean.orimrf.512.bbk...
building... 11.5488 seconds
solving... 5.99408 seconds
total: 17.5429 seconds, maxflow: 83984504
Maximum memory usage: 41921.7 MB
Average memory usage: 24863.2 MB

Errors from C++ program:
BK:

Emissions: 0.0007936392017791062 kg CO2e

Additional Metrics:
CO2eRate (kg/s): 2.9043956301557e-05
CPU Energy (kWh): 0.0008975261402425
RAM Energy (kWh): 0.0014312683860082
Total Energy (kWh): 0.0023287945262507
Country: Italy
CPU Count: 8
Output from C++ program:
reading data/export/clean.orimrf.512.bbk...
building... 7.24872 seconds
solving... 4.26846 seconds
total: 11.5172 seconds, maxflow: 83984504
Maximum memory usage: 23391.7 MB
Average memory usage: 16124.1 MB

Errors from C++ program:
MBK:

Emissions: 0.0005197898101635878 kg CO2e

Additional Metrics:
CO2eRate (kg/s): 2.900416079961096e-05
CPU Energy (kWh): 0.0005865664011971
RAM Energy (kWh): 0.0009386652935027
Total Energy (kWh): 0.0015252316946999
Country: Italy
CPU Count: 8
Output from C++ program:
reading data/export/clean.orimrf.512.bbk...
building... 7.34689 seconds
init... 7.61881 seconds
solving... 3.23808 seconds
total: 18.2038 seconds, maxflow: 83984504
Maximum memory usage: 34122.8 MB
Average memory usage: 22486.5 MB

Errors from C++ program:
MBK2:

Emissions: 0.000709774574369387 kg CO2e

Additional Metrics:
CO2eRate (kg/s): 2.8940975385798704e-05
CPU Energy (kWh): 0.0007981412104568
RAM Energy (kWh): 0.0012845673300965
Total Energy (kWh): 0.0020827085405534
Country: Italy
CPU Count: 8
Output from C++ program:
reading data/export/clean.orimrf.512.bbk...
building...15.655 seconds
init... 7.19117 seconds
solving... 3.69616 seconds
total: 26.5424 seconds, maxflow: 83984504
Maximum memory usage: 48443.4 MB
Average memory usage: 34983.7 MB

Errors from C++ program:
EIBFS old:

Emissions: 0.0009610406153466434 kg CO2e

Additional Metrics:
CO2eRate (kg/s): 2.892031249254472e-05
CPU Energy (kWh): 0.0010794518524496
RAM Energy (kWh): 0.0017405526527547
Total Energy (kWh): 0.0028200045052044
Country: Italy
CPU Count: 8
Output from C++ program:
reading data/export/clean.orimrf.512.bbk...
building...5.95766 seconds
init... 6.97033 seconds
solving... 2.94888 seconds
total: 15.8769 seconds, maxflow: 83984504
Maximum memory usage: 38406.4 MB
Average memory usage: 23574.2 MB

Errors from C++ program:
EIBFS new:

Emissions: 0.0006432608812851771 kg CO2e

Additional Metrics:
CO2eRate (kg/s): 2.895032201777408e-05
CPU Energy (kWh): 0.0007237231084224
RAM Energy (kWh): 0.0011638127087725
Total Energy (kWh): 0.001887535817195
Country: Italy
CPU Count: 8
Output from C++ program:
reading data/export/clean.orimrf.512.bbk...
building...5.60071 seconds
init... 0.522454 seconds
solving... 3.96858 seconds
total: 10.0917 seconds, maxflow: 83984504
Maximum memory usage: 25295.6 MB
Average memory usage: 16728.7 MB

Errors from C++ program:
EIBFS new2:

Emissions: 0.0004695506736708746 kg CO2e

Additional Metrics:
CO2eRate (kg/s): 2.9134136196088664e-05
CPU Energy (kWh): 0.0005336615941511
RAM Energy (kWh): 0.0008441521985531
Total Energy (kWh): 0.0013778137927043
Country: Italy
CPU Count: 8
Output from C++ program:
reading data/export/clean.orimrf.900.bbk...

Errors from C++ program:
BK:

Program exited with return code: -9
Emissions: 0.0020659554682203904 kg CO2e

Additional Metrics:
CO2eRate (kg/s): 2.9204124476886976e-05
CPU Energy (kWh): 0.0023568401646372
RAM Energy (kWh): 0.0037053424683327
Total Energy (kWh): 0.00606218263297
Country: Italy
CPU Count: 8
Output from C++ program:
reading data/export/clean.orimrf.900.bbk...
building... 42.4104 seconds
solving... 20.1849 seconds
total: 62.5953 seconds, maxflow: 263349053
Maximum memory usage: 120055 MB
Average memory usage: 81866.1 MB

Errors from C++ program:
MBK:

Emissions: 0.0029532311539123383 kg CO2e

Additional Metrics:
CO2eRate (kg/s): 2.910090585170224e-05
CPU Energy (kWh): 0.0033502139148912
RAM Energy (kWh): 0.0053155230227084
Total Energy (kWh): 0.0086657369375996
Country: Italy
CPU Count: 8
Output from C++ program:
reading data/export/clean.orimrf.900.bbk...

Errors from C++ program:
MBK2:

Program exited with return code: -9
Emissions: 0.002468722826211514 kg CO2e

Additional Metrics:
CO2eRate (kg/s): 2.9076144115964765e-05
CPU Energy (kWh): 0.0027968089407786
RAM Energy (kWh): 0.0044472236014946
Total Energy (kWh): 0.0072440325422733
Country: Italy
CPU Count: 8
Output from C++ program:
reading data/export/clean.orimrf.900.bbk...

Errors from C++ program:
EIBFS old:

Program exited with return code: -9
Emissions: 0.0021365726806161934 kg CO2e

Additional Metrics:
CO2eRate (kg/s): 2.9103926366724096e-05
CPU Energy (kWh): 0.0024242117199233
RAM Energy (kWh): 0.0038451846914459
Total Energy (kWh): 0.0062693964113693
Country: Italy
CPU Count: 8
Output from C++ program:
reading data/export/clean.orimrf.900.bbk...

Errors from C++ program:
EIBFS new:

Program exited with return code: -9
Emissions: 0.002215171188682908 kg CO2e

Additional Metrics:
CO2eRate (kg/s): 2.919422097911873e-05
CPU Energy (kWh): 0.0025258671531921
RAM Energy (kWh): 0.0039741627437042
Total Energy (kWh): 0.0065000298968963
Country: Italy
CPU Count: 8
Output from C++ program:
reading data/export/clean.orimrf.900.bbk...

Errors from C++ program:
EIBFS new2:

Program exited with return code: -9
Emissions: 0.0021985028843818904 kg CO2e

Additional Metrics:
CO2eRate (kg/s): 2.915270131099385e-05
CPU Energy (kWh): 0.0025012587543387
RAM Energy (kWh): 0.0039498609378562
Total Energy (kWh): 0.0064511196921949
Country: Italy
CPU Count: 8
Output from C++ program:
reading data/export/foam.subset.r120.h210.bq...
building... 2.56004 seconds
solving... 10.8076 seconds
total: 13.3676 seconds, maxflow: 567025102
Maximum memory usage: 9397.81 MB
Average memory usage: 7506.79 MB

Errors from C++ program:
BK:

Emissions: 0.0005050473546850129 kg CO2e

Additional Metrics:
CO2eRate (kg/s): 2.8647422879926824e-05
CPU Energy (kWh): 0.0005585750668596
RAM Energy (kWh): 0.000923397487484
Total Energy (kWh): 0.0014819725543437
Country: Italy
CPU Count: 8
Output from C++ program:
reading data/export/foam.subset.r120.h210.bq...
building... 1.79052 seconds
solving... 7.09248 seconds
total: 8.883 seconds, maxflow: 567025102
Maximum memory usage: 5150.78 MB
Average memory usage: 4533.26 MB

Errors from C++ program:
MBK:

Emissions: 0.0003642180781969257 kg CO2e

Additional Metrics:
CO2eRate (kg/s): 2.8645600473874933e-05
CPU Energy (kWh): 0.0004027645227669
RAM Energy (kWh): 0.000665969311153
Total Energy (kWh): 0.0010687338339199
Country: Italy
CPU Count: 8
Output from C++ program:
reading data/export/foam.subset.r120.h210.bq...
building... 1.84549 seconds
init... 4.95318 seconds
solving... 2.05253 seconds
total: 8.8512 seconds, maxflow: 567025102
Maximum memory usage: 7983.47 MB
Average memory usage: 5733.2 MB

Errors from C++ program:
MBK2:

Emissions: 0.00036240711729479175 kg CO2e

Additional Metrics:
CO2eRate (kg/s): 2.872985533776401e-05
CPU Energy (kWh): 0.0004027160338392
RAM Energy (kWh): 0.0006607038541129
Total Energy (kWh): 0.0010634198879522
Country: Italy
CPU Count: 8
Output from C++ program:
reading data/export/foam.subset.r120.h210.bq...
building...3.34451 seconds
init... 2.94326 seconds
solving... 1.34761 seconds
total: 7.63538 seconds, maxflow: 567025102
Maximum memory usage: 10423.9 MB
Average memory usage: 7379.28 MB

Errors from C++ program:
EIBFS old:

Emissions: 0.0003317090974977116 kg CO2e

Additional Metrics:
CO2eRate (kg/s): 2.880621500535427e-05
CPU Energy (kWh): 0.0003702018156056
RAM Energy (kWh): 0.0006031401372975
Total Energy (kWh): 0.0009733419529032
Country: Italy
CPU Count: 8
Output from C++ program:
reading data/export/foam.subset.r120.h210.bq...
building...1.27617 seconds
init... 2.30162 seconds
solving... 1.32674 seconds
total: 4.90453 seconds, maxflow: 567025102
Maximum memory usage: 8714.89 MB
Average memory usage: 5543.64 MB

Errors from C++ program:
EIBFS new:

Emissions: 0.0002544858148958472 kg CO2e

Additional Metrics:
CO2eRate (kg/s): 2.887979426503938e-05
CPU Energy (kWh): 0.0002852022364949
RAM Energy (kWh): 0.0004615415879146
Total Energy (kWh): 0.0007467438244096
Country: Italy
CPU Count: 8
Output from C++ program:
reading data/export/foam.subset.r120.h210.bq...
building...1.21659 seconds
init... 0.0345195 seconds
solving... 6.3136 seconds
total: 7.56471 seconds, maxflow: 567025102
Maximum memory usage: 5271.2 MB
Average memory usage: 4566.85 MB

Errors from C++ program:
EIBFS new2:

Emissions: 0.000324580609620829 kg CO2e

Additional Metrics:
CO2eRate (kg/s): 2.868987278967789e-05
CPU Energy (kWh): 0.0003598519159368
RAM Energy (kWh): 0.0005925727441828
Total Energy (kWh): 0.0009524246601196
Country: Italy
CPU Count: 8
Output from C++ program:
reading data/export/foam.subset.r160.h210.bq...
building... 4.70469 seconds
solving... 21.2981 seconds
total: 26.0028 seconds, maxflow: 1015892866
Maximum memory usage: 17050.1 MB
Average memory usage: 13754.2 MB

Errors from C++ program:
BK:

Emissions: 0.0009789564163450294 kg CO2e

Additional Metrics:
CO2eRate (kg/s): 2.8765948876282425e-05
CPU Energy (kWh): 0.0010900626601049
RAM Energy (kWh): 0.0017825126092513
Total Energy (kWh): 0.0028725752693563
Country: Italy
CPU Count: 8
Output from C++ program:
reading data/export/foam.subset.r160.h210.bq...
building... 3.26979 seconds
solving... 13.9498 seconds
total: 17.2195 seconds, maxflow: 1015892866
Maximum memory usage: 9342.01 MB
Average memory usage: 8272.16 MB

Errors from C++ program:
MBK:

Emissions: 0.0006956453162707896 kg CO2e

Additional Metrics:
CO2eRate (kg/s): 2.871710733763864e-05
CPU Energy (kWh): 0.0007724392837842
RAM Energy (kWh): 0.0012688094361779
Total Energy (kWh): 0.0020412487199621
Country: Italy
CPU Count: 8
Output from C++ program:
reading data/export/foam.subset.r160.h210.bq...
building... 3.374 seconds
init... 9.06103 seconds
solving... 4.04284 seconds
total: 16.4779 seconds, maxflow: 1015892866
Maximum memory usage: 14486.7 MB
Average memory usage: 10453.5 MB

Errors from C++ program:
MBK2:

Emissions: 0.0006783867025215903 kg CO2e

Additional Metrics:
CO2eRate (kg/s): 2.883862800569804e-05
CPU Energy (kWh): 0.0007584851626209
RAM Energy (kWh): 0.0012321211934815
Total Energy (kWh): 0.0019906063561024
Country: Italy
CPU Count: 8
Output from C++ program:
reading data/export/foam.subset.r160.h210.bq...
building...6.06828 seconds
init... 5.33041 seconds
solving... 2.52071 seconds
total: 13.9194 seconds, maxflow: 1015892866
Maximum memory usage: 18907.4 MB
Average memory usage: 13347.9 MB

Errors from C++ program:
EIBFS old:

Emissions: 0.0006077008752933437 kg CO2e

Additional Metrics:
CO2eRate (kg/s): 2.8912157121688554e-05
CPU Energy (kWh): 0.0006822687985923
RAM Energy (kWh): 0.0011009224409639
Total Energy (kWh): 0.0017831912395562
Country: Italy
CPU Count: 8
Output from C++ program:
reading data/export/foam.subset.r160.h210.bq...
building...2.22043 seconds
init... 4.15499 seconds
solving... 2.46794 seconds
total: 8.84336 seconds, maxflow: 1015892866
Maximum memory usage: 15811.8 MB
Average memory usage: 10037.2 MB

Errors from C++ program:
EIBFS new:

Emissions: 0.0004601225452745876 kg CO2e

Additional Metrics:
CO2eRate (kg/s): 2.8908513155705623e-05
CPU Energy (kWh): 0.0005164985890318
RAM Energy (kWh): 0.0008336500206108
Total Energy (kWh): 0.0013501486096427
Country: Italy
CPU Count: 8
Output from C++ program:
reading data/export/foam.subset.r160.h210.bq...
building...2.2176 seconds
init... 0.0615005 seconds
solving... 12.2987 seconds
total: 14.5778 seconds, maxflow: 1015892866
Maximum memory usage: 9558.69 MB
Average memory usage: 8337.26 MB

Errors from C++ program:
EIBFS new2:

Emissions: 0.000617659561087075 kg CO2e

Additional Metrics:
CO2eRate (kg/s): 2.8699415334044623e-05
CPU Energy (kWh): 0.0006851548067345
RAM Energy (kWh): 0.0011272584431674
Total Energy (kWh): 0.0018124132499019
Country: Italy
CPU Count: 8
Output from C++ program:
reading data/export/foam.subset.r160.h210.ssp.bq...
building... 4.66825 seconds
solving... 21.362 seconds
total: 26.0303 seconds, maxflow: 1015893560
Maximum memory usage: 17050.1 MB
Average memory usage: 13678.7 MB

Errors from C++ program:
BK:

Emissions: 0.0009869461027675564 kg CO2e

Additional Metrics:
CO2eRate (kg/s): 2.866729782606532e-05
CPU Energy (kWh): 0.0010927748203302
RAM Energy (kWh): 0.0018032447773374
Total Energy (kWh): 0.0028960195976676
Country: Italy
CPU Count: 8
Output from C++ program:
reading data/export/foam.subset.r160.h210.ssp.bq...
building... 3.23949 seconds
solving... 13.9288 seconds
total: 17.1683 seconds, maxflow: 1015893560
Maximum memory usage: 9342.19 MB
Average memory usage: 8117.8 MB

Errors from C++ program:
MBK:

Emissions: 0.000721092970829147 kg CO2e

Additional Metrics:
CO2eRate (kg/s): 2.870030108221923e-05
CPU Energy (kWh): 0.0007999186024343
RAM Energy (kWh): 0.0013160017800522
Total Energy (kWh): 0.0021159203824866
Country: Italy
CPU Count: 8
Output from C++ program:
reading data/export/foam.subset.r160.h210.ssp.bq...
building... 3.31632 seconds
init... 9.0121 seconds
solving... 4.00614 seconds
total: 16.3346 seconds, maxflow: 1015893560
Maximum memory usage: 14486.8 MB
Average memory usage: 10194 MB

Errors from C++ program:
MBK2:

Emissions: 0.0007029502888448816 kg CO2e

Additional Metrics:
CO2eRate (kg/s): 2.8784403872821885e-05
CPU Energy (kWh): 0.0007835479507267
RAM Energy (kWh): 0.0012791359252947
Total Energy (kWh): 0.0020626838760215
Country: Italy
CPU Count: 8
Output from C++ program:
reading data/export/foam.subset.r160.h210.ssp.bq...
building...6.03699 seconds
init... 5.40889 seconds
solving... 2.53336 seconds
total: 13.9792 seconds, maxflow: 1015893560
Maximum memory usage: 18907.7 MB
Average memory usage: 12944 MB

Errors from C++ program:
EIBFS old:

Emissions: 0.0006385973918721337 kg CO2e

Additional Metrics:
CO2eRate (kg/s): 2.8866259623325836e-05
CPU Energy (kWh): 0.0007151168612596
RAM Energy (kWh): 0.0011587347672083
Total Energy (kWh): 0.001873851628468
Country: Italy
CPU Count: 8
Output from C++ program:
reading data/export/foam.subset.r160.h210.ssp.bq...
building...2.21212 seconds
init... 4.16743 seconds
solving... 2.47033 seconds
total: 8.84989 seconds, maxflow: 1015893560
Maximum memory usage: 15811.3 MB
Average memory usage: 9686.53 MB

Errors from C++ program:
EIBFS new:

Emissions: 0.0004906854320907801 kg CO2e

Additional Metrics:
CO2eRate (kg/s): 2.88350402602312e-05
CPU Energy (kWh): 0.0005485291382674
RAM Energy (kWh): 0.0008913008824805
Total Energy (kWh): 0.0014398300207479
Country: Italy
CPU Count: 8
Output from C++ program:
reading data/export/foam.subset.r160.h210.ssp.bq...
building...2.20225 seconds
init... 0.0614847 seconds
solving... 12.2758 seconds
total: 14.5395 seconds, maxflow: 1015893560
Maximum memory usage: 9558.75 MB
Average memory usage: 8143.64 MB

Errors from C++ program:
EIBFS new2:

Emissions: 0.0006460922768866215 kg CO2e

Additional Metrics:
CO2eRate (kg/s): 2.8687622628581727e-05
CPU Energy (kWh): 0.0007162082187994
RAM Energy (kWh): 0.0011796358303522
Total Energy (kWh): 0.0018958440491517
Country: Italy
CPU Count: 8
Output from C++ program:
reading data/export/foam.subset.r160.h210.ward.bq...
building... 4.67534 seconds
solving... 21.1762 seconds
total: 25.8516 seconds, maxflow: 1015893560
Maximum memory usage: 17050.3 MB
Average memory usage: 13666.8 MB

Errors from C++ program:
BK:

Emissions: 0.0009838297594988062 kg CO2e

Additional Metrics:
CO2eRate (kg/s): 2.8740519846368005e-05
CPU Energy (kWh): 0.0010938957798381
RAM Energy (kWh): 0.001792979457105
Total Energy (kWh): 0.0028868752369431
Country: Italy
CPU Count: 8
Output from C++ program:
reading data/export/foam.subset.r160.h210.ward.bq...
building... 3.2489 seconds
solving... 13.7378 seconds
total: 16.9867 seconds, maxflow: 1015893560
Maximum memory usage: 9342.19 MB
Average memory usage: 8109.4 MB

Errors from C++ program:
MBK:

Emissions: 0.0007136781597918598 kg CO2e

Additional Metrics:
CO2eRate (kg/s): 2.863662869204516e-05
CPU Energy (kWh): 0.0007888028821529
RAM Energy (kWh): 0.0013053600426399
Total Energy (kWh): 0.0020941629247928
Country: Italy
CPU Count: 8
Output from C++ program:
reading data/export/foam.subset.r160.h210.ward.bq...
building... 3.34864 seconds
init... 9.005 seconds
solving... 4.01119 seconds
total: 16.3648 seconds, maxflow: 1015893560
Maximum memory usage: 14486.8 MB
Average memory usage: 10193.2 MB

Errors from C++ program:
MBK2:

Emissions: 0.0007031480143330188 kg CO2e

Additional Metrics:
CO2eRate (kg/s): 2.8792467446828676e-05
CPU Energy (kWh): 0.0007841268175787
RAM Energy (kWh): 0.0012791372490803
Total Energy (kWh): 0.002063264066659
Country: Italy
CPU Count: 8
Output from C++ program:
reading data/export/foam.subset.r160.h210.ward.bq...
building...6.05425 seconds
init... 5.34747 seconds
solving... 2.51648 seconds
total: 13.9182 seconds, maxflow: 1015893560
Maximum memory usage: 18907.6 MB
Average memory usage: 12951 MB

Errors from C++ program:
EIBFS old:

Emissions: 0.0006372352718271402 kg CO2e

Additional Metrics:
CO2eRate (kg/s): 2.880489159631556e-05
CPU Energy (kWh): 0.0007111308997375
RAM Energy (kWh): 0.0011587238272445
Total Energy (kWh): 0.0018698547269821
Country: Italy
CPU Count: 8
Output from C++ program:
reading data/export/foam.subset.r160.h210.ward.bq...
building...2.21838 seconds
init... 4.17263 seconds
solving... 2.47115 seconds
total: 8.86216 seconds, maxflow: 1015893560
Maximum memory usage: 15811.2 MB
Average memory usage: 9712.92 MB

Errors from C++ program:
EIBFS new:

Emissions: 0.0004918281216517362 kg CO2e

Additional Metrics:
CO2eRate (kg/s): 2.890262268462719e-05
CPU Energy (kWh): 0.0005518934242921
RAM Energy (kWh): 0.0008912896178146
Total Energy (kWh): 0.0014431830421067
Country: Italy
CPU Count: 8
Output from C++ program:
reading data/export/foam.subset.r160.h210.ward.bq...
building...2.20653 seconds
init... 0.0613722 seconds
solving... 12.2967 seconds
total: 14.5646 seconds, maxflow: 1015893560
Maximum memory usage: 9558.66 MB
Average memory usage: 8145.79 MB

Errors from C++ program:
EIBFS new2:

Emissions: 0.0006460181718724895 kg CO2e

Additional Metrics:
CO2eRate (kg/s): 2.868532978835883e-05
CPU Energy (kWh): 0.0007160344556048
RAM Energy (kWh): 0.0011795921454282
Total Energy (kWh): 0.0018956266010331
Country: Italy
CPU Count: 8
Output from C++ program:
reading data/export/foam.subset.r60.h210.bq...
building... 0.55576 seconds
solving... 2.12108 seconds
total: 2.67684 seconds, maxflow: 134827488
Maximum memory usage: 2063.74 MB
Average memory usage: 1609.78 MB

Errors from C++ program:
BK:

Emissions: 0.00010629504740043191 kg CO2e

Additional Metrics:
CO2eRate (kg/s): 2.866254366748907e-05
CPU Energy (kWh): 0.000117682830535
RAM Energy (kWh): 0.0001942212739985
Total Energy (kWh): 0.0003119041045336
Country: Italy
CPU Count: 8
Output from C++ program:
reading data/export/foam.subset.r60.h210.bq...
building... 0.387034 seconds
solving... 1.34543 seconds
total: 1.73246 seconds, maxflow: 134827488
Maximum memory usage: 1133.31 MB
Average memory usage: 973.113 MB

Errors from C++ program:
MBK:

Emissions: 7.488010495058146e-05 kg CO2e

Additional Metrics:
CO2eRate (kg/s): 2.8716715681280275e-05
CPU Energy (kWh): 8.317447848397302e-05
RAM Energy (kWh): 0.0001365480076823
Total Energy (kWh): 0.0002197224861663
Country: Italy
CPU Count: 8
Output from C++ program:
reading data/export/foam.subset.r60.h210.bq...
building... 0.397416 seconds
init... 1.09714 seconds
solving... 0.412877 seconds
total: 1.90743 seconds, maxflow: 134827488
Maximum memory usage: 1751.55 MB
Average memory usage: 1242.53 MB

Errors from C++ program:
MBK2:

Emissions: 8.088215787800096e-05 kg CO2e

Additional Metrics:
CO2eRate (kg/s): 2.880639254551451e-05
CPU Energy (kWh): 9.02944714021893e-05
RAM Energy (kWh): 0.0001470399824849
Total Energy (kWh): 0.0002373344538871
Country: Italy
CPU Count: 8
Output from C++ program:
reading data/export/foam.subset.r60.h210.bq...
building...0.723972 seconds
init... 0.628038 seconds
solving... 0.290515 seconds
total: 1.64253 seconds, maxflow: 134827488
Maximum memory usage: 2291.41 MB
Average memory usage: 1581.26 MB

Errors from C++ program:
EIBFS old:

Emissions: 7.244960488378527e-05 kg CO2e

Additional Metrics:
CO2eRate (kg/s): 2.889062776902381e-05
CPU Energy (kWh): 8.126728584710932e-05
RAM Energy (kWh): 0.0001313233257357
Total Energy (kWh): 0.0002125906115829
Country: Italy
CPU Count: 8
Output from C++ program:
reading data/export/foam.subset.r60.h210.bq...
building...0.267422 seconds
init... 0.486296 seconds
solving... 0.284498 seconds
total: 1.03822 seconds, maxflow: 134827488
Maximum memory usage: 1913.01 MB
Average memory usage: 1180.05 MB

Errors from C++ program:
EIBFS new:

Emissions: 5.521345244712662e-05 kg CO2e

Additional Metrics:
CO2eRate (kg/s): 2.895194858914455e-05
CPU Energy (kWh): 6.215451639024136e-05
RAM Energy (kWh): 9.985964010056136e-05
Total Energy (kWh): 0.0001620141564908
Country: Italy
CPU Count: 8
Output from C++ program:
reading data/export/foam.subset.r60.h210.bq...
building...0.262933 seconds
init... 0.00806903 seconds
solving... 1.29892 seconds
total: 1.56992 seconds, maxflow: 134827488
Maximum memory usage: 1161.49 MB
Average memory usage: 984.892 MB

Errors from C++ program:
EIBFS new2:

Emissions: 6.92864541834026e-05 kg CO2e

Additional Metrics:
CO2eRate (kg/s): 2.876032852002053e-05
CPU Energy (kWh): 7.715328616702058e-05
RAM Energy (kWh): 0.0001261556165231
Total Energy (kWh): 0.0002033089026901
Country: Italy
CPU Count: 8
Output from C++ program:
reading data/export/liver.n26c10.max.bbk...
building... 2.2486 seconds
solving... 20.6653 seconds
total: 22.9139 seconds, maxflow: 56739
Maximum memory usage: 9277.46 MB
Average memory usage: 8258.1 MB

Errors from C++ program:
BK:

Emissions: 0.0007430127177824627 kg CO2e

Additional Metrics:
CO2eRate (kg/s): 2.855293462869041e-05
CPU Energy (kWh): 0.0008172377212896
RAM Energy (kWh): 0.0013630022999033
Total Energy (kWh): 0.002180240021193
Country: Italy
CPU Count: 8
Output from C++ program:
reading data/export/liver.n26c10.max.bbk...
building... 1.59061 seconds
solving... 15.1068 seconds
total: 16.6974 seconds, maxflow: 56739
Maximum memory usage: 5050.79 MB
Average memory usage: 4608.56 MB

Errors from C++ program:
MBK:

Emissions: 0.0005535115490883662 kg CO2e

Additional Metrics:
CO2eRate (kg/s): 2.85024007803152e-05
CPU Energy (kWh): 0.0006070166353351
RAM Energy (kWh): 0.0010171655659018
Total Energy (kWh): 0.001624182201237
Country: Italy
CPU Count: 8
Output from C++ program:
reading data/export/liver.n26c10.max.bbk...
building... 1.6263 seconds
init... 3.60821 seconds
solving... 5.3921 seconds
total: 10.6266 seconds, maxflow: 56739
Maximum memory usage: 7940.16 MB
Average memory usage: 6140.48 MB

Errors from C++ program:
MBK2:

Emissions: 0.00038605309816454184 kg CO2e

Additional Metrics:
CO2eRate (kg/s): 2.8771653338781197e-05
CPU Energy (kWh): 0.0004300010740005
RAM Energy (kWh): 0.0007028037822015
Total Energy (kWh): 0.0011328048562021
Country: Italy
CPU Count: 8
Output from C++ program:
reading data/export/liver.n26c10.max.bbk...
building...2.98198 seconds
init... 1.70328 seconds
solving... 6.06332 seconds
total: 10.7486 seconds, maxflow: 56739
Maximum memory usage: 10209.9 MB
Average memory usage: 8036.99 MB

Errors from C++ program:
EIBFS old:

Emissions: 0.00039238611233617334 kg CO2e

Additional Metrics:
CO2eRate (kg/s): 2.8817991378732523e-05
CPU Energy (kWh): 0.0004382045238966
RAM Energy (kWh): 0.0007131834475352
Total Energy (kWh): 0.0011513879714319
Country: Italy
CPU Count: 8
Output from C++ program:
reading data/export/liver.n26c10.max.bbk...
building...1.00892 seconds
init... 1.68277 seconds
solving... 5.9598 seconds
total: 8.65148 seconds, maxflow: 56739
Maximum memory usage: 8620.58 MB
Average memory usage: 6560.09 MB

Errors from C++ program:
EIBFS new:

Emissions: 0.0003286608316119524 kg CO2e

Additional Metrics:
CO2eRate (kg/s): 2.8795323055319205e-05
CPU Energy (kWh): 0.0003665729768692
RAM Energy (kWh): 0.0005978243764056
Total Energy (kWh): 0.0009643973532748
Country: Italy
CPU Count: 8
Output from C++ program:
reading data/export/liver.n26c10.max.bbk...
building...1.03324 seconds
init... 0.0110021 seconds
solving... 20.2946 seconds
total: 21.3388 seconds, maxflow: 56739
Maximum memory usage: 5101.39 MB
Average memory usage: 4762.66 MB

Errors from C++ program:
EIBFS new2:

Emissions: 0.0006841434320011886 kg CO2e

Additional Metrics:
CO2eRate (kg/s): 2.8479438360717296e-05
CPU Energy (kWh): 0.0007492480674535
RAM Energy (kWh): 0.0012582503978985
Total Energy (kWh): 0.002007498465352
Country: Italy
CPU Count: 8
Output from C++ program:
reading data/export/liver.n26c100.max.bbk...
building... 2.25748 seconds
solving... 29.0417 seconds
total: 31.2992 seconds, maxflow: 641917
Maximum memory usage: 9277.32 MB
Average memory usage: 8496.88 MB

Errors from C++ program:
BK:

Emissions: 0.0009826239144248244 kg CO2e

Additional Metrics:
CO2eRate (kg/s): 2.8541256027016983e-05
CPU Energy (kWh): 0.001080057201545
RAM Energy (kWh): 0.0018032796953041
Total Energy (kWh): 0.0028833368968491
Country: Italy
CPU Count: 8
Output from C++ program:
reading data/export/liver.n26c100.max.bbk...
building... 1.59673 seconds
solving... 22.0096 seconds
total: 23.6063 seconds, maxflow: 641917
Maximum memory usage: 5050.79 MB
Average memory usage: 4722.27 MB

Errors from C++ program:
MBK:

Emissions: 0.0007533455516961705 kg CO2e

Additional Metrics:
CO2eRate (kg/s): 2.8509489746000198e-05
CPU Energy (kWh): 0.0008264959750851
RAM Energy (kWh): 0.0013840639282469
Total Energy (kWh): 0.0022105599033321
Country: Italy
CPU Count: 8
Output from C++ program:
reading data/export/liver.n26c100.max.bbk...
building... 1.63201 seconds
init... 3.63265 seconds
solving... 10.4333 seconds
total: 15.698 seconds, maxflow: 641917
Maximum memory usage: 7940.21 MB
Average memory usage: 6618.43 MB

Errors from C++ program:
MBK2:

Emissions: 0.0005322926006188726 kg CO2e

Additional Metrics:
CO2eRate (kg/s): 2.8741881883967637e-05
CPU Energy (kWh): 0.0005919073579699
RAM Energy (kWh): 0.0009700115743436
Total Energy (kWh): 0.0015619189323135
Country: Italy
CPU Count: 8
Output from C++ program:
reading data/export/liver.n26c100.max.bbk...
building...2.977 seconds
init... 1.70916 seconds
solving... 7.59484 seconds
total: 12.281 seconds, maxflow: 641917
Maximum memory usage: 10210.1 MB
Average memory usage: 8235.87 MB

Errors from C++ program:
EIBFS old:

Emissions: 0.00043822231468594055 kg CO2e

Additional Metrics:
CO2eRate (kg/s): 2.880120458928402e-05
CPU Energy (kWh): 0.0004889520475502
RAM Energy (kWh): 0.0007969341907225
Total Energy (kWh): 0.0012858862382728
Country: Italy
CPU Count: 8
Output from C++ program:
reading data/export/liver.n26c100.max.bbk...
building...1.00551 seconds
init... 1.68516 seconds
solving... 7.40915 seconds
total: 10.0998 seconds, maxflow: 641917
Maximum memory usage: 8620.78 MB
Average memory usage: 6791.2 MB

Errors from C++ program:
EIBFS new:

Emissions: 0.0003746211442065233 kg CO2e

Additional Metrics:
CO2eRate (kg/s): 2.8785671289875788e-05
CPU Energy (kWh): 0.0004176026179707
RAM Energy (kWh): 0.0006816571818101
Total Energy (kWh): 0.0010992597997808
Country: Italy
CPU Count: 8
Output from C++ program:
reading data/export/liver.n26c100.max.bbk...
building...1.0345 seconds
init... 0.0110249 seconds
solving... 23.8602 seconds
total: 24.9058 seconds, maxflow: 641917
Maximum memory usage: 5105.56 MB
Average memory usage: 4807.66 MB

Errors from C++ program:
EIBFS new2:

Emissions: 0.0007888824316245922 kg CO2e

Additional Metrics:
CO2eRate (kg/s): 2.8453816455280167e-05
CPU Energy (kWh): 0.0008626445931706
RAM Energy (kWh): 0.0014521920284382
Total Energy (kWh): 0.0023148366216089
Country: Italy
CPU Count: 8
Output from C++ program:
reading data/export/liver.n6c10.max.bbk...
building... 0.575187 seconds
solving... 7.21452 seconds
total: 7.78971 seconds, maxflow: 55104
Maximum memory usage: 2292.3 MB
Average memory usage: 2085.99 MB

Errors from C++ program:
BK:

Emissions: 0.00024613015283894544 kg CO2e

Additional Metrics:
CO2eRate (kg/s): 2.8579076347872288e-05
CPU Energy (kWh): 0.0002711414735796
RAM Energy (kWh): 0.0004510841314454
Total Energy (kWh): 0.0007222256050251
Country: Italy
CPU Count: 8
Output from C++ program:
reading data/export/liver.n6c10.max.bbk...
building... 0.394359 seconds
solving... 5.62218 seconds
total: 6.01654 seconds, maxflow: 55104
Maximum memory usage: 1240.32 MB
Average memory usage: 1153.91 MB

Errors from C++ program:
MBK:

Emissions: 0.00019439661818768228 kg CO2e

Additional Metrics:
CO2eRate (kg/s): 2.8542198772366363e-05
CPU Energy (kWh): 0.0002136981340139
RAM Energy (kWh): 0.0003567245206915
Total Energy (kWh): 0.0005704226547054
Country: Italy
CPU Count: 8
Output from C++ program:
reading data/export/liver.n6c10.max.bbk...
building... 0.400894 seconds
init... 0.524682 seconds
solving... 4.03029 seconds
total: 4.95587 seconds, maxflow: 55104
Maximum memory usage: 1907.66 MB
Average memory usage: 1657.04 MB

Errors from C++ program:
MBK2:

Emissions: 0.00016345368755434604 kg CO2e

Additional Metrics:
CO2eRate (kg/s): 2.8629599010485765e-05
CPU Energy (kWh): 0.0001806035911494
RAM Energy (kWh): 0.0002990224807718
Total Energy (kWh): 0.0004796260719212
Country: Italy
CPU Count: 8
Output from C++ program:
reading data/export/liver.n6c10.max.bbk...
building...0.787353 seconds
init... 0.390421 seconds
solving... 3.20794 seconds
total: 4.38572 seconds, maxflow: 55104
Maximum memory usage: 2590.18 MB
Average memory usage: 2188.35 MB

Errors from C++ program:
EIBFS old:

Emissions: 0.0001494487706753817 kg CO2e

Additional Metrics:
CO2eRate (kg/s): 2.8685643542164864e-05
CPU Energy (kWh): 0.0001656700778137
RAM Energy (kWh): 0.0002728610309363
Total Energy (kWh): 0.0004385311087501
Country: Italy
CPU Count: 8
Output from C++ program:
reading data/export/liver.n6c10.max.bbk...
building...0.283187 seconds
init... 0.43851 seconds
solving... 3.17788 seconds
total: 3.89958 seconds, maxflow: 55104
Maximum memory usage: 2112.01 MB
Average memory usage: 1774.58 MB

Errors from C++ program:
EIBFS new:

Emissions: 0.00013529454624399727 kg CO2e

Additional Metrics:
CO2eRate (kg/s): 2.873187216702223e-05
CPU Energy (kWh): 0.0001503807472489
RAM Energy (kWh): 0.0002466172816013
Total Energy (kWh): 0.0003969980288502
Country: Italy
CPU Count: 8
Output from C++ program:
reading data/export/liver.n6c10.max.bbk...
building...0.272862 seconds
init... 0.011339 seconds
solving... 4.71926 seconds
total: 5.00346 seconds, maxflow: 55104
Maximum memory usage: 1291.15 MB
Average memory usage: 1184.96 MB

Errors from C++ program:
EIBFS new2:

Emissions: 0.00016601356219510694 kg CO2e

Additional Metrics:
CO2eRate (kg/s): 2.8573472348247534e-05
CPU Energy (kWh): 0.0001828392201601
RAM Energy (kWh): 0.0003042983532569
Total Energy (kWh): 0.000487137573417
Country: Italy
CPU Count: 8
Output from C++ program:
reading data/export/liver.n6c100.max.bbk...
building... 0.575651 seconds
solving... 12.902 seconds
total: 13.4776 seconds, maxflow: 625447
Maximum memory usage: 2292.36 MB
Average memory usage: 2168.42 MB

Errors from C++ program:
BK:

Emissions: 0.00040738382193451853 kg CO2e

Additional Metrics:
CO2eRate (kg/s): 2.845684727583159e-05
CPU Energy (kWh): 0.0004455577892237
RAM Energy (kWh): 0.0007498383208442
Total Energy (kWh): 0.001195396110068
Country: Italy
CPU Count: 8
Output from C++ program:
reading data/export/liver.n6c100.max.bbk...
building... 0.3936 seconds
solving... 10.6722 seconds
total: 11.0658 seconds, maxflow: 625447
Maximum memory usage: 1240.63 MB
Average memory usage: 1191.32 MB

Errors from C++ program:
MBK:

Emissions: 0.00033660810179957714 kg CO2e

Additional Metrics:
CO2eRate (kg/s): 2.8493791465791942e-05
CPU Energy (kWh): 0.0003689563615537
RAM Energy (kWh): 0.000618760857058
Total Energy (kWh): 0.0009877172186117
Country: Italy
CPU Count: 8
Output from C++ program:
reading data/export/liver.n6c100.max.bbk...
building... 0.400004 seconds
init... 0.523217 seconds
solving... 9.09621 seconds
total: 10.0194 seconds, maxflow: 625447
Maximum memory usage: 1907.61 MB
Average memory usage: 1776.28 MB

Errors from C++ program:
MBK2:

Emissions: 0.0003086079993312589 kg CO2e

Additional Metrics:
CO2eRate (kg/s): 2.8541900492102356e-05
CPU Energy (kWh): 0.0003392243919348
RAM Energy (kWh): 0.0005663314550907
Total Energy (kWh): 0.0009055558470256
Country: Italy
CPU Count: 8
Output from C++ program:
reading data/export/liver.n6c100.max.bbk...
building...0.794028 seconds
init... 0.394987 seconds
solving... 4.33837 seconds
total: 5.52739 seconds, maxflow: 625447
Maximum memory usage: 2590.18 MB
Average memory usage: 2259.14 MB

Errors from C++ program:
EIBFS old:

Emissions: 0.00018154705232936808 kg CO2e

Additional Metrics:
CO2eRate (kg/s): 2.877050862247075e-05
CPU Energy (kWh): 0.0002022193231642
RAM Energy (kWh): 0.0003304985425533
Total Energy (kWh): 0.0005327178657176
Country: Italy
CPU Count: 8
Output from C++ program:
reading data/export/liver.n6c100.max.bbk...
building...0.283255 seconds
init... 0.438873 seconds
solving... 4.21789 seconds
total: 4.94001 seconds, maxflow: 625447
Maximum memory usage: 2112.08 MB
Average memory usage: 1835.09 MB

Errors from C++ program:
EIBFS new:

Emissions: 0.00016380304561605004 kg CO2e

Additional Metrics:
CO2eRate (kg/s): 2.8689401977499087e-05
CPU Energy (kWh): 0.000181619366962
RAM Energy (kWh): 0.0002990318346907
Total Energy (kWh): 0.0004806512016527
Country: Italy
CPU Count: 8
Output from C++ program:
reading data/export/liver.n6c100.max.bbk...
building...0.271229 seconds
init... 0.0113634 seconds
solving... 5.89794 seconds
total: 6.18053 seconds, maxflow: 625447
Maximum memory usage: 1295.3 MB
Average memory usage: 1206.46 MB

Errors from C++ program:
EIBFS new2:

Emissions: 0.00019774986631704284 kg CO2e

Additional Metrics:
CO2eRate (kg/s): 2.861142267372688e-05
CPU Energy (kWh): 0.0002182616904425
RAM Energy (kWh): 0.0003620004805963
Total Energy (kWh): 0.0005802621710389
Country: Italy
CPU Count: 8
Output from C++ program:
reading data/export/simcells.sd2.bq...
building... 0.178436 seconds
solving... 3.0196 seconds
total: 3.19804 seconds, maxflow: 8492538
Maximum memory usage: 558.535 MB
Average memory usage: 510.04 MB

Errors from C++ program:
BK:

Emissions: 0.00010297270103969242 kg CO2e

Additional Metrics:
CO2eRate (kg/s): 2.853976016898347e-05
CPU Energy (kWh): 0.0001131953133339
RAM Energy (kWh): 0.0001889599506662
Total Energy (kWh): 0.0003021552640002
Country: Italy
CPU Count: 8
Output from C++ program:
reading data/export/simcells.sd2.bq...
building... 0.114053 seconds
solving... 2.08956 seconds
total: 2.20362 seconds, maxflow: 8492538
Maximum memory usage: 309.742 MB
Average memory usage: 296.889 MB

Errors from C++ program:
MBK:

Emissions: 7.189092259845428e-05 kg CO2e

Additional Metrics:
CO2eRate (kg/s): 2.8583295215469984e-05
CPU Energy (kWh): 7.92395997805187e-05
RAM Energy (kWh): 0.0001317116569858
Total Energy (kWh): 0.0002109512567664
Country: Italy
CPU Count: 8
Output from C++ program:
reading data/export/simcells.sd2.bq...
building... 0.11626 seconds
init... 0.284706 seconds
solving... 1.45555 seconds
total: 1.85652 seconds, maxflow: 8492538
Maximum memory usage: 468.973 MB
Average memory usage: 418.746 MB

Errors from C++ program:
MBK2:

Emissions: 6.0307030324097546e-05 kg CO2e

Additional Metrics:
CO2eRate (kg/s): 2.861186425450172e-05
CPU Energy (kWh): 6.658735632539964e-05
RAM Energy (kWh): 0.0001103730077775
Total Energy (kWh): 0.0001769603641029
Country: Italy
CPU Count: 8
Output from C++ program:
reading data/export/simcells.sd2.bq...
building...0.210262 seconds
init... 0.144669 seconds
solving... 0.453431 seconds
total: 0.808361 seconds, maxflow: 8492538
Maximum memory usage: 627.113 MB
Average memory usage: 499.248 MB

Errors from C++ program:
EIBFS old:

Emissions: 3.176967126342749e-05 kg CO2e

Additional Metrics:
CO2eRate (kg/s): 2.870538479576648e-05
CPU Energy (kWh): 3.528795600812179e-05
RAM Energy (kWh): 5.793455161650628e-05
Total Energy (kWh): 9.322250762462808e-05
Country: Italy
CPU Count: 8
Output from C++ program:
reading data/export/simcells.sd2.bq...
building...0.0883869 seconds
init... 0.122938 seconds
solving... 0.436443 seconds
total: 0.647767 seconds, maxflow: 8492538
Maximum memory usage: 516.156 MB
Average memory usage: 395.18 MB

Errors from C++ program:
EIBFS new:

Emissions: 2.6058708577447758e-05 kg CO2e

Additional Metrics:
CO2eRate (kg/s): 2.8747736207881338e-05
CPU Energy (kWh): 2.9017757658636456e-05
RAM Energy (kWh): 4.74469353155584e-05
Total Energy (kWh): 7.646469297419485e-05
Country: Italy
CPU Count: 8
Output from C++ program:
reading data/export/simcells.sd2.bq...
building...0.0839161 seconds
init... 0.00534359 seconds
solving... 0.956443 seconds
total: 1.0457 seconds, maxflow: 8492538
Maximum memory usage: 325.637 MB
Average memory usage: 297.212 MB

Errors from C++ program:
EIBFS new2:

Emissions: 3.733296033805215e-05 kg CO2e

Additional Metrics:
CO2eRate (kg/s): 2.8574053549596172e-05
CPU Energy (kWh): 4.114306541442431e-05
RAM Energy (kWh): 6.84039346444152e-05
Total Energy (kWh): 0.0001095470000588
Country: Italy
CPU Count: 8
Output from C++ program:
reading data/export/simcells.sd3.bq...
building... 0.721463 seconds
solving... 16.2795 seconds
total: 17.001 seconds, maxflow: 32810668
Maximum memory usage: 2217.84 MB
Average memory usage: 2105.39 MB

Errors from C++ program:
BK:

Emissions: 0.0005134083633719603 kg CO2e

Additional Metrics:
CO2eRate (kg/s): 2.8495131705126105e-05
CPU Energy (kWh): 0.0005628067624672
RAM Energy (kWh): 0.0009436997000055
Total Energy (kWh): 0.0015065064624728
Country: Italy
CPU Count: 8
Output from C++ program:
reading data/export/simcells.sd3.bq...
building... 0.514631 seconds
solving... 11.6763 seconds
total: 12.1909 seconds, maxflow: 32810668
Maximum memory usage: 1225.73 MB
Average memory usage: 1188.98 MB

Errors from C++ program:
MBK:

Emissions: 0.00037637077327457805 kg CO2e

Additional Metrics:
CO2eRate (kg/s): 2.8695658714792556e-05
CPU Energy (kWh): 0.000417407797537
RAM Energy (kWh): 0.0006869859807412
Total Energy (kWh): 0.0011043937782783
Country: Italy
CPU Count: 8
Output from C++ program:
reading data/export/simcells.sd3.bq...
building... 0.535507 seconds
init... 1.29027 seconds
solving... 8.29177 seconds
total: 10.1175 seconds, maxflow: 32810668
Maximum memory usage: 1860.42 MB
Average memory usage: 1708.77 MB

Errors from C++ program:
MBK2:

Emissions: 0.00031744443561043087 kg CO2e

Additional Metrics:
CO2eRate (kg/s): 2.856611717799693e-05
CPU Energy (kWh): 0.0003494295709323
RAM Energy (kWh): 0.000582055242798
Total Energy (kWh): 0.0009314848137303
Country: Italy
CPU Count: 8
Output from C++ program:
reading data/export/simcells.sd3.bq...
building...0.847952 seconds
init... 0.63591 seconds
solving... 2.44132 seconds
total: 3.92518 seconds, maxflow: 32810668
Maximum memory usage: 2491.75 MB
Average memory usage: 2065.3 MB

Errors from C++ program:
EIBFS old:

Emissions: 0.00014133865291509996 kg CO2e

Additional Metrics:
CO2eRate (kg/s): 2.879078708436773e-05
CPU Energy (kWh): 0.000157620555263
RAM Energy (kWh): 0.0002571128406157
Total Energy (kWh): 0.0004147333958787
Country: Italy
CPU Count: 8
Output from C++ program:
reading data/export/simcells.sd3.bq...
building...0.38281 seconds
init... 0.520023 seconds
solving... 2.39303 seconds
total: 3.29586 seconds, maxflow: 32810668
Maximum memory usage: 2049.55 MB
Average memory usage: 1654.48 MB

Errors from C++ program:
EIBFS new:

Emissions: 0.00012378374262285907 kg CO2e

Additional Metrics:
CO2eRate (kg/s): 2.872739813369076e-05
CPU Energy (kWh): 0.0001375506544848
RAM Energy (kWh): 0.0002256709474883
Total Energy (kWh): 0.0003632216019732
Country: Italy
CPU Count: 8
Output from C++ program:
reading data/export/simcells.sd3.bq...
building...0.374763 seconds
init... 0.0204504 seconds
solving... 4.96993 seconds
total: 5.36515 seconds, maxflow: 32810668
Maximum memory usage: 1289.12 MB
Average memory usage: 1201.1 MB

Errors from C++ program:
EIBFS new2:

Emissions: 0.00018024779048059566 kg CO2e

Additional Metrics:
CO2eRate (kg/s): 2.8564885543229216e-05
CPU Energy (kWh): 0.0001984130248414
RAM Energy (kWh): 0.0003304923857016
Total Energy (kWh): 0.000528905410543
Country: Italy
CPU Count: 8
Output from C++ program:
reading data/export/super_res-E1.txt.bbk...
building... 0.001107 seconds
solving... 0.00178342 seconds
total: 0.00289042 seconds, maxflow: 73180322
Maximum memory usage: 89.4062 MB
Average memory usage: 89.4062 MB

Errors from C++ program:
BK:

Emissions: 2.938860570356973e-06 kg CO2e

Additional Metrics:
CO2eRate (kg/s): 2.7749830359501425e-05
CPU Energy (kWh): 3.108328597775656e-06
RAM Energy (kWh): 5.515240392162469e-06
Total Energy (kWh): 8.623568989938125e-06
Country: Italy
CPU Count: 8
Output from C++ program:
reading data/export/super_res-E1.txt.bbk...
building... 0.000695033 seconds
solving... 0.00163778 seconds
total: 0.00233281 seconds, maxflow: 73180322
Maximum memory usage: 89.3945 MB
Average memory usage: 89.3945 MB

Errors from C++ program:
MBK:

Emissions: 2.9660413234499165e-06 kg CO2e

Additional Metrics:
CO2eRate (kg/s): 2.806036577920067e-05
CPU Energy (kWh): 3.194879500345582e-06
RAM Energy (kWh): 5.50844662467398e-06
Total Energy (kWh): 8.703326125019562e-06
Country: Italy
CPU Count: 8
Output from C++ program:
reading data/export/super_res-E1.txt.bbk...
building... 0.0007042 seconds
init... 0.000643885 seconds
solving... 0.00142786 seconds
total: 0.00277594 seconds, maxflow: 73180322
Maximum memory usage: 89.2617 MB
Average memory usage: 89.2617 MB

Errors from C++ program:
MBK2:

Emissions: 2.9261527525210872e-06 kg CO2e

Additional Metrics:
CO2eRate (kg/s): 2.769005580463188e-05
CPU Energy (kWh): 3.078370518251605e-06
RAM Energy (kWh): 5.507909617317353e-06
Total Energy (kWh): 8.586280135568958e-06
Country: Italy
CPU Count: 8
Output from C++ program:
reading data/export/super_res-E1.txt.bbk...
building...0.00127882 seconds
init... 0.00026946 seconds
solving... 0.000884624 seconds
total: 0.00243291 seconds, maxflow: 73180322
Maximum memory usage: 89.3711 MB
Average memory usage: 89.3711 MB

Errors from C++ program:
EIBFS old:

Emissions: 2.9231235058243046e-06 kg CO2e

Additional Metrics:
CO2eRate (kg/s): 2.771428839157686e-05
CPU Energy (kWh): 3.080184408588149e-06
RAM Energy (kWh): 5.497206935814348e-06
Total Energy (kWh): 8.577391344402498e-06
Country: Italy
CPU Count: 8
Output from C++ program:
reading data/export/super_res-E1.txt.bbk...
building...0.000511035 seconds
init... 0.000547126 seconds
solving... 0.000948597 seconds
total: 0.00200676 seconds, maxflow: 73180322
Maximum memory usage: 89.3789 MB
Average memory usage: 89.3789 MB

Errors from C++ program:
EIBFS new:

Emissions: 2.9291336165099524e-06 kg CO2e

Additional Metrics:
CO2eRate (kg/s): 2.769202316278487e-05
CPU Energy (kWh): 3.082134410151149e-06
RAM Energy (kWh): 5.512892546045123e-06
Total Energy (kWh): 8.595026956196273e-06
Country: Italy
CPU Count: 8
Output from C++ program:
reading data/export/super_res-E1.txt.bbk...
building...0.000499143 seconds
init... 5.7479e-05 seconds
solving... 0.00115404 seconds
total: 0.00171066 seconds, maxflow: 73180322
Maximum memory usage: 89.375 MB
Average memory usage: 89.375 MB

Errors from C++ program:
EIBFS new2:

Emissions: 2.930246301594571e-06 kg CO2e

Additional Metrics:
CO2eRate (kg/s): 2.7767258108000803e-05
CPU Energy (kWh): 3.0989869236330847e-06
RAM Energy (kWh): 5.499305011068146e-06
Total Energy (kWh): 8.59829193470123e-06
Country: Italy
CPU Count: 8
Output from C++ program:
reading data/export/super_res-Paper1.txt.bbk...
building... 0.000953287 seconds
solving... 0.00151978 seconds
total: 0.00247307 seconds, maxflow: 73180322
Maximum memory usage: 89.3672 MB
Average memory usage: 89.3672 MB

Errors from C++ program:
BK:

Emissions: 2.939562895099576e-06 kg CO2e

Additional Metrics:
CO2eRate (kg/s): 2.7717213601558647e-05
CPU Energy (kWh): 3.103445816089734e-06
RAM Energy (kWh): 5.522184022169086e-06
Total Energy (kWh): 8.62562983825882e-06
Country: Italy
CPU Count: 8
Output from C++ program:
reading data/export/super_res-Paper1.txt.bbk...
building... 0.000691351 seconds
solving... 0.00164865 seconds
total: 0.00234 seconds, maxflow: 73180322
Maximum memory usage: 89.2891 MB
Average memory usage: 89.2891 MB

Errors from C++ program:
MBK:

Emissions: 2.9272229658474945e-06 kg CO2e

Additional Metrics:
CO2eRate (kg/s): 2.7716817003815197e-05
CPU Energy (kWh): 3.085219968182451e-06
RAM Energy (kWh): 5.504200519993674e-06
Total Energy (kWh): 8.589420488176125e-06
Country: Italy
CPU Count: 8
Output from C++ program:
reading data/export/super_res-Paper1.txt.bbk...
building... 0.000708097 seconds
init... 0.00062817 seconds
solving... 0.00144216 seconds
total: 0.00277843 seconds, maxflow: 73180322
Maximum memory usage: 89.2383 MB
Average memory usage: 89.2383 MB

Errors from C++ program:
MBK2:

Emissions: 2.9490905000847763e-06 kg CO2e

Additional Metrics:
CO2eRate (kg/s): 2.7927970866911214e-05
CPU Energy (kWh): 3.153307800422833e-06
RAM Energy (kWh): 5.50027911743598e-06
Total Energy (kWh): 8.653586917858813e-06
Country: Italy
CPU Count: 8
Output from C++ program:
reading data/export/super_res-Paper1.txt.bbk...
building...0.00127461 seconds
init... 0.000270279 seconds
solving... 0.000937755 seconds
total: 0.00248264 seconds, maxflow: 73180322
Maximum memory usage: 89.25 MB
Average memory usage: 89.25 MB

Errors from C++ program:
EIBFS old:

Emissions: 2.944553682151719e-06 kg CO2e

Additional Metrics:
CO2eRate (kg/s): 2.7849103413646987e-05
CPU Energy (kWh): 3.1339633405000344e-06
RAM Energy (kWh): 5.50631108379065e-06
Total Energy (kWh): 8.640274424290684e-06
Country: Italy
CPU Count: 8
Output from C++ program:
reading data/export/super_res-Paper1.txt.bbk...
building...0.000512906 seconds
init... 0.000558051 seconds
solving... 0.000943523 seconds
total: 0.00201448 seconds, maxflow: 73180322
Maximum memory usage: 89.2148 MB
Average memory usage: 89.2148 MB

Errors from C++ program:
EIBFS new:

Emissions: 2.929678333868736e-06 kg CO2e

Additional Metrics:
CO2eRate (kg/s): 2.7816992129946543e-05
CPU Energy (kWh): 3.107073874547561e-06
RAM Energy (kWh): 5.48955145884662e-06
Total Energy (kWh): 8.59662533339418e-06
Country: Italy
CPU Count: 8
Output from C++ program:
reading data/export/super_res-Paper1.txt.bbk...
building...0.000496395 seconds
init... 6.1472e-05 seconds
solving... 0.00117728 seconds
total: 0.00173514 seconds, maxflow: 73180322
Maximum memory usage: 89.3125 MB
Average memory usage: 89.3125 MB

Errors from C++ program:
EIBFS new2:

Emissions: 2.971782841319147e-06 kg CO2e

Additional Metrics:
CO2eRate (kg/s): 2.814452016807435e-05
CPU Energy (kWh): 3.217733963070679e-06
RAM Energy (kWh): 5.502439635405665e-06
Total Energy (kWh): 8.720173598476344e-06
Country: Italy
CPU Count: 8
Output from C++ program:
reading data/export/superres_graph.txt.bbk...
building... 0.0148076 seconds
solving... 0.0401607 seconds
total: 0.0549683 seconds, maxflow: 29641726
Maximum memory usage: 89.3828 MB
Average memory usage: 89.3828 MB

Errors from C++ program:
BK:

Emissions: 3.0331529704985516e-06 kg CO2e

Additional Metrics:
CO2eRate (kg/s): 2.864185124922656e-05
CPU Energy (kWh): 3.3859871532287977e-06
RAM Energy (kWh): 5.514266285794634e-06
Total Energy (kWh): 8.900253439023433e-06
Country: Italy
CPU Count: 8
Output from C++ program:
reading data/export/superres_graph.txt.bbk...
building... 0.01033 seconds
solving... 0.0201134 seconds
total: 0.0304434 seconds, maxflow: 29641726
Maximum memory usage: 89.3711 MB
Average memory usage: 89.3711 MB

Errors from C++ program:
MBK:

Emissions: 2.989393717285553e-06 kg CO2e

Additional Metrics:
CO2eRate (kg/s): 2.826401549528122e-05
CPU Energy (kWh): 3.263815111051449e-06
RAM Energy (kWh): 5.508034502749127e-06
Total Energy (kWh): 8.771849613800576e-06
Country: Italy
CPU Count: 8
Output from C++ program:
reading data/export/superres_graph.txt.bbk...
building... 0.0104991 seconds
init... 0.0208886 seconds
solving... 0.00969683 seconds
total: 0.0410845 seconds, maxflow: 29641726
Maximum memory usage: 89.3828 MB
Average memory usage: 89.3828 MB

Errors from C++ program:
MBK2:

Emissions: 2.9920559325689033e-06 kg CO2e

Additional Metrics:
CO2eRate (kg/s): 2.8262492013497708e-05
CPU Energy (kWh): 3.266019557260358e-06
RAM Energy (kWh): 5.513641858635765e-06
Total Energy (kWh): 8.779661415896123e-06
Country: Italy
CPU Count: 8
Output from C++ program:
reading data/export/superres_graph.txt.bbk...
building...0.0195067 seconds
init... 0.00818481 seconds
solving... 0.00669481 seconds
total: 0.0343863 seconds, maxflow: 29641726
Maximum memory usage: 89.3516 MB
Average memory usage: 89.3516 MB

Errors from C++ program:
EIBFS old:

Emissions: 3.0303066353924753e-06 kg CO2e

Additional Metrics:
CO2eRate (kg/s): 2.866279064041964e-05
CPU Energy (kWh): 3.388699933180861e-06
RAM Energy (kWh): 5.503201436539484e-06
Total Energy (kWh): 8.891901369720345e-06
Country: Italy
CPU Count: 8
Output from C++ program:
reading data/export/superres_graph.txt.bbk...
building...0.00660565 seconds
init... 0.0106968 seconds
solving... 0.00589121 seconds
total: 0.0231936 seconds, maxflow: 29641726
Maximum memory usage: 89.2891 MB
Average memory usage: 89.2891 MB

Errors from C++ program:
EIBFS new:

Emissions: 2.983317847313766e-06 kg CO2e

Additional Metrics:
CO2eRate (kg/s): 2.8145978231380488e-05
CPU Energy (kWh): 3.2342473096219626e-06
RAM Energy (kWh): 5.519773733335854e-06
Total Energy (kWh): 8.754021042957817e-06
Country: Italy
CPU Count: 8
Output from C++ program:
reading data/export/superres_graph.txt.bbk...
building...0.00688907 seconds
init... 0.000273855 seconds
solving... 0.0190258 seconds
total: 0.0261887 seconds, maxflow: 29641726
Maximum memory usage: 89.2578 MB
Average memory usage: 89.2578 MB

Errors from C++ program:
EIBFS new2:

Emissions: 2.99510388187797e-06 kg CO2e

Additional Metrics:
CO2eRate (kg/s): 2.8250310204790168e-05
CPU Energy (kWh): 3.2729026183259124e-06
RAM Energy (kWh): 5.515702468260031e-06
Total Energy (kWh): 8.788605086585944e-06
Country: Italy
CPU Count: 8
Output from C++ program:
reading data/export/texture-Cremer.txt.bbk...
building... 0.0152098 seconds
solving... 1.71738 seconds
total: 1.73259 seconds, maxflow: 1320925132
Maximum memory usage: 89.3086 MB
Average memory usage: 89.3086 MB

Errors from C++ program:
BK:

Emissions: 5.132899537244167e-05 kg CO2e

Additional Metrics:
CO2eRate (kg/s): 2.8401918471351977e-05
CPU Energy (kWh): 5.5984602009867546e-05
RAM Energy (kWh): 9.46312990108126e-05
Total Energy (kWh): 0.0001506159010206
Country: Italy
CPU Count: 8
Output from C++ program:
reading data/export/texture-Cremer.txt.bbk...
building... 0.0104886 seconds
solving... 1.46517 seconds
total: 1.47566 seconds, maxflow: 1320925132
Maximum memory usage: 89.375 MB
Average memory usage: 89.375 MB

Errors from C++ program:
MBK:

Emissions: 4.290017982591549e-05 kg CO2e

Additional Metrics:
CO2eRate (kg/s): 2.847782484260545e-05
CPU Energy (kWh): 4.700763482830273e-05
RAM Energy (kWh): 7.887539077049155e-05
Total Energy (kWh): 0.0001258830255987
Country: Italy
CPU Count: 8
Output from C++ program:
reading data/export/texture-Cremer.txt.bbk...
building... 0.0107544 seconds
init... 0.0229344 seconds
solving... 1.3391 seconds
total: 1.37279 seconds, maxflow: 1320925132
Maximum memory usage: 89.2734 MB
Average memory usage: 89.2734 MB

Errors from C++ program:
MBK2:

Emissions: 4.004568949699062e-05 kg CO2e

Additional Metrics:
CO2eRate (kg/s): 2.847079481150064e-05
CPU Energy (kWh): 4.386368564647525e-05
RAM Energy (kWh): 7.36433405834191e-05
Total Energy (kWh): 0.0001175070262298
Country: Italy
CPU Count: 8
Output from C++ program:
reading data/export/texture-Cremer.txt.bbk...
building...0.020088 seconds
init... 0.00961235 seconds
solving... 0.235854 seconds
total: 0.265555 seconds, maxflow: 1320925132
Maximum memory usage: 89.4297 MB
Average memory usage: 89.4297 MB

Errors from C++ program:
EIBFS old:

Emissions: 8.78158864630883e-06 kg CO2e

Additional Metrics:
CO2eRate (kg/s): 2.869726479019526e-05
CPU Energy (kWh): 9.772525040231683e-06
RAM Energy (kWh): 1.5995500941178877e-05
Total Energy (kWh): 2.576802598141056e-05
Country: Italy
CPU Count: 8
Output from C++ program:
reading data/export/texture-Cremer.txt.bbk...
building...0.00679764 seconds
init... 0.0115019 seconds
solving... 0.215458 seconds
total: 0.233757 seconds, maxflow: 1320925132
Maximum memory usage: 89.3789 MB
Average memory usage: 89.3789 MB

Errors from C++ program:
EIBFS new:

Emissions: 8.764717135370718e-06 kg CO2e

Additional Metrics:
CO2eRate (kg/s): 2.8649943217228005e-05
CPU Energy (kWh): 9.73022445083932e-06
RAM Energy (kWh): 1.5988295051765535e-05
Total Energy (kWh): 2.571851950260485e-05
Country: Italy
CPU Count: 8
Output from C++ program:
reading data/export/texture-Cremer.txt.bbk...
building...0.00688903 seconds
init... 0.000267614 seconds
solving... 0.409313 seconds
total: 0.41647 seconds, maxflow: 1320925132
Maximum memory usage: 89.4062 MB
Average memory usage: 89.4062 MB

Errors from C++ program:
EIBFS new2:

Emissions: 1.445548427523534e-05 kg CO2e

Additional Metrics:
CO2eRate (kg/s): 2.8572241049096136e-05
CPU Energy (kWh): 1.594878053678972e-05
RAM Energy (kWh): 2.6468293341375213e-05
Total Energy (kWh): 4.2417073878164935e-05
Country: Italy
CPU Count: 8
Output from C++ program:
reading data/export/texture-OLD-D103.txt.bbk...
building... 0.0143874 seconds
solving... 0.779725 seconds
total: 0.794112 seconds, maxflow: 738239507
Maximum memory usage: 89.3477 MB
Average memory usage: 89.3477 MB

Errors from C++ program:
BK:

Emissions: 2.5790226944353137e-05 kg CO2e

Additional Metrics:
CO2eRate (kg/s): 2.844891575146585e-05
CPU Energy (kWh): 2.822865924958368e-05
RAM Energy (kWh): 4.744822163550567e-05
Total Energy (kWh): 7.567688088508934e-05
Country: Italy
CPU Count: 8
Output from C++ program:
reading data/export/texture-OLD-D103.txt.bbk...
building... 0.00981547 seconds
solving... 0.577866 seconds
total: 0.587682 seconds, maxflow: 738239507
Maximum memory usage: 89.2773 MB
Average memory usage: 89.2773 MB

Errors from C++ program:
MBK:

Emissions: 2.0099524701023615e-05 kg CO2e

Additional Metrics:
CO2eRate (kg/s): 2.846120654668292e-05
CPU Energy (kWh): 2.2019834838078733e-05
RAM Energy (kWh): 3.695868209890847e-05
Total Energy (kWh): 5.89785169369872e-05
Country: Italy
CPU Count: 8
Output from C++ program:
reading data/export/texture-OLD-D103.txt.bbk...
building... 0.0101087 seconds
init... 0.021262 seconds
solving... 0.461603 seconds
total: 0.492974 seconds, maxflow: 738239507
Maximum memory usage: 89.2891 MB
Average memory usage: 89.2891 MB

Errors from C++ program:
MBK2:

Emissions: 1.722517516637047e-05 kg CO2e

Additional Metrics:
CO2eRate (kg/s): 2.8408233705034708e-05
CPU Energy (kWh): 1.882007255604029e-05
RAM Energy (kWh): 3.172417166883008e-05
Total Energy (kWh): 5.054424422487037e-05
Country: Italy
CPU Count: 8
Output from C++ program:
reading data/export/texture-OLD-D103.txt.bbk...
building...0.0190895 seconds
init... 0.00815664 seconds
solving... 0.124005 seconds
total: 0.151252 seconds, maxflow: 738239507
Maximum memory usage: 89.375 MB
Average memory usage: 89.375 MB

Errors from C++ program:
EIBFS old:

Emissions: 5.900942292680322e-06 kg CO2e

Additional Metrics:
CO2eRate (kg/s): 2.8670258251078733e-05
CPU Energy (kWh): 6.567049142522374e-06
RAM Energy (kWh): 1.0748227219973218e-05
Total Energy (kWh): 1.731527636249559e-05
Country: Italy
CPU Count: 8
Output from C++ program:
reading data/export/texture-OLD-D103.txt.bbk...
building...0.00632379 seconds
init... 0.0107448 seconds
solving... 0.113954 seconds
total: 0.131022 seconds, maxflow: 738239507
Maximum memory usage: 89.2188 MB
Average memory usage: 89.2188 MB

Errors from C++ program:
EIBFS new:

Emissions: 5.875725371685806e-06 kg CO2e

Additional Metrics:
CO2eRate (kg/s): 2.853765706906852e-05
CPU Energy (kWh): 6.4899074141422375e-06
RAM Energy (kWh): 1.0751374332853917e-05
Total Energy (kWh): 1.7241281746996152e-05
Country: Italy
CPU Count: 8
Output from C++ program:
reading data/export/texture-OLD-D103.txt.bbk...
building...0.00649064 seconds
init... 0.000261796 seconds
solving... 0.227638 seconds
total: 0.234391 seconds, maxflow: 738239507
Maximum memory usage: 89.4062 MB
Average memory usage: 89.4062 MB

Errors from C++ program:
EIBFS new2:

Emissions: 8.669102874222188e-06 kg CO2e

Additional Metrics:
CO2eRate (kg/s): 2.8342282608459008e-05
CPU Energy (kWh): 9.44912422597144e-06
RAM Energy (kWh): 1.598883205912216e-05
Total Energy (kWh): 2.54379562850936e-05
Country: Italy
CPU Count: 8
Output from C++ program:
reading data/export/texture-Paper1.txt.bbk...
building... 0.0143832 seconds
solving... 0.754392 seconds
total: 0.768775 seconds, maxflow: 740258666
Maximum memory usage: 89.2734 MB
Average memory usage: 89.2734 MB

Errors from C++ program:
BK:

Emissions: 2.2958621239774707e-05 kg CO2e

Additional Metrics:
CO2eRate (kg/s): 2.8469921093625544e-05
CPU Energy (kWh): 2.5160952628749955e-05
RAM Energy (kWh): 4.220707978900009e-05
Total Energy (kWh): 6.736803241775004e-05
Country: Italy
CPU Count: 8
Output from C++ program:
reading data/export/texture-Paper1.txt.bbk...
building... 0.00988648 seconds
solving... 0.619039 seconds
total: 0.628925 seconds, maxflow: 740258666
Maximum memory usage: 89.3711 MB
Average memory usage: 89.3711 MB

Errors from C++ program:
MBK:

Emissions: 2.0065156260643946e-05 kg CO2e

Additional Metrics:
CO2eRate (kg/s): 2.84180665319513e-05
CPU Energy (kWh): 2.192594281851673e-05
RAM Energy (kWh): 3.695172598035868e-05
Total Energy (kWh): 5.887766879887541e-05
Country: Italy
CPU Count: 8
Output from C++ program:
reading data/export/texture-Paper1.txt.bbk...
building... 0.010083 seconds
init... 0.0215381 seconds
solving... 0.494682 seconds
total: 0.526304 seconds, maxflow: 740258666
Maximum memory usage: 89.2852 MB
Average memory usage: 89.2852 MB

Errors from C++ program:
MBK2:

Emissions: 1.7286030281252075e-05 kg CO2e

Additional Metrics:
CO2eRate (kg/s): 2.8521191766071237e-05
CPU Energy (kWh): 1.9009993263541247e-05
RAM Energy (kWh): 3.171281958308186e-05
Total Energy (kWh): 5.072281284662311e-05
Country: Italy
CPU Count: 8
Output from C++ program:
reading data/export/texture-Paper1.txt.bbk...
building...0.0190337 seconds
init... 0.00830482 seconds
solving... 0.121338 seconds
total: 0.148676 seconds, maxflow: 740258666
Maximum memory usage: 89.4336 MB
Average memory usage: 89.4336 MB

Errors from C++ program:
EIBFS old:

Emissions: 5.8764209836634264e-06 kg CO2e

Additional Metrics:
CO2eRate (kg/s): 2.8503606433869475e-05
CPU Energy (kWh): 6.478073793565742e-06
RAM Energy (kWh): 1.0765249104323972e-05
Total Energy (kWh): 1.724332289788971e-05
Country: Italy
CPU Count: 8
Output from C++ program:
reading data/export/texture-Paper1.txt.bbk...
building...0.00637862 seconds
init... 0.0107628 seconds
solving... 0.114153 seconds
total: 0.131294 seconds, maxflow: 740258666
Maximum memory usage: 89.3555 MB
Average memory usage: 89.3555 MB

Errors from C++ program:
EIBFS new:

Emissions: 5.864202312716394e-06 kg CO2e

Additional Metrics:
CO2eRate (kg/s): 2.844095198878333e-05
CPU Energy (kWh): 6.439909874145222e-06
RAM Energy (kWh): 1.0767559484811784e-05
Total Energy (kWh): 1.7207469358957007e-05
Country: Italy
CPU Count: 8
Output from C++ program:
reading data/export/texture-Paper1.txt.bbk...
building...0.00646951 seconds
init... 0.000262219 seconds
solving... 0.225208 seconds
total: 0.231939 seconds, maxflow: 740258666
Maximum memory usage: 89.2617 MB
Average memory usage: 89.2617 MB

Errors from C++ program:
EIBFS new2:

Emissions: 8.671960966693327e-06 kg CO2e

Additional Metrics:
CO2eRate (kg/s): 2.8337887586330077e-05
CPU Energy (kWh): 9.45346450720308e-06
RAM Energy (kWh): 1.599287834711163e-05
Total Energy (kWh): 2.544634285431471e-05
Country: Italy
CPU Count: 8
Output from C++ program:
reading data/export/texture-Temp.txt.bbk...
building... 0.00436198 seconds
solving... 0.190555 seconds
total: 0.194917 seconds, maxflow: 144568618
Maximum memory usage: 89.3711 MB
Average memory usage: 89.3711 MB

Errors from C++ program:
BK:

Emissions: 8.655479746943358e-06 kg CO2e

Additional Metrics:
CO2eRate (kg/s): 2.829373005283568e-05
CPU Energy (kWh): 9.408637526901742e-06
RAM Energy (kWh): 1.5989344089392435e-05
Total Energy (kWh): 2.5397981616294177e-05
Country: Italy
CPU Count: 8
Output from C++ program:
reading data/export/texture-Temp.txt.bbk...
building... 0.00313049 seconds
solving... 0.20146 seconds
total: 0.20459 seconds, maxflow: 144568618
Maximum memory usage: 89.2891 MB
Average memory usage: 89.2891 MB

Errors from C++ program:
MBK:

Emissions: 8.59911859638517e-06 kg CO2e

Additional Metrics:
CO2eRate (kg/s): 2.8129683449509976e-05
CPU Energy (kWh): 9.248013787294118e-06
RAM Energy (kWh): 1.5984585954441856e-05
Total Energy (kWh): 2.523259974173597e-05
Country: Italy
CPU Count: 8
Output from C++ program:
reading data/export/texture-Temp.txt.bbk...
building... 0.00316294 seconds
init... 0.00467347 seconds
solving... 0.188655 seconds
total: 0.196491 seconds, maxflow: 144568618
Maximum memory usage: 89.3906 MB
Average memory usage: 89.3906 MB

Errors from C++ program:
MBK2:

Emissions: 8.619236180027684e-06 kg CO2e

Additional Metrics:
CO2eRate (kg/s): 2.8179207283094463e-05
CPU Energy (kWh): 9.304097998825978e-06
RAM Energy (kWh): 1.5987533250631712e-05
Total Energy (kWh): 2.529163124945769e-05
Country: Italy
CPU Count: 8
Output from C++ program:
reading data/export/texture-Temp.txt.bbk...
building...0.00570608 seconds
init... 0.00204922 seconds
solving... 0.0228195 seconds
total: 0.0305748 seconds, maxflow: 144568618
Maximum memory usage: 89.3828 MB
Average memory usage: 89.3828 MB

Errors from C++ program:
EIBFS old:

Emissions: 2.976581877047827e-06 kg CO2e

Additional Metrics:
CO2eRate (kg/s): 2.81594499990509e-05
CPU Energy (kWh): 3.2272450817966147e-06
RAM Energy (kWh): 5.507010442208582e-06
Total Energy (kWh): 8.734255524005197e-06
Country: Italy
CPU Count: 8
Output from C++ program:
reading data/export/texture-Temp.txt.bbk...
building...0.00191933 seconds
init... 0.00312331 seconds
solving... 0.0228375 seconds
total: 0.0278802 seconds, maxflow: 144568618
Maximum memory usage: 89.4453 MB
Average memory usage: 89.4453 MB

Errors from C++ program:
EIBFS new:

Emissions: 2.947281964644822e-06 kg CO2e

Additional Metrics:
CO2eRate (kg/s): 2.7908890564819217e-05
CPU Energy (kWh): 3.1475264069061315e-06
RAM Energy (kWh): 5.50075368207672e-06
Total Energy (kWh): 8.648280088982853e-06
Country: Italy
CPU Count: 8
Output from C++ program:
reading data/export/texture-Temp.txt.bbk...
building...0.00188094 seconds
init... 8.7233e-05 seconds
solving... 0.0630503 seconds
total: 0.0650185 seconds, maxflow: 144568618
Maximum memory usage: 89.3633 MB
Average memory usage: 89.3633 MB

Errors from C++ program:
EIBFS new2:

Emissions: 2.9925487468305304e-06 kg CO2e

Additional Metrics:
CO2eRate (kg/s): 2.8350787684117484e-05
CPU Energy (kWh): 3.2810406803904235e-06
RAM Energy (kWh): 5.500066812201964e-06
Total Energy (kWh): 8.781107492592389e-06
Country: Italy
CPU Count: 8
