Loading python/3.11.6--gcc--8.5.0
  Loading requirement: bzip2/1.0.8-gp5wcz5 libmd/1.0.4-wja3f5q
    libbsd/0.11.7-cgxjopl expat/2.5.0-bptl3xw ncurses/6.4-asx3jea
    readline/8.2-nyw6mp6 gdbm/1.23-fs6otck libiconv/1.17-d7yvx2s
    xz/5.4.1-hubmwr5 zlib-ng/2.1.4-6htiapk libxml2/2.10.3-5eeeokp
    pigz/2.7-bopr5vp zstd/1.5.5-gawytfl tar/1.34-amqus5s gettext/0.22.3-2g7elif
    libffi/3.4.4-6r7brdq libxcrypt/4.4.35-ss2rzin sqlite/3.43.2
    util-linux-uuid/2.38.1-jkdi7kv
Output from C++ program:
reading data/export/BL06-camel-lrg.max.bbk...
building... 2.03103 seconds
solving... 94.4935 seconds
total: 96.5245 seconds, maxflow: 538873536
Maximum memory usage: 7365.62 MB
Average memory usage: 7181.54 MB

Errors from C++ program:
BK:

Emissions: 0.0031436425807593216 kg CO2e

Additional Metrics:
CO2eRate (kg/s): 3.172852876016843e-05
CPU Energy (kWh): 0.0040348125059029
RAM Energy (kWh): 0.0051896532439615
Total Energy (kWh): 0.0092244657498644
Country: Italy
CPU Count: 8
Output from C++ program:
reading data/export/BL06-camel-lrg.max.bbk...
building... 1.3019 seconds
solving... 85.4733 seconds
total: 86.7752 seconds, maxflow: 538873536
Maximum memory usage: 4100.55 MB
Average memory usage: 4033.6 MB

Errors from C++ program:
MBK:

Emissions: 0.0028273752922322692 kg CO2e

Additional Metrics:
CO2eRate (kg/s): 3.171152726322534e-05
CPU Energy (kWh): 0.0036263825233259
RAM Energy (kWh): 0.0046700525437006
Total Energy (kWh): 0.0082964350670266
Country: Italy
CPU Count: 8
Output from C++ program:
reading data/export/BL06-camel-lrg.max.bbk...
building... 1.32465 seconds
init... 1.53958 seconds
solving... 89.4048 seconds
total: 92.269 seconds, maxflow: 538873536
Maximum memory usage: 6070.82 MB
Average memory usage: 5924.81 MB

Errors from C++ program:
MBK2:

Emissions: 0.0029985124736672734 kg CO2e

Additional Metrics:
CO2eRate (kg/s): 3.166929492060233e-05
CPU Energy (kWh): 0.0038392887614285
RAM Energy (kWh): 0.0049593182377183
Total Energy (kWh): 0.0087986069991469
Country: Italy
CPU Count: 8
Output from C++ program:
reading data/export/BL06-camel-lrg.max.bbk...
building...2.73091 seconds
init... 1.51431 seconds
solving... 23.2068 seconds
total: 27.452 seconds, maxflow: 538873536
Maximum memory usage: 8415 MB
Average memory usage: 7715.29 MB

Errors from C++ program:
EIBFS old:

Emissions: 0.0009557642937125548 kg CO2e

Additional Metrics:
CO2eRate (kg/s): 3.20413914872023e-05
CPU Energy (kWh): 0.0012421186836941
RAM Energy (kWh): 0.0015624033845129
Total Energy (kWh): 0.002804522068207
Country: Italy
CPU Count: 8
Output from C++ program:
reading data/export/BL06-camel-lrg.max.bbk...
building...1.10388 seconds
init... 1.35846 seconds
solving... 23.0323 seconds
total: 25.4947 seconds, maxflow: 538873536
Maximum memory usage: 6772.36 MB
Average memory usage: 6196.14 MB

Errors from C++ program:
EIBFS new:

Emissions: 0.0008912642795275771 kg CO2e

Additional Metrics:
CO2eRate (kg/s): 3.19188106215554e-05
CPU Energy (kWh): 0.0011526987260471
RAM Energy (kWh): 0.0014625594050454
Total Energy (kWh): 0.0026152581310926
Country: Italy
CPU Count: 8
Output from C++ program:
reading data/export/BL06-camel-lrg.max.bbk...
building...1.00745 seconds
init... 0.0782818 seconds
solving... 26.487 seconds
total: 27.5727 seconds, maxflow: 538873536
Maximum memory usage: 4416.97 MB
Average memory usage: 4188.11 MB

Errors from C++ program:
EIBFS new2:

Emissions: 0.0009535912150532855 kg CO2e

Additional Metrics:
CO2eRate (kg/s): 3.1860915427961174e-05
CPU Energy (kWh): 0.0012304636343701
RAM Energy (kWh): 0.0015676819170576
Total Energy (kWh): 0.0027981455514277
Country: Italy
CPU Count: 8
Output from C++ program:
reading data/export/BL06-gargoyle-lrg.max.bbk...
building... 1.87054 seconds
solving... 211.902 seconds
total: 213.772 seconds, maxflow: 179059619
Maximum memory usage: 6790.86 MB
Average memory usage: 6718.89 MB

Errors from C++ program:
BK:

Emissions: 0.006834598380306951 kg CO2e

Additional Metrics:
CO2eRate (kg/s): 3.161594010060401e-05
CPU Energy (kWh): 0.0087318942521764
RAM Energy (kWh): 0.0113230315396712
Total Energy (kWh): 0.0200549257918477
Country: Italy
CPU Count: 8
Output from C++ program:
reading data/export/BL06-gargoyle-lrg.max.bbk...
building... 1.20148 seconds
solving... 191.373 seconds
total: 192.575 seconds, maxflow: 179059619
Maximum memory usage: 3777.94 MB
Average memory usage: 3751.77 MB

Errors from C++ program:
MBK:

Emissions: 0.006154820932199818 kg CO2e

Additional Metrics:
CO2eRate (kg/s): 3.160284989967228e-05
CPU Energy (kWh): 0.0078591834367861
RAM Energy (kWh): 0.0102010551008636
Total Energy (kWh): 0.0180602385376497
Country: Italy
CPU Count: 8
Output from C++ program:
reading data/export/BL06-gargoyle-lrg.max.bbk...
building... 1.2147 seconds
init... 1.40838 seconds
solving... 197.097 seconds
total: 199.72 seconds, maxflow: 179059619
Maximum memory usage: 5600.02 MB
Average memory usage: 5542.03 MB

Errors from C++ program:
MBK2:

Emissions: 0.006398720693302652 kg CO2e

Additional Metrics:
CO2eRate (kg/s): 3.1697818431102395e-05
CPU Energy (kWh): 0.008202395909967
RAM Energy (kWh): 0.0105735235407939
Total Energy (kWh): 0.018775919450761
Country: Italy
CPU Count: 8
Output from C++ program:
reading data/export/BL06-gargoyle-lrg.max.bbk...
building...2.53917 seconds
init... 1.3719 seconds
solving... 28.7831 seconds
total: 32.6942 seconds, maxflow: 179059619
Maximum memory usage: 7754.57 MB
Average memory usage: 7245.01 MB

Errors from C++ program:
EIBFS old:

Emissions: 0.0011149273156514433 kg CO2e

Additional Metrics:
CO2eRate (kg/s): 3.1922139546608254e-05
CPU Energy (kWh): 0.001442174314294
RAM Energy (kWh): 0.0018293836229097
Total Energy (kWh): 0.0032715579372038
Country: Italy
CPU Count: 8
Output from C++ program:
reading data/export/BL06-gargoyle-lrg.max.bbk...
building...1.01758 seconds
init... 1.24542 seconds
solving... 27.2255 seconds
total: 29.4885 seconds, maxflow: 179059619
Maximum memory usage: 6245.02 MB
Average memory usage: 5814.36 MB

Errors from C++ program:
EIBFS new:

Emissions: 0.0010085191950028817 kg CO2e

Additional Metrics:
CO2eRate (kg/s): 3.178383137892139e-05
CPU Energy (kWh): 0.0012973427042622
RAM Energy (kWh): 0.0016619793348666
Total Energy (kWh): 0.0029593220391288
Country: Italy
CPU Count: 8
Output from C++ program:
reading data/export/BL06-gargoyle-lrg.max.bbk...
building...0.915828 seconds
init... 0.0698693 seconds
solving... 31.4121 seconds
total: 32.3978 seconds, maxflow: 179059619
Maximum memory usage: 4136.54 MB
Average memory usage: 3949.24 MB

Errors from C++ program:
EIBFS new2:

Emissions: 0.001097742767643238 kg CO2e

Additional Metrics:
CO2eRate (kg/s): 3.1788181809362265e-05
CPU Energy (kWh): 0.0014123598629425
RAM Energy (kWh): 0.00180877304328
Total Energy (kWh): 0.0032211329062226
Country: Italy
CPU Count: 8
