[codecarbon INFO @ 18:37:50] offline tracker init
[codecarbon INFO @ 18:37:50] [setup] RAM Tracking...
[codecarbon WARNING @ 18:37:50] Could not find mem= after running `scontrol show job $SLURM_JOB_ID` to count SLURM-available RAM. Using the machine's total RAM.
[codecarbon INFO @ 18:37:50] [setup] GPU Tracking...
[codecarbon INFO @ 18:37:50] Tracking Nvidia GPU via pynvml
[codecarbon INFO @ 18:37:50] [setup] CPU Tracking...
[codecarbon INFO @ 18:37:50] Tracking Intel CPU via RAPL interface
[codecarbon INFO @ 18:37:50] >>> Tracker's metadata:
[codecarbon INFO @ 18:37:50]   Platform system: Linux-4.18.0-425.19.2.el8_7.x86_64-x86_64-with-glibc2.28
[codecarbon INFO @ 18:37:50]   Python version: 3.11.6
[codecarbon INFO @ 18:37:50]   CodeCarbon version: 2.3.2
[codecarbon INFO @ 18:37:50]   Available RAM : 502.855 GB
[codecarbon INFO @ 18:37:50]   CPU count: 8
[codecarbon INFO @ 18:37:50]   CPU model: Intel(R) Xeon(R) Platinum 8358 CPU @ 2.60GHz
[codecarbon INFO @ 18:37:50]   GPU count: 0
[codecarbon INFO @ 18:37:50]   GPU model: 
[codecarbon INFO @ 18:38:05] Energy consumed for RAM : 0.000786 kWh. RAM Power : 188.5706877708435 W
[codecarbon INFO @ 18:38:05] Energy consumed for all GPUs : 0.000000 kWh. Total GPU Power : 0 W
[codecarbon INFO @ 18:38:05] Energy consumed for all CPUs : 0.000551 kWh. Total CPU Power : 132.33923074427054 W
[codecarbon INFO @ 18:38:05] 0.001337 kWh of electricity used since the beginning.
[codecarbon INFO @ 18:38:20] Energy consumed for RAM : 0.001571 kWh. RAM Power : 188.5706877708435 W
[codecarbon INFO @ 18:38:20] Energy consumed for all GPUs : 0.000000 kWh. Total GPU Power : 0 W
[codecarbon INFO @ 18:38:20] Energy consumed for all CPUs : 0.001100 kWh. Total CPU Power : 131.5506346720196 W
[codecarbon INFO @ 18:38:20] 0.002671 kWh of electricity used since the beginning.
[codecarbon INFO @ 18:38:35] Energy consumed for RAM : 0.002357 kWh. RAM Power : 188.5706877708435 W
[codecarbon INFO @ 18:38:35] Energy consumed for all GPUs : 0.000000 kWh. Total GPU Power : 0 W
[codecarbon INFO @ 18:38:35] Energy consumed for all CPUs : 0.001646 kWh. Total CPU Power : 131.08278856936963 W
[codecarbon INFO @ 18:38:35] 0.004003 kWh of electricity used since the beginning.
[codecarbon INFO @ 18:38:50] Energy consumed for RAM : 0.003143 kWh. RAM Power : 188.5706877708435 W
[codecarbon INFO @ 18:38:50] Energy consumed for all GPUs : 0.000000 kWh. Total GPU Power : 0 W
[codecarbon INFO @ 18:38:50] Energy consumed for all CPUs : 0.002193 kWh. Total CPU Power : 131.3322457623383 W
[codecarbon INFO @ 18:38:50] 0.005336 kWh of electricity used since the beginning.
[codecarbon INFO @ 18:39:05] Energy consumed for RAM : 0.003929 kWh. RAM Power : 188.5706877708435 W
[codecarbon INFO @ 18:39:05] Energy consumed for all GPUs : 0.000000 kWh. Total GPU Power : 0 W
[codecarbon INFO @ 18:39:05] Energy consumed for all CPUs : 0.002739 kWh. Total CPU Power : 131.01283007459512 W
[codecarbon INFO @ 18:39:05] 0.006668 kWh of electricity used since the beginning.
[codecarbon INFO @ 18:39:20] Energy consumed for RAM : 0.004714 kWh. RAM Power : 188.5706877708435 W
[codecarbon INFO @ 18:39:20] Energy consumed for all GPUs : 0.000000 kWh. Total GPU Power : 0 W
[codecarbon INFO @ 18:39:20] Energy consumed for all CPUs : 0.003331 kWh. Total CPU Power : 142.19630218349235 W
[codecarbon INFO @ 18:39:20] 0.008046 kWh of electricity used since the beginning.
[codecarbon INFO @ 18:39:28] Energy consumed for RAM : 0.005096 kWh. RAM Power : 188.5706877708435 W
[codecarbon INFO @ 18:39:28] Energy consumed for all GPUs : 0.000000 kWh. Total GPU Power : 0 W
[codecarbon INFO @ 18:39:28] Energy consumed for all CPUs : 0.003707 kWh. Total CPU Power : 185.8232811304624 W
[codecarbon INFO @ 18:39:28] 0.008803 kWh of electricity used since the beginning.
[codecarbon INFO @ 18:39:29] offline tracker init
[codecarbon INFO @ 18:39:30] [setup] RAM Tracking...
[codecarbon WARNING @ 18:39:30] Could not find mem= after running `scontrol show job $SLURM_JOB_ID` to count SLURM-available RAM. Using the machine's total RAM.
[codecarbon INFO @ 18:39:30] [setup] GPU Tracking...
[codecarbon INFO @ 18:39:30] Tracking Nvidia GPU via pynvml
[codecarbon INFO @ 18:39:30] [setup] CPU Tracking...
[codecarbon INFO @ 18:39:30] Tracking Intel CPU via RAPL interface
[codecarbon INFO @ 18:39:30] >>> Tracker's metadata:
[codecarbon INFO @ 18:39:30]   Platform system: Linux-4.18.0-425.19.2.el8_7.x86_64-x86_64-with-glibc2.28
[codecarbon INFO @ 18:39:30]   Python version: 3.11.6
[codecarbon INFO @ 18:39:30]   CodeCarbon version: 2.3.2
[codecarbon INFO @ 18:39:30]   Available RAM : 502.855 GB
[codecarbon INFO @ 18:39:30]   CPU count: 8
[codecarbon INFO @ 18:39:30]   CPU model: Intel(R) Xeon(R) Platinum 8358 CPU @ 2.60GHz
[codecarbon INFO @ 18:39:30]   GPU count: 0
[codecarbon INFO @ 18:39:30]   GPU model: 
[codecarbon INFO @ 18:39:45] Energy consumed for RAM : 0.000786 kWh. RAM Power : 188.5706877708435 W
[codecarbon INFO @ 18:39:45] Energy consumed for all GPUs : 0.000000 kWh. Total GPU Power : 0 W
[codecarbon INFO @ 18:39:45] Energy consumed for all CPUs : 0.000800 kWh. Total CPU Power : 191.92368343267864 W
[codecarbon INFO @ 18:39:45] 0.001585 kWh of electricity used since the beginning.
[codecarbon INFO @ 18:40:00] Energy consumed for RAM : 0.001571 kWh. RAM Power : 188.5706877708435 W
[codecarbon INFO @ 18:40:00] Energy consumed for all GPUs : 0.000000 kWh. Total GPU Power : 0 W
[codecarbon INFO @ 18:40:00] Energy consumed for all CPUs : 0.001572 kWh. Total CPU Power : 185.42645734675585 W
[codecarbon INFO @ 18:40:00] 0.003144 kWh of electricity used since the beginning.
[codecarbon INFO @ 18:40:15] Energy consumed for RAM : 0.002357 kWh. RAM Power : 188.5706877708435 W
[codecarbon INFO @ 18:40:15] Energy consumed for all GPUs : 0.000000 kWh. Total GPU Power : 0 W
[codecarbon INFO @ 18:40:15] Energy consumed for all CPUs : 0.002181 kWh. Total CPU Power : 145.9795061088522 W
[codecarbon INFO @ 18:40:15] 0.004538 kWh of electricity used since the beginning.
[codecarbon INFO @ 18:40:30] Energy consumed for RAM : 0.003143 kWh. RAM Power : 188.5706877708435 W
[codecarbon INFO @ 18:40:30] Energy consumed for all GPUs : 0.000000 kWh. Total GPU Power : 0 W
[codecarbon INFO @ 18:40:30] Energy consumed for all CPUs : 0.002776 kWh. Total CPU Power : 142.90378992251502 W
[codecarbon INFO @ 18:40:30] 0.005919 kWh of electricity used since the beginning.
[codecarbon INFO @ 18:40:45] Energy consumed for RAM : 0.003929 kWh. RAM Power : 188.5706877708435 W
[codecarbon INFO @ 18:40:45] Energy consumed for all GPUs : 0.000000 kWh. Total GPU Power : 0 W
[codecarbon INFO @ 18:40:45] Energy consumed for all CPUs : 0.003362 kWh. Total CPU Power : 140.59353073970902 W
[codecarbon INFO @ 18:40:45] 0.007290 kWh of electricity used since the beginning.
[codecarbon INFO @ 18:41:00] Energy consumed for RAM : 0.004714 kWh. RAM Power : 188.5706877708435 W
[codecarbon INFO @ 18:41:00] Energy consumed for all GPUs : 0.000000 kWh. Total GPU Power : 0 W
[codecarbon INFO @ 18:41:00] Energy consumed for all CPUs : 0.003948 kWh. Total CPU Power : 140.55154962783953 W
[codecarbon INFO @ 18:41:00] 0.008662 kWh of electricity used since the beginning.
[codecarbon INFO @ 18:41:15] Energy consumed for RAM : 0.005500 kWh. RAM Power : 188.5706877708435 W
[codecarbon INFO @ 18:41:15] Energy consumed for all GPUs : 0.000000 kWh. Total GPU Power : 0 W
[codecarbon INFO @ 18:41:15] Energy consumed for all CPUs : 0.004614 kWh. Total CPU Power : 159.9564871625633 W
[codecarbon INFO @ 18:41:15] 0.010114 kWh of electricity used since the beginning.
[codecarbon INFO @ 18:41:30] Energy consumed for RAM : 0.006286 kWh. RAM Power : 188.5706877708435 W
[codecarbon INFO @ 18:41:30] Energy consumed for all GPUs : 0.000000 kWh. Total GPU Power : 0 W
[codecarbon INFO @ 18:41:30] Energy consumed for all CPUs : 0.005372 kWh. Total CPU Power : 181.98682788448875 W
[codecarbon INFO @ 18:41:30] 0.011658 kWh of electricity used since the beginning.
[codecarbon INFO @ 18:41:45] Energy consumed for RAM : 0.007071 kWh. RAM Power : 188.5706877708435 W
[codecarbon INFO @ 18:41:45] Energy consumed for all GPUs : 0.000000 kWh. Total GPU Power : 0 W
[codecarbon INFO @ 18:41:45] Energy consumed for all CPUs : 0.006130 kWh. Total CPU Power : 181.94381531572978 W
[codecarbon INFO @ 18:41:45] 0.013202 kWh of electricity used since the beginning.
[codecarbon INFO @ 18:42:00] Energy consumed for RAM : 0.007857 kWh. RAM Power : 188.5706877708435 W
[codecarbon INFO @ 18:42:00] Energy consumed for all GPUs : 0.000000 kWh. Total GPU Power : 0 W
[codecarbon INFO @ 18:42:00] Energy consumed for all CPUs : 0.006889 kWh. Total CPU Power : 182.0710223450798 W
[codecarbon INFO @ 18:42:00] 0.014746 kWh of electricity used since the beginning.
[codecarbon INFO @ 18:42:15] Energy consumed for RAM : 0.008643 kWh. RAM Power : 188.5706877708435 W
[codecarbon INFO @ 18:42:15] Energy consumed for all GPUs : 0.000000 kWh. Total GPU Power : 0 W
[codecarbon INFO @ 18:42:15] Energy consumed for all CPUs : 0.007642 kWh. Total CPU Power : 180.80211577205824 W
[codecarbon INFO @ 18:42:15] 0.016285 kWh of electricity used since the beginning.
[codecarbon INFO @ 18:42:30] Energy consumed for RAM : 0.009429 kWh. RAM Power : 188.5706877708435 W
[codecarbon INFO @ 18:42:30] Energy consumed for all GPUs : 0.000000 kWh. Total GPU Power : 0 W
[codecarbon INFO @ 18:42:30] Energy consumed for all CPUs : 0.008387 kWh. Total CPU Power : 178.6032206746085 W
[codecarbon INFO @ 18:42:30] 0.017815 kWh of electricity used since the beginning.
[codecarbon INFO @ 18:42:45] Energy consumed for RAM : 0.010214 kWh. RAM Power : 188.5706877708435 W
[codecarbon INFO @ 18:42:45] Energy consumed for all GPUs : 0.000000 kWh. Total GPU Power : 0 W
[codecarbon INFO @ 18:42:45] Energy consumed for all CPUs : 0.009131 kWh. Total CPU Power : 178.73440006888833 W
[codecarbon INFO @ 18:42:45] 0.019346 kWh of electricity used since the beginning.
[codecarbon INFO @ 18:43:00] Energy consumed for RAM : 0.011000 kWh. RAM Power : 188.5706877708435 W
[codecarbon INFO @ 18:43:00] Energy consumed for all GPUs : 0.000000 kWh. Total GPU Power : 0 W
[codecarbon INFO @ 18:43:00] Energy consumed for all CPUs : 0.009876 kWh. Total CPU Power : 178.81722035643497 W
[codecarbon INFO @ 18:43:00] 0.020876 kWh of electricity used since the beginning.
[codecarbon INFO @ 18:43:05] Energy consumed for RAM : 0.011239 kWh. RAM Power : 188.5706877708435 W
[codecarbon INFO @ 18:43:05] Energy consumed for all GPUs : 0.000000 kWh. Total GPU Power : 0 W
[codecarbon INFO @ 18:43:05] Energy consumed for all CPUs : 0.010103 kWh. Total CPU Power : 178.89881849297993 W
[codecarbon INFO @ 18:43:05] 0.021342 kWh of electricity used since the beginning.
[codecarbon INFO @ 18:43:06] offline tracker init
[codecarbon INFO @ 18:43:07] [setup] RAM Tracking...
[codecarbon WARNING @ 18:43:07] Could not find mem= after running `scontrol show job $SLURM_JOB_ID` to count SLURM-available RAM. Using the machine's total RAM.
[codecarbon INFO @ 18:43:07] [setup] GPU Tracking...
[codecarbon INFO @ 18:43:07] Tracking Nvidia GPU via pynvml
[codecarbon INFO @ 18:43:07] [setup] CPU Tracking...
[codecarbon INFO @ 18:43:07] Tracking Intel CPU via RAPL interface
[codecarbon INFO @ 18:43:07] >>> Tracker's metadata:
[codecarbon INFO @ 18:43:07]   Platform system: Linux-4.18.0-425.19.2.el8_7.x86_64-x86_64-with-glibc2.28
[codecarbon INFO @ 18:43:07]   Python version: 3.11.6
[codecarbon INFO @ 18:43:07]   CodeCarbon version: 2.3.2
[codecarbon INFO @ 18:43:07]   Available RAM : 502.855 GB
[codecarbon INFO @ 18:43:07]   CPU count: 8
[codecarbon INFO @ 18:43:07]   CPU model: Intel(R) Xeon(R) Platinum 8358 CPU @ 2.60GHz
[codecarbon INFO @ 18:43:07]   GPU count: 0
[codecarbon INFO @ 18:43:07]   GPU model: 
[codecarbon INFO @ 18:43:22] Energy consumed for RAM : 0.000786 kWh. RAM Power : 188.5706877708435 W
[codecarbon INFO @ 18:43:22] Energy consumed for all GPUs : 0.000000 kWh. Total GPU Power : 0 W
[codecarbon INFO @ 18:43:22] Energy consumed for all CPUs : 0.000747 kWh. Total CPU Power : 179.3189992763098 W
[codecarbon INFO @ 18:43:22] 0.001533 kWh of electricity used since the beginning.
[codecarbon INFO @ 18:43:37] Energy consumed for RAM : 0.001571 kWh. RAM Power : 188.5706877708435 W
[codecarbon INFO @ 18:43:37] Energy consumed for all GPUs : 0.000000 kWh. Total GPU Power : 0 W
[codecarbon INFO @ 18:43:37] Energy consumed for all CPUs : 0.001458 kWh. Total CPU Power : 170.58738573798314 W
[codecarbon INFO @ 18:43:37] 0.003029 kWh of electricity used since the beginning.
[codecarbon INFO @ 18:43:52] Energy consumed for RAM : 0.002357 kWh. RAM Power : 188.5706877708435 W
[codecarbon INFO @ 18:43:52] Energy consumed for all GPUs : 0.000000 kWh. Total GPU Power : 0 W
[codecarbon INFO @ 18:43:52] Energy consumed for all CPUs : 0.002043 kWh. Total CPU Power : 140.50189635687175 W
[codecarbon INFO @ 18:43:52] 0.004401 kWh of electricity used since the beginning.
[codecarbon INFO @ 18:44:07] Energy consumed for RAM : 0.003143 kWh. RAM Power : 188.5706877708435 W
[codecarbon INFO @ 18:44:07] Energy consumed for all GPUs : 0.000000 kWh. Total GPU Power : 0 W
[codecarbon INFO @ 18:44:07] Energy consumed for all CPUs : 0.002658 kWh. Total CPU Power : 147.59144649860332 W
[codecarbon INFO @ 18:44:07] 0.005801 kWh of electricity used since the beginning.
[codecarbon INFO @ 18:44:22] Energy consumed for RAM : 0.003929 kWh. RAM Power : 188.5706877708435 W
[codecarbon INFO @ 18:44:22] Energy consumed for all GPUs : 0.000000 kWh. Total GPU Power : 0 W
[codecarbon INFO @ 18:44:22] Energy consumed for all CPUs : 0.003471 kWh. Total CPU Power : 195.01312309381504 W
[codecarbon INFO @ 18:44:22] 0.007400 kWh of electricity used since the beginning.
[codecarbon INFO @ 18:44:36] Energy consumed for RAM : 0.004619 kWh. RAM Power : 188.5706877708435 W
[codecarbon INFO @ 18:44:36] Energy consumed for all GPUs : 0.000000 kWh. Total GPU Power : 0 W
[codecarbon INFO @ 18:44:36] Energy consumed for all CPUs : 0.004188 kWh. Total CPU Power : 196.04764737020395 W
[codecarbon INFO @ 18:44:36] 0.008807 kWh of electricity used since the beginning.
[codecarbon INFO @ 18:44:36] offline tracker init
[codecarbon INFO @ 18:44:37] [setup] RAM Tracking...
[codecarbon WARNING @ 18:44:37] Could not find mem= after running `scontrol show job $SLURM_JOB_ID` to count SLURM-available RAM. Using the machine's total RAM.
[codecarbon INFO @ 18:44:37] [setup] GPU Tracking...
[codecarbon INFO @ 18:44:37] Tracking Nvidia GPU via pynvml
[codecarbon INFO @ 18:44:37] [setup] CPU Tracking...
[codecarbon INFO @ 18:44:37] Tracking Intel CPU via RAPL interface
[codecarbon INFO @ 18:44:37] >>> Tracker's metadata:
[codecarbon INFO @ 18:44:37]   Platform system: Linux-4.18.0-425.19.2.el8_7.x86_64-x86_64-with-glibc2.28
[codecarbon INFO @ 18:44:37]   Python version: 3.11.6
[codecarbon INFO @ 18:44:37]   CodeCarbon version: 2.3.2
[codecarbon INFO @ 18:44:37]   Available RAM : 502.855 GB
[codecarbon INFO @ 18:44:37]   CPU count: 8
[codecarbon INFO @ 18:44:37]   CPU model: Intel(R) Xeon(R) Platinum 8358 CPU @ 2.60GHz
[codecarbon INFO @ 18:44:37]   GPU count: 0
[codecarbon INFO @ 18:44:37]   GPU model: 
[codecarbon INFO @ 18:44:52] Energy consumed for RAM : 0.000786 kWh. RAM Power : 188.5706877708435 W
[codecarbon INFO @ 18:44:52] Energy consumed for all GPUs : 0.000000 kWh. Total GPU Power : 0 W
[codecarbon INFO @ 18:44:52] Energy consumed for all CPUs : 0.000629 kWh. Total CPU Power : 150.9403963099124 W
[codecarbon INFO @ 18:44:52] 0.001415 kWh of electricity used since the beginning.
[codecarbon INFO @ 18:45:07] Energy consumed for RAM : 0.001571 kWh. RAM Power : 188.5706877708435 W
[codecarbon INFO @ 18:45:07] Energy consumed for all GPUs : 0.000000 kWh. Total GPU Power : 0 W
[codecarbon INFO @ 18:45:07] Energy consumed for all CPUs : 0.001424 kWh. Total CPU Power : 190.74543243427158 W
[codecarbon INFO @ 18:45:07] 0.002995 kWh of electricity used since the beginning.
[codecarbon INFO @ 18:45:22] Energy consumed for RAM : 0.002357 kWh. RAM Power : 188.5706877708435 W
[codecarbon INFO @ 18:45:22] Energy consumed for all GPUs : 0.000000 kWh. Total GPU Power : 0 W
[codecarbon INFO @ 18:45:22] Energy consumed for all CPUs : 0.002220 kWh. Total CPU Power : 191.14050918919375 W
[codecarbon INFO @ 18:45:22] 0.004577 kWh of electricity used since the beginning.
[codecarbon INFO @ 18:45:37] Energy consumed for RAM : 0.003143 kWh. RAM Power : 188.5706877708435 W
[codecarbon INFO @ 18:45:37] Energy consumed for all GPUs : 0.000000 kWh. Total GPU Power : 0 W
[codecarbon INFO @ 18:45:37] Energy consumed for all CPUs : 0.002904 kWh. Total CPU Power : 164.180154097774 W
[codecarbon INFO @ 18:45:37] 0.006047 kWh of electricity used since the beginning.
[codecarbon INFO @ 18:45:52] Energy consumed for RAM : 0.003929 kWh. RAM Power : 188.5706877708435 W
[codecarbon INFO @ 18:45:52] Energy consumed for all GPUs : 0.000000 kWh. Total GPU Power : 0 W
[codecarbon INFO @ 18:45:52] Energy consumed for all CPUs : 0.003493 kWh. Total CPU Power : 141.18056423842293 W
[codecarbon INFO @ 18:45:52] 0.007421 kWh of electricity used since the beginning.
[codecarbon INFO @ 18:46:07] Energy consumed for RAM : 0.004714 kWh. RAM Power : 188.5706877708435 W
[codecarbon INFO @ 18:46:07] Energy consumed for all GPUs : 0.000000 kWh. Total GPU Power : 0 W
[codecarbon INFO @ 18:46:07] Energy consumed for all CPUs : 0.004078 kWh. Total CPU Power : 140.39448084611777 W
[codecarbon INFO @ 18:46:07] 0.008792 kWh of electricity used since the beginning.
[codecarbon INFO @ 18:46:22] Energy consumed for RAM : 0.005500 kWh. RAM Power : 188.5706877708435 W
[codecarbon INFO @ 18:46:22] Energy consumed for all GPUs : 0.000000 kWh. Total GPU Power : 0 W
[codecarbon INFO @ 18:46:22] Energy consumed for all CPUs : 0.004662 kWh. Total CPU Power : 140.30169199066123 W
[codecarbon INFO @ 18:46:22] 0.010162 kWh of electricity used since the beginning.
[codecarbon INFO @ 18:46:37] Energy consumed for RAM : 0.006286 kWh. RAM Power : 188.5706877708435 W
[codecarbon INFO @ 18:46:37] Energy consumed for all GPUs : 0.000000 kWh. Total GPU Power : 0 W
[codecarbon INFO @ 18:46:37] Energy consumed for all CPUs : 0.005286 kWh. Total CPU Power : 149.7375900219012 W
[codecarbon INFO @ 18:46:37] 0.011572 kWh of electricity used since the beginning.
[codecarbon INFO @ 18:46:52] Energy consumed for RAM : 0.007071 kWh. RAM Power : 188.5706877708435 W
[codecarbon INFO @ 18:46:52] Energy consumed for all GPUs : 0.000000 kWh. Total GPU Power : 0 W
[codecarbon INFO @ 18:46:52] Energy consumed for all CPUs : 0.006046 kWh. Total CPU Power : 182.34344303682693 W
[codecarbon INFO @ 18:46:52] 0.013117 kWh of electricity used since the beginning.
[codecarbon INFO @ 18:47:07] Energy consumed for RAM : 0.007857 kWh. RAM Power : 188.5706877708435 W
[codecarbon INFO @ 18:47:07] Energy consumed for all GPUs : 0.000000 kWh. Total GPU Power : 0 W
[codecarbon INFO @ 18:47:07] Energy consumed for all CPUs : 0.006806 kWh. Total CPU Power : 182.39044138833646 W
[codecarbon INFO @ 18:47:07] 0.014663 kWh of electricity used since the beginning.
[codecarbon INFO @ 18:47:22] Energy consumed for RAM : 0.008643 kWh. RAM Power : 188.5706877708435 W
[codecarbon INFO @ 18:47:22] Energy consumed for all GPUs : 0.000000 kWh. Total GPU Power : 0 W
[codecarbon INFO @ 18:47:22] Energy consumed for all CPUs : 0.007568 kWh. Total CPU Power : 182.93979521069434 W
[codecarbon INFO @ 18:47:22] 0.016211 kWh of electricity used since the beginning.
[codecarbon INFO @ 18:47:37] Energy consumed for RAM : 0.009429 kWh. RAM Power : 188.5706877708435 W
[codecarbon INFO @ 18:47:37] Energy consumed for all GPUs : 0.000000 kWh. Total GPU Power : 0 W
[codecarbon INFO @ 18:47:37] Energy consumed for all CPUs : 0.008316 kWh. Total CPU Power : 179.4215881523852 W
[codecarbon INFO @ 18:47:37] 0.017744 kWh of electricity used since the beginning.
[codecarbon INFO @ 18:47:51] Energy consumed for RAM : 0.010132 kWh. RAM Power : 188.5706877708435 W
[codecarbon INFO @ 18:47:51] Energy consumed for all GPUs : 0.000000 kWh. Total GPU Power : 0 W
[codecarbon INFO @ 18:47:51] Energy consumed for all CPUs : 0.008983 kWh. Total CPU Power : 178.88727261021137 W
[codecarbon INFO @ 18:47:51] 0.019114 kWh of electricity used since the beginning.
[codecarbon INFO @ 18:47:52] offline tracker init
[codecarbon INFO @ 18:47:52] [setup] RAM Tracking...
[codecarbon WARNING @ 18:47:52] Could not find mem= after running `scontrol show job $SLURM_JOB_ID` to count SLURM-available RAM. Using the machine's total RAM.
[codecarbon INFO @ 18:47:52] [setup] GPU Tracking...
[codecarbon INFO @ 18:47:52] Tracking Nvidia GPU via pynvml
[codecarbon INFO @ 18:47:52] [setup] CPU Tracking...
[codecarbon INFO @ 18:47:52] Tracking Intel CPU via RAPL interface
[codecarbon INFO @ 18:47:52] >>> Tracker's metadata:
[codecarbon INFO @ 18:47:52]   Platform system: Linux-4.18.0-425.19.2.el8_7.x86_64-x86_64-with-glibc2.28
[codecarbon INFO @ 18:47:52]   Python version: 3.11.6
[codecarbon INFO @ 18:47:52]   CodeCarbon version: 2.3.2
[codecarbon INFO @ 18:47:52]   Available RAM : 502.855 GB
[codecarbon INFO @ 18:47:52]   CPU count: 8
[codecarbon INFO @ 18:47:52]   CPU model: Intel(R) Xeon(R) Platinum 8358 CPU @ 2.60GHz
[codecarbon INFO @ 18:47:52]   GPU count: 0
[codecarbon INFO @ 18:47:52]   GPU model: 
[codecarbon INFO @ 18:48:07] Energy consumed for RAM : 0.000786 kWh. RAM Power : 188.5706877708435 W
[codecarbon INFO @ 18:48:07] Energy consumed for all GPUs : 0.000000 kWh. Total GPU Power : 0 W
[codecarbon INFO @ 18:48:07] Energy consumed for all CPUs : 0.000752 kWh. Total CPU Power : 180.58553028680942 W
[codecarbon INFO @ 18:48:07] 0.001538 kWh of electricity used since the beginning.
[codecarbon INFO @ 18:48:22] Energy consumed for RAM : 0.001571 kWh. RAM Power : 188.5706877708435 W
[codecarbon INFO @ 18:48:22] Energy consumed for all GPUs : 0.000000 kWh. Total GPU Power : 0 W
[codecarbon INFO @ 18:48:22] Energy consumed for all CPUs : 0.001498 kWh. Total CPU Power : 178.88059653367065 W
[codecarbon INFO @ 18:48:22] 0.003069 kWh of electricity used since the beginning.
[codecarbon INFO @ 18:48:37] Energy consumed for RAM : 0.002357 kWh. RAM Power : 188.5706877708435 W
[codecarbon INFO @ 18:48:37] Energy consumed for all GPUs : 0.000000 kWh. Total GPU Power : 0 W
[codecarbon INFO @ 18:48:37] Energy consumed for all CPUs : 0.002205 kWh. Total CPU Power : 169.74726180790717 W
[codecarbon INFO @ 18:48:37] 0.004562 kWh of electricity used since the beginning.
[codecarbon INFO @ 18:48:52] Energy consumed for RAM : 0.003143 kWh. RAM Power : 188.5706877708435 W
[codecarbon INFO @ 18:48:52] Energy consumed for all GPUs : 0.000000 kWh. Total GPU Power : 0 W
[codecarbon INFO @ 18:48:52] Energy consumed for all CPUs : 0.002803 kWh. Total CPU Power : 143.49076753714544 W
[codecarbon INFO @ 18:48:52] 0.005946 kWh of electricity used since the beginning.
[codecarbon INFO @ 18:49:07] Energy consumed for RAM : 0.003929 kWh. RAM Power : 188.5706877708435 W
[codecarbon INFO @ 18:49:07] Energy consumed for all GPUs : 0.000000 kWh. Total GPU Power : 0 W
[codecarbon INFO @ 18:49:07] Energy consumed for all CPUs : 0.003431 kWh. Total CPU Power : 150.63363786663925 W
[codecarbon INFO @ 18:49:07] 0.007359 kWh of electricity used since the beginning.
[codecarbon INFO @ 18:49:22] Energy consumed for RAM : 0.004714 kWh. RAM Power : 188.5706877708435 W
[codecarbon INFO @ 18:49:22] Energy consumed for all GPUs : 0.000000 kWh. Total GPU Power : 0 W
[codecarbon INFO @ 18:49:22] Energy consumed for all CPUs : 0.004225 kWh. Total CPU Power : 190.7235095593851 W
[codecarbon INFO @ 18:49:22] 0.008940 kWh of electricity used since the beginning.
[codecarbon INFO @ 18:49:26] Energy consumed for RAM : 0.004922 kWh. RAM Power : 188.5706877708435 W
[codecarbon INFO @ 18:49:26] Energy consumed for all GPUs : 0.000000 kWh. Total GPU Power : 0 W
[codecarbon INFO @ 18:49:26] Energy consumed for all CPUs : 0.004439 kWh. Total CPU Power : 193.78943175714375 W
[codecarbon INFO @ 18:49:26] 0.009360 kWh of electricity used since the beginning.
[codecarbon INFO @ 18:49:27] offline tracker init
[codecarbon INFO @ 18:49:27] [setup] RAM Tracking...
[codecarbon WARNING @ 18:49:28] Could not find mem= after running `scontrol show job $SLURM_JOB_ID` to count SLURM-available RAM. Using the machine's total RAM.
[codecarbon INFO @ 18:49:28] [setup] GPU Tracking...
[codecarbon INFO @ 18:49:28] Tracking Nvidia GPU via pynvml
[codecarbon INFO @ 18:49:28] [setup] CPU Tracking...
[codecarbon INFO @ 18:49:28] Tracking Intel CPU via RAPL interface
[codecarbon INFO @ 18:49:28] >>> Tracker's metadata:
[codecarbon INFO @ 18:49:28]   Platform system: Linux-4.18.0-425.19.2.el8_7.x86_64-x86_64-with-glibc2.28
[codecarbon INFO @ 18:49:28]   Python version: 3.11.6
[codecarbon INFO @ 18:49:28]   CodeCarbon version: 2.3.2
[codecarbon INFO @ 18:49:28]   Available RAM : 502.855 GB
[codecarbon INFO @ 18:49:28]   CPU count: 8
[codecarbon INFO @ 18:49:28]   CPU model: Intel(R) Xeon(R) Platinum 8358 CPU @ 2.60GHz
[codecarbon INFO @ 18:49:28]   GPU count: 0
[codecarbon INFO @ 18:49:28]   GPU model: 
[codecarbon INFO @ 18:49:43] Energy consumed for RAM : 0.000786 kWh. RAM Power : 188.5706877708435 W
[codecarbon INFO @ 18:49:43] Energy consumed for all GPUs : 0.000000 kWh. Total GPU Power : 0 W
[codecarbon INFO @ 18:49:43] Energy consumed for all CPUs : 0.000785 kWh. Total CPU Power : 188.46972873748535 W
[codecarbon INFO @ 18:49:43] 0.001571 kWh of electricity used since the beginning.
[codecarbon INFO @ 18:49:58] Energy consumed for RAM : 0.001571 kWh. RAM Power : 188.5706877708435 W
[codecarbon INFO @ 18:49:58] Energy consumed for all GPUs : 0.000000 kWh. Total GPU Power : 0 W
[codecarbon INFO @ 18:49:58] Energy consumed for all CPUs : 0.001425 kWh. Total CPU Power : 153.6066063190953 W
[codecarbon INFO @ 18:49:58] 0.002997 kWh of electricity used since the beginning.
[codecarbon INFO @ 18:50:13] Energy consumed for RAM : 0.002357 kWh. RAM Power : 188.5706877708435 W
[codecarbon INFO @ 18:50:13] Energy consumed for all GPUs : 0.000000 kWh. Total GPU Power : 0 W
[codecarbon INFO @ 18:50:13] Energy consumed for all CPUs : 0.002222 kWh. Total CPU Power : 191.2897297075784 W
[codecarbon INFO @ 18:50:13] 0.004580 kWh of electricity used since the beginning.
[codecarbon INFO @ 18:50:28] Energy consumed for RAM : 0.003143 kWh. RAM Power : 188.5706877708435 W
[codecarbon INFO @ 18:50:28] Energy consumed for all GPUs : 0.000000 kWh. Total GPU Power : 0 W
[codecarbon INFO @ 18:50:28] Energy consumed for all CPUs : 0.002983 kWh. Total CPU Power : 182.53803558862168 W
[codecarbon INFO @ 18:50:28] 0.006126 kWh of electricity used since the beginning.
[codecarbon INFO @ 18:50:43] Energy consumed for RAM : 0.003929 kWh. RAM Power : 188.5706877708435 W
[codecarbon INFO @ 18:50:43] Energy consumed for all GPUs : 0.000000 kWh. Total GPU Power : 0 W
[codecarbon INFO @ 18:50:43] Energy consumed for all CPUs : 0.003574 kWh. Total CPU Power : 141.85568965706 W
[codecarbon INFO @ 18:50:43] 0.007503 kWh of electricity used since the beginning.
[codecarbon INFO @ 18:50:58] Energy consumed for RAM : 0.004714 kWh. RAM Power : 188.5706877708435 W
[codecarbon INFO @ 18:50:58] Energy consumed for all GPUs : 0.000000 kWh. Total GPU Power : 0 W
[codecarbon INFO @ 18:50:58] Energy consumed for all CPUs : 0.004171 kWh. Total CPU Power : 143.24084229007562 W
[codecarbon INFO @ 18:50:58] 0.008885 kWh of electricity used since the beginning.
[codecarbon INFO @ 18:51:13] Energy consumed for RAM : 0.005500 kWh. RAM Power : 188.5706877708435 W
[codecarbon INFO @ 18:51:13] Energy consumed for all GPUs : 0.000000 kWh. Total GPU Power : 0 W
[codecarbon INFO @ 18:51:13] Energy consumed for all CPUs : 0.004761 kWh. Total CPU Power : 141.6231270425523 W
[codecarbon INFO @ 18:51:13] 0.010261 kWh of electricity used since the beginning.
[codecarbon INFO @ 18:51:28] Energy consumed for RAM : 0.006286 kWh. RAM Power : 188.5706877708435 W
[codecarbon INFO @ 18:51:28] Energy consumed for all GPUs : 0.000000 kWh. Total GPU Power : 0 W
[codecarbon INFO @ 18:51:28] Energy consumed for all CPUs : 0.005459 kWh. Total CPU Power : 167.54433191481425 W
[codecarbon INFO @ 18:51:28] 0.011745 kWh of electricity used since the beginning.
[codecarbon INFO @ 18:51:43] Energy consumed for RAM : 0.007071 kWh. RAM Power : 188.5706877708435 W
[codecarbon INFO @ 18:51:43] Energy consumed for all GPUs : 0.000000 kWh. Total GPU Power : 0 W
[codecarbon INFO @ 18:51:43] Energy consumed for all CPUs : 0.006221 kWh. Total CPU Power : 182.7944791157032 W
[codecarbon INFO @ 18:51:43] 0.013292 kWh of electricity used since the beginning.
[codecarbon INFO @ 18:51:58] Energy consumed for RAM : 0.007857 kWh. RAM Power : 188.5706877708435 W
[codecarbon INFO @ 18:51:58] Energy consumed for all GPUs : 0.000000 kWh. Total GPU Power : 0 W
[codecarbon INFO @ 18:51:58] Energy consumed for all CPUs : 0.006982 kWh. Total CPU Power : 182.70390811565287 W
[codecarbon INFO @ 18:51:58] 0.014839 kWh of electricity used since the beginning.
[codecarbon INFO @ 18:52:13] Energy consumed for RAM : 0.008643 kWh. RAM Power : 188.5706877708435 W
[codecarbon INFO @ 18:52:13] Energy consumed for all GPUs : 0.000000 kWh. Total GPU Power : 0 W
[codecarbon INFO @ 18:52:13] Energy consumed for all CPUs : 0.007726 kWh. Total CPU Power : 178.6381797118164 W
[codecarbon INFO @ 18:52:13] 0.016369 kWh of electricity used since the beginning.
[codecarbon INFO @ 18:52:28] Energy consumed for RAM : 0.009429 kWh. RAM Power : 188.5706877708435 W
[codecarbon INFO @ 18:52:28] Energy consumed for all GPUs : 0.000000 kWh. Total GPU Power : 0 W
[codecarbon INFO @ 18:52:28] Energy consumed for all CPUs : 0.008475 kWh. Total CPU Power : 179.59261125581403 W
[codecarbon INFO @ 18:52:28] 0.017903 kWh of electricity used since the beginning.
[codecarbon INFO @ 18:52:43] Energy consumed for RAM : 0.010214 kWh. RAM Power : 188.5706877708435 W
[codecarbon INFO @ 18:52:43] Energy consumed for all GPUs : 0.000000 kWh. Total GPU Power : 0 W
[codecarbon INFO @ 18:52:43] Energy consumed for all CPUs : 0.009224 kWh. Total CPU Power : 179.8162370185471 W
[codecarbon INFO @ 18:52:43] 0.019438 kWh of electricity used since the beginning.
[codecarbon INFO @ 18:52:50] Energy consumed for RAM : 0.010574 kWh. RAM Power : 188.5706877708435 W
[codecarbon INFO @ 18:52:50] Energy consumed for all GPUs : 0.000000 kWh. Total GPU Power : 0 W
[codecarbon INFO @ 18:52:50] Energy consumed for all CPUs : 0.009574 kWh. Total CPU Power : 183.6210986073293 W
[codecarbon INFO @ 18:52:50] 0.020148 kWh of electricity used since the beginning.
[codecarbon INFO @ 18:52:51] offline tracker init
[codecarbon INFO @ 18:52:51] [setup] RAM Tracking...
[codecarbon WARNING @ 18:52:51] Could not find mem= after running `scontrol show job $SLURM_JOB_ID` to count SLURM-available RAM. Using the machine's total RAM.
[codecarbon INFO @ 18:52:51] [setup] GPU Tracking...
[codecarbon INFO @ 18:52:51] Tracking Nvidia GPU via pynvml
[codecarbon INFO @ 18:52:51] [setup] CPU Tracking...
[codecarbon INFO @ 18:52:51] Tracking Intel CPU via RAPL interface
[codecarbon INFO @ 18:52:51] >>> Tracker's metadata:
[codecarbon INFO @ 18:52:51]   Platform system: Linux-4.18.0-425.19.2.el8_7.x86_64-x86_64-with-glibc2.28
[codecarbon INFO @ 18:52:51]   Python version: 3.11.6
[codecarbon INFO @ 18:52:51]   CodeCarbon version: 2.3.2
[codecarbon INFO @ 18:52:51]   Available RAM : 502.855 GB
[codecarbon INFO @ 18:52:51]   CPU count: 8
[codecarbon INFO @ 18:52:51]   CPU model: Intel(R) Xeon(R) Platinum 8358 CPU @ 2.60GHz
[codecarbon INFO @ 18:52:51]   GPU count: 0
[codecarbon INFO @ 18:52:51]   GPU model: 
[codecarbon INFO @ 18:53:06] Energy consumed for RAM : 0.000786 kWh. RAM Power : 188.5706877708435 W
[codecarbon INFO @ 18:53:06] Energy consumed for all GPUs : 0.000000 kWh. Total GPU Power : 0 W
[codecarbon INFO @ 18:53:06] Energy consumed for all CPUs : 0.000603 kWh. Total CPU Power : 144.71867826396763 W
[codecarbon INFO @ 18:53:06] 0.001389 kWh of electricity used since the beginning.
[codecarbon INFO @ 18:53:21] Energy consumed for RAM : 0.001568 kWh. RAM Power : 188.5706877708435 W
[codecarbon INFO @ 18:53:21] Energy consumed for all GPUs : 0.000000 kWh. Total GPU Power : 0 W
[codecarbon INFO @ 18:53:21] Energy consumed for all CPUs : 0.001211 kWh. Total CPU Power : 146.61748152363202 W
[codecarbon INFO @ 18:53:21] 0.002779 kWh of electricity used since the beginning.
[codecarbon INFO @ 18:53:22] offline tracker init
[codecarbon INFO @ 18:53:22] [setup] RAM Tracking...
[codecarbon WARNING @ 18:53:23] Could not find mem= after running `scontrol show job $SLURM_JOB_ID` to count SLURM-available RAM. Using the machine's total RAM.
[codecarbon INFO @ 18:53:23] [setup] GPU Tracking...
[codecarbon INFO @ 18:53:23] Tracking Nvidia GPU via pynvml
[codecarbon INFO @ 18:53:23] [setup] CPU Tracking...
[codecarbon INFO @ 18:53:23] Tracking Intel CPU via RAPL interface
[codecarbon INFO @ 18:53:23] >>> Tracker's metadata:
[codecarbon INFO @ 18:53:23]   Platform system: Linux-4.18.0-425.19.2.el8_7.x86_64-x86_64-with-glibc2.28
[codecarbon INFO @ 18:53:23]   Python version: 3.11.6
[codecarbon INFO @ 18:53:23]   CodeCarbon version: 2.3.2
[codecarbon INFO @ 18:53:23]   Available RAM : 502.855 GB
[codecarbon INFO @ 18:53:23]   CPU count: 8
[codecarbon INFO @ 18:53:23]   CPU model: Intel(R) Xeon(R) Platinum 8358 CPU @ 2.60GHz
[codecarbon INFO @ 18:53:23]   GPU count: 0
[codecarbon INFO @ 18:53:23]   GPU model: 
[codecarbon INFO @ 18:53:38] Energy consumed for RAM : 0.000786 kWh. RAM Power : 188.5706877708435 W
[codecarbon INFO @ 18:53:38] Energy consumed for all GPUs : 0.000000 kWh. Total GPU Power : 0 W
[codecarbon INFO @ 18:53:38] Energy consumed for all CPUs : 0.000807 kWh. Total CPU Power : 193.61593372180704 W
[codecarbon INFO @ 18:53:38] 0.001593 kWh of electricity used since the beginning.
[codecarbon INFO @ 18:53:53] Energy consumed for RAM : 0.001571 kWh. RAM Power : 188.5706877708435 W
[codecarbon INFO @ 18:53:53] Energy consumed for all GPUs : 0.000000 kWh. Total GPU Power : 0 W
[codecarbon INFO @ 18:53:53] Energy consumed for all CPUs : 0.001602 kWh. Total CPU Power : 190.79820448733898 W
[codecarbon INFO @ 18:53:53] 0.003173 kWh of electricity used since the beginning.
[codecarbon INFO @ 18:53:59] Energy consumed for RAM : 0.001924 kWh. RAM Power : 188.5706877708435 W
[codecarbon INFO @ 18:53:59] Energy consumed for all GPUs : 0.000000 kWh. Total GPU Power : 0 W
[codecarbon INFO @ 18:53:59] Energy consumed for all CPUs : 0.001876 kWh. Total CPU Power : 146.59714571458466 W
[codecarbon INFO @ 18:53:59] 0.003800 kWh of electricity used since the beginning.
[codecarbon INFO @ 18:54:02] offline tracker init
[codecarbon INFO @ 18:54:02] [setup] RAM Tracking...
[codecarbon WARNING @ 18:54:03] Could not find mem= after running `scontrol show job $SLURM_JOB_ID` to count SLURM-available RAM. Using the machine's total RAM.
[codecarbon INFO @ 18:54:03] [setup] GPU Tracking...
[codecarbon INFO @ 18:54:03] Tracking Nvidia GPU via pynvml
[codecarbon INFO @ 18:54:03] [setup] CPU Tracking...
[codecarbon INFO @ 18:54:03] Tracking Intel CPU via RAPL interface
[codecarbon INFO @ 18:54:03] >>> Tracker's metadata:
[codecarbon INFO @ 18:54:03]   Platform system: Linux-4.18.0-425.19.2.el8_7.x86_64-x86_64-with-glibc2.28
[codecarbon INFO @ 18:54:03]   Python version: 3.11.6
[codecarbon INFO @ 18:54:03]   CodeCarbon version: 2.3.2
[codecarbon INFO @ 18:54:03]   Available RAM : 502.855 GB
[codecarbon INFO @ 18:54:03]   CPU count: 8
[codecarbon INFO @ 18:54:03]   CPU model: Intel(R) Xeon(R) Platinum 8358 CPU @ 2.60GHz
[codecarbon INFO @ 18:54:03]   GPU count: 0
[codecarbon INFO @ 18:54:03]   GPU model: 
[codecarbon INFO @ 18:54:18] Energy consumed for RAM : 0.000786 kWh. RAM Power : 188.5706877708435 W
[codecarbon INFO @ 18:54:18] Energy consumed for all GPUs : 0.000000 kWh. Total GPU Power : 0 W
[codecarbon INFO @ 18:54:18] Energy consumed for all CPUs : 0.000777 kWh. Total CPU Power : 186.43568116612337 W
[codecarbon INFO @ 18:54:18] 0.001563 kWh of electricity used since the beginning.
[codecarbon INFO @ 18:54:31] Energy consumed for RAM : 0.001468 kWh. RAM Power : 188.5706877708435 W
[codecarbon INFO @ 18:54:31] Energy consumed for all GPUs : 0.000000 kWh. Total GPU Power : 0 W
[codecarbon INFO @ 18:54:31] Energy consumed for all CPUs : 0.001472 kWh. Total CPU Power : 192.18585122927524 W
[codecarbon INFO @ 18:54:31] 0.002941 kWh of electricity used since the beginning.
[codecarbon INFO @ 18:54:32] offline tracker init
[codecarbon INFO @ 18:54:32] [setup] RAM Tracking...
[codecarbon WARNING @ 18:54:33] Could not find mem= after running `scontrol show job $SLURM_JOB_ID` to count SLURM-available RAM. Using the machine's total RAM.
[codecarbon INFO @ 18:54:33] [setup] GPU Tracking...
[codecarbon INFO @ 18:54:33] Tracking Nvidia GPU via pynvml
[codecarbon INFO @ 18:54:33] [setup] CPU Tracking...
[codecarbon INFO @ 18:54:33] Tracking Intel CPU via RAPL interface
[codecarbon INFO @ 18:54:33] >>> Tracker's metadata:
[codecarbon INFO @ 18:54:33]   Platform system: Linux-4.18.0-425.19.2.el8_7.x86_64-x86_64-with-glibc2.28
[codecarbon INFO @ 18:54:33]   Python version: 3.11.6
[codecarbon INFO @ 18:54:33]   CodeCarbon version: 2.3.2
[codecarbon INFO @ 18:54:33]   Available RAM : 502.855 GB
[codecarbon INFO @ 18:54:33]   CPU count: 8
[codecarbon INFO @ 18:54:33]   CPU model: Intel(R) Xeon(R) Platinum 8358 CPU @ 2.60GHz
[codecarbon INFO @ 18:54:33]   GPU count: 0
[codecarbon INFO @ 18:54:33]   GPU model: 
[codecarbon INFO @ 18:54:48] Energy consumed for RAM : 0.000786 kWh. RAM Power : 188.5706877708435 W
[codecarbon INFO @ 18:54:48] Energy consumed for all GPUs : 0.000000 kWh. Total GPU Power : 0 W
[codecarbon INFO @ 18:54:48] Energy consumed for all CPUs : 0.000650 kWh. Total CPU Power : 156.0660567064424 W
[codecarbon INFO @ 18:54:48] 0.001436 kWh of electricity used since the beginning.
[codecarbon INFO @ 18:55:03] Energy consumed for RAM : 0.001571 kWh. RAM Power : 188.5706877708435 W
[codecarbon INFO @ 18:55:03] Energy consumed for all GPUs : 0.000000 kWh. Total GPU Power : 0 W
[codecarbon INFO @ 18:55:03] Energy consumed for all CPUs : 0.001246 kWh. Total CPU Power : 143.07154238170182 W
[codecarbon INFO @ 18:55:03] 0.002818 kWh of electricity used since the beginning.
[codecarbon INFO @ 18:55:05] Energy consumed for RAM : 0.001704 kWh. RAM Power : 188.5706877708435 W
[codecarbon INFO @ 18:55:05] Energy consumed for all GPUs : 0.000000 kWh. Total GPU Power : 0 W
[codecarbon INFO @ 18:55:05] Energy consumed for all CPUs : 0.001347 kWh. Total CPU Power : 142.8354103154651 W
[codecarbon INFO @ 18:55:05] 0.003051 kWh of electricity used since the beginning.
[codecarbon INFO @ 18:55:06] offline tracker init
[codecarbon INFO @ 18:55:07] [setup] RAM Tracking...
[codecarbon WARNING @ 18:55:07] Could not find mem= after running `scontrol show job $SLURM_JOB_ID` to count SLURM-available RAM. Using the machine's total RAM.
[codecarbon INFO @ 18:55:07] [setup] GPU Tracking...
[codecarbon INFO @ 18:55:07] Tracking Nvidia GPU via pynvml
[codecarbon INFO @ 18:55:07] [setup] CPU Tracking...
[codecarbon INFO @ 18:55:07] Tracking Intel CPU via RAPL interface
[codecarbon INFO @ 18:55:07] >>> Tracker's metadata:
[codecarbon INFO @ 18:55:07]   Platform system: Linux-4.18.0-425.19.2.el8_7.x86_64-x86_64-with-glibc2.28
[codecarbon INFO @ 18:55:07]   Python version: 3.11.6
[codecarbon INFO @ 18:55:07]   CodeCarbon version: 2.3.2
[codecarbon INFO @ 18:55:07]   Available RAM : 502.855 GB
[codecarbon INFO @ 18:55:07]   CPU count: 8
[codecarbon INFO @ 18:55:07]   CPU model: Intel(R) Xeon(R) Platinum 8358 CPU @ 2.60GHz
[codecarbon INFO @ 18:55:07]   GPU count: 0
[codecarbon INFO @ 18:55:07]   GPU model: 
[codecarbon INFO @ 18:55:22] Energy consumed for RAM : 0.000786 kWh. RAM Power : 188.5706877708435 W
[codecarbon INFO @ 18:55:22] Energy consumed for all GPUs : 0.000000 kWh. Total GPU Power : 0 W
[codecarbon INFO @ 18:55:22] Energy consumed for all CPUs : 0.000608 kWh. Total CPU Power : 145.8215624762733 W
[codecarbon INFO @ 18:55:22] 0.001393 kWh of electricity used since the beginning.
[codecarbon INFO @ 18:55:37] Energy consumed for RAM : 0.001571 kWh. RAM Power : 188.5706877708435 W
[codecarbon INFO @ 18:55:37] Energy consumed for all GPUs : 0.000000 kWh. Total GPU Power : 0 W
[codecarbon INFO @ 18:55:37] Energy consumed for all CPUs : 0.001294 kWh. Total CPU Power : 164.75802584363063 W
[codecarbon INFO @ 18:55:37] 0.002866 kWh of electricity used since the beginning.
[codecarbon INFO @ 18:55:38] Energy consumed for RAM : 0.001620 kWh. RAM Power : 188.5706877708435 W
[codecarbon INFO @ 18:55:38] Energy consumed for all GPUs : 0.000000 kWh. Total GPU Power : 0 W
[codecarbon INFO @ 18:55:38] Energy consumed for all CPUs : 0.001341 kWh. Total CPU Power : 183.2963227113397 W
[codecarbon INFO @ 18:55:38] 0.002961 kWh of electricity used since the beginning.
[codecarbon INFO @ 18:55:39] offline tracker init
[codecarbon INFO @ 18:55:39] [setup] RAM Tracking...
[codecarbon WARNING @ 18:55:39] Could not find mem= after running `scontrol show job $SLURM_JOB_ID` to count SLURM-available RAM. Using the machine's total RAM.
[codecarbon INFO @ 18:55:39] [setup] GPU Tracking...
[codecarbon INFO @ 18:55:39] Tracking Nvidia GPU via pynvml
[codecarbon INFO @ 18:55:39] [setup] CPU Tracking...
[codecarbon INFO @ 18:55:39] Tracking Intel CPU via RAPL interface
[codecarbon INFO @ 18:55:40] >>> Tracker's metadata:
[codecarbon INFO @ 18:55:40]   Platform system: Linux-4.18.0-425.19.2.el8_7.x86_64-x86_64-with-glibc2.28
[codecarbon INFO @ 18:55:40]   Python version: 3.11.6
[codecarbon INFO @ 18:55:40]   CodeCarbon version: 2.3.2
[codecarbon INFO @ 18:55:40]   Available RAM : 502.855 GB
[codecarbon INFO @ 18:55:40]   CPU count: 8
[codecarbon INFO @ 18:55:40]   CPU model: Intel(R) Xeon(R) Platinum 8358 CPU @ 2.60GHz
[codecarbon INFO @ 18:55:40]   GPU count: 0
[codecarbon INFO @ 18:55:40]   GPU model: 
[codecarbon INFO @ 18:55:55] Energy consumed for RAM : 0.000786 kWh. RAM Power : 188.5706877708435 W
[codecarbon INFO @ 18:55:55] Energy consumed for all GPUs : 0.000000 kWh. Total GPU Power : 0 W
[codecarbon INFO @ 18:55:55] Energy consumed for all CPUs : 0.000771 kWh. Total CPU Power : 184.99408290781065 W
[codecarbon INFO @ 18:55:55] 0.001557 kWh of electricity used since the beginning.
[codecarbon INFO @ 18:56:10] Energy consumed for RAM : 0.001571 kWh. RAM Power : 188.5706877708435 W
[codecarbon INFO @ 18:56:10] Energy consumed for all GPUs : 0.000000 kWh. Total GPU Power : 0 W
[codecarbon INFO @ 18:56:10] Energy consumed for all CPUs : 0.001535 kWh. Total CPU Power : 183.41860093477985 W
[codecarbon INFO @ 18:56:10] 0.003107 kWh of electricity used since the beginning.
[codecarbon INFO @ 18:56:15] Energy consumed for RAM : 0.001851 kWh. RAM Power : 188.5706877708435 W
[codecarbon INFO @ 18:56:15] Energy consumed for all GPUs : 0.000000 kWh. Total GPU Power : 0 W
[codecarbon INFO @ 18:56:15] Energy consumed for all CPUs : 0.001801 kWh. Total CPU Power : 179.2157527384672 W
[codecarbon INFO @ 18:56:15] 0.003651 kWh of electricity used since the beginning.
