Output from C++ program:
reading data/export/unet_mrfclean_8.c6.233.209.101.bbk...
building... 0.499851 seconds
solving... 0.481074 seconds
total: 0.980924 seconds, maxflow: 7136348
Maximum memory usage: 1534.5 MB
Average memory usage: 577.934 MB

Errors from C++ program:
BK:

Emissions: 2.1518121952004677e-05 kg CO2e

Additional Metrics:
CO2eRate (kg/s): 4.296315038277165e-06
CPU Energy (kWh): 5.912699186139637e-05
RAM Energy (kWh): 4.014148980298841e-06
Total Energy (kWh): 6.314114084169521e-05
Country: Italy
CPU Count: 8
Output from C++ program:
reading data/export/unet_mrfclean_8.c6.233.209.101.bbk...
building... 0.307741 seconds
solving... 0.290986 seconds
total: 0.598727 seconds, maxflow: 7136348
Maximum memory usage: 858 MB
Average memory usage: 586.288 MB

Errors from C++ program:
MBK:

Emissions: 3.880085490943119e-06 kg CO2e

Additional Metrics:
CO2eRate (kg/s): 4.295757470934593e-06
CPU Energy (kWh): 1.0661847889423372e-05
RAM Energy (kWh): 7.235799377775721e-07
Total Energy (kWh): 1.1385427827200945e-05
Country: Italy
CPU Count: 8
Output from C++ program:
reading data/export/unet_mrfclean_8.c6.233.209.101.bbk...
building... 0.333881 seconds
init... 0.393918 seconds
solving... 0.243619 seconds
total: 0.971418 seconds, maxflow: 7136348
Maximum memory usage: 1249.25 MB
Average memory usage: 848.979 MB

Errors from C++ program:
MBK2:

Emissions: 5.600914783223715e-06 kg CO2e

Additional Metrics:
CO2eRate (kg/s): 4.295771013333229e-06
CPU Energy (kWh): 1.5390314161777498e-05
RAM Energy (kWh): 1.0445842907296311e-06
Total Energy (kWh): 1.643489845250713e-05
Country: Italy
CPU Count: 8
Output from C++ program:
reading data/export/unet_mrfclean_8.c6.233.209.101.bbk...
building...0.801872 seconds
init... 0.522361 seconds
solving... 0.27849 seconds
total: 1.60272 seconds, maxflow: 7136348
Maximum memory usage: 1773.12 MB
Average memory usage: 1386.9 MB

Errors from C++ program:
EIBFS old:

Emissions: 8.610792502069513e-06 kg CO2e

Additional Metrics:
CO2eRate (kg/s): 4.296134726310916e-06
CPU Energy (kWh): 2.3660705486933392e-05
RAM Energy (kWh): 1.6061492759718025e-06
Total Energy (kWh): 2.52668547629052e-05
Country: Italy
CPU Count: 8
Output from C++ program:
reading data/export/unet_mrfclean_8.c6.233.209.101.bbk...
building...0.288335 seconds
init... 0.399775 seconds
solving... 0.184028 seconds
total: 0.872138 seconds, maxflow: 7136348
Maximum memory usage: 1406 MB
Average memory usage: 877.925 MB

Errors from C++ program:
EIBFS new:

Emissions: 5.170378815840231e-06 kg CO2e

Additional Metrics:
CO2eRate (kg/s): 4.295878560264816e-06
CPU Energy (kWh): 1.420727719863256e-05
RAM Energy (kWh): 9.64289248664727e-07
Total Energy (kWh): 1.5171566447297284e-05
Country: Italy
CPU Count: 8
Output from C++ program:
reading data/export/unet_mrfclean_8.c6.233.209.101.bbk...
building...0.251065 seconds
init... 0.0293972 seconds
solving... 0.206127 seconds
total: 0.48659 seconds, maxflow: 7136348
Maximum memory usage: 923.75 MB
Average memory usage: 602.527 MB

Errors from C++ program:
EIBFS new2:

Emissions: 3.4510548481187633e-06 kg CO2e

Additional Metrics:
CO2eRate (kg/s): 4.295541811688782e-06
CPU Energy (kWh): 9.48300196064843e-06
RAM Energy (kWh): 6.435109712657549e-07
Total Energy (kWh): 1.0126512931914188e-05
Country: Italy
CPU Count: 8
Output from C++ program:
reading data/export/unet_mrfclean_1.c6.305.267.124.bbk...
building... 1.09631 seconds
solving... 0.743883 seconds
total: 1.84019 seconds, maxflow: 5729676
Maximum memory usage: 3149.62 MB
Average memory usage: 1137.53 MB

Errors from C++ program:
BK:

Emissions: 4.474766699074149e-05 kg CO2e

Additional Metrics:
CO2eRate (kg/s): 4.296350475249357e-06
CPU Energy (kWh): 0.0001229563355445
RAM Energy (kWh): 8.347815909786504e-06
Total Energy (kWh): 0.0001313041514543
Country: Italy
CPU Count: 8
Output from C++ program:
reading data/export/unet_mrfclean_1.c6.305.267.124.bbk...
building... 0.634761 seconds
solving... 0.418867 seconds
total: 1.05363 seconds, maxflow: 5729676
Maximum memory usage: 1759.12 MB
Average memory usage: 1188.21 MB

Errors from C++ program:
MBK:

Emissions: 6.891261930573533e-06 kg CO2e

Additional Metrics:
CO2eRate (kg/s): 4.29591139718883e-06
CPU Energy (kWh): 1.893588420417574e-05
RAM Energy (kWh): 1.2853108009403514e-06
Total Energy (kWh): 2.022119500511609e-05
Country: Italy
CPU Count: 8
Output from C++ program:
reading data/export/unet_mrfclean_1.c6.305.267.124.bbk...
building... 0.684854 seconds
init... 0.834209 seconds
solving... 0.304985 seconds
total: 1.82405 seconds, maxflow: 5729676
Maximum memory usage: 2564 MB
Average memory usage: 1702.22 MB

Errors from C++ program:
MBK2:

Emissions: 1.033186404368891e-05 kg CO2e

Additional Metrics:
CO2eRate (kg/s): 4.296071354166827e-06
CPU Energy (kWh): 2.838983883460363e-05
RAM Energy (kWh): 1.927197391647155e-06
Total Energy (kWh): 3.0317036226250787e-05
Country: Italy
CPU Count: 8
Output from C++ program:
reading data/export/unet_mrfclean_1.c6.305.267.124.bbk...
building...1.59451 seconds
init... 1.04272 seconds
solving... 0.41131 seconds
total: 3.04854 seconds, maxflow: 5729676
Maximum memory usage: 3639.62 MB
Average memory usage: 2814.37 MB

Errors from C++ program:
EIBFS old:

Emissions: 1.592462122203167e-05 kg CO2e

Additional Metrics:
CO2eRate (kg/s): 4.296230333597074e-06
CPU Energy (kWh): 4.375739925437504e-05
RAM Energy (kWh): 2.970598368915489e-06
Total Energy (kWh): 4.6727997623290525e-05
Country: Italy
CPU Count: 8
Output from C++ program:
reading data/export/unet_mrfclean_1.c6.305.267.124.bbk...
building...0.594308 seconds
init... 0.779325 seconds
solving... 0.278347 seconds
total: 1.65198 seconds, maxflow: 5729676
Maximum memory usage: 2885.88 MB
Average memory usage: 1806.24 MB

Errors from C++ program:
EIBFS new:

Emissions: 9.902002564057612e-06 kg CO2e

Additional Metrics:
CO2eRate (kg/s): 4.296146581448237e-06
CPU Energy (kWh): 2.720863140291638e-05
RAM Energy (kWh): 1.84705198369727e-06
Total Energy (kWh): 2.9055683386613647e-05
Country: Italy
CPU Count: 8
Output from C++ program:
reading data/export/unet_mrfclean_1.c6.305.267.124.bbk...
building...0.534887 seconds
init... 0.061117 seconds
solving... 0.316491 seconds
total: 0.912494 seconds, maxflow: 5729676
Maximum memory usage: 1882.62 MB
Average memory usage: 1210.23 MB

Errors from C++ program:
EIBFS new2:

Emissions: 6.461253252855018e-06 kg CO2e

Additional Metrics:
CO2eRate (kg/s): 4.2960611754208624e-06
CPU Energy (kWh): 1.7754274275567796e-05
RAM Energy (kWh): 1.2051359630368095e-06
Total Energy (kWh): 1.8959410238604605e-05
Country: Italy
CPU Count: 8
Output from C++ program:
reading data/export/unet_mrfclean_2.c6.289.262.108.bbk...
building... 0.830924 seconds
solving... 0.579874 seconds
total: 1.4108 seconds, maxflow: 3894824
Maximum memory usage: 2550.38 MB
Average memory usage: 981.491 MB

Errors from C++ program:
BK:

Emissions: 2.7112364156870735e-05 kg CO2e

Additional Metrics:
CO2eRate (kg/s): 4.296289617118936e-06
CPU Energy (kWh): 7.44986673196157e-05
RAM Energy (kWh): 5.057792468029447e-06
Total Energy (kWh): 7.955645978764514e-05
Country: Italy
CPU Count: 8
Output from C++ program:
reading data/export/unet_mrfclean_2.c6.289.262.108.bbk...
building... 0.513606 seconds
solving... 0.303015 seconds
total: 0.816621 seconds, maxflow: 3894824
Maximum memory usage: 1424.75 MB
Average memory usage: 950.526 MB

Errors from C++ program:
MBK:

Emissions: 5.601120267764523e-06 kg CO2e

Additional Metrics:
CO2eRate (kg/s): 4.295901120762932e-06
CPU Energy (kWh): 1.539085176255968e-05
RAM Energy (kWh): 1.0446496481591795e-06
Total Energy (kWh): 1.643550141071886e-05
Country: Italy
CPU Count: 8
Output from C++ program:
reading data/export/unet_mrfclean_2.c6.289.262.108.bbk...
building... 0.555758 seconds
init... 0.669353 seconds
solving... 0.2109 seconds
total: 1.43601 seconds, maxflow: 3894824
Maximum memory usage: 2076.25 MB
Average memory usage: 1383.63 MB

Errors from C++ program:
MBK2:

Emissions: 8.612048814444511e-06 kg CO2e

Additional Metrics:
CO2eRate (kg/s): 4.296051202952096e-06
CPU Energy (kWh): 2.366417596737544e-05
RAM Energy (kWh): 1.6063652230343452e-06
Total Energy (kWh): 2.5270541190409785e-05
Country: Italy
CPU Count: 8
Output from C++ program:
reading data/export/unet_mrfclean_2.c6.289.262.108.bbk...
building...1.28868 seconds
init... 0.84776 seconds
solving... 0.309875 seconds
total: 2.44631 seconds, maxflow: 3894824
Maximum memory usage: 2947.25 MB
Average memory usage: 2271.66 MB

Errors from C++ program:
EIBFS old:

Emissions: 1.2913688511976255e-05 kg CO2e

Additional Metrics:
CO2eRate (kg/s): 4.29623457803001e-06
CPU Energy (kWh): 3.548403282960256e-05
RAM Energy (kWh): 2.408912797304765e-06
Total Energy (kWh): 3.789294562690733e-05
Country: Italy
CPU Count: 8
Output from C++ program:
reading data/export/unet_mrfclean_2.c6.289.262.108.bbk...
building...0.472616 seconds
init... 0.627507 seconds
solving... 0.196956 seconds
total: 1.29708 seconds, maxflow: 3894824
Maximum memory usage: 2336.75 MB
Average memory usage: 1421.92 MB

Errors from C++ program:
EIBFS new:

Emissions: 7.752333904599604e-06 kg CO2e

Additional Metrics:
CO2eRate (kg/s): 4.296034449165602e-06
CPU Energy (kWh): 2.1301879319879746e-05
RAM Energy (kWh): 1.445979810854965e-06
Total Energy (kWh): 2.2747859130734708e-05
Country: Italy
CPU Count: 8
Output from C++ program:
reading data/export/unet_mrfclean_2.c6.289.262.108.bbk...
building...0.425554 seconds
init... 0.0491248 seconds
solving... 0.229554 seconds
total: 0.704233 seconds, maxflow: 3894824
Maximum memory usage: 1523.88 MB
Average memory usage: 968.361 MB

Errors from C++ program:
EIBFS new2:

Emissions: 5.171127128205418e-06 kg CO2e

Additional Metrics:
CO2eRate (kg/s): 4.295770179222259e-06
CPU Energy (kWh): 1.4209329088528952e-05
RAM Energy (kWh): 9.644331496718906e-07
Total Energy (kWh): 1.5173762238200843e-05
Country: Italy
CPU Count: 8
Output from C++ program:
reading data/export/unet_mrfclean_3.c6.271.244.241.bbk...
building... 1.72116 seconds
solving... 1.1395 seconds
total: 2.86066 seconds, maxflow: 5779583
Maximum memory usage: 4972.62 MB
Average memory usage: 3310.68 MB

Errors from C++ program:
BK:

Emissions: 1.6783231661003743e-05 kg CO2e

Additional Metrics:
CO2eRate (kg/s): 4.296277072595514e-06
CPU Energy (kWh): 4.6116687026288775e-05
RAM Energy (kWh): 3.1307517813303323e-06
Total Energy (kWh): 4.9247438807619104e-05
Country: Italy
CPU Count: 8
Output from C++ program:
reading data/export/unet_mrfclean_3.c6.271.244.241.bbk...
building... 0.999016 seconds
solving... 0.554224 seconds
total: 1.55324 seconds, maxflow: 5779583
Maximum memory usage: 2776.25 MB
Average memory usage: 1833.52 MB

Errors from C++ program:
MBK:

Emissions: 1.2051624211351348e-05 kg CO2e

Additional Metrics:
CO2eRate (kg/s): 4.2961844286521056e-06
CPU Energy (kWh): 3.311529904603958e-05
RAM Energy (kWh): 2.248070647532927e-06
Total Energy (kWh): 3.536336969357251e-05
Country: Italy
CPU Count: 8
Output from C++ program:
reading data/export/unet_mrfclean_3.c6.271.244.241.bbk...
building... 1.08237 seconds
init... 1.31863 seconds
solving... 0.382438 seconds
total: 2.78344 seconds, maxflow: 5779583
Maximum memory usage: 4047.75 MB
Average memory usage: 2673.16 MB

Errors from C++ program:
MBK2:

Emissions: 1.5921433682541514e-05 kg CO2e

Additional Metrics:
CO2eRate (kg/s): 4.296278450288872e-06
CPU Energy (kWh): 4.3748603430059225e-05
RAM Energy (kWh): 2.970040919728376e-06
Total Energy (kWh): 4.67186443497876e-05
Country: Italy
CPU Count: 8
Output from C++ program:
reading data/export/unet_mrfclean_3.c6.271.244.241.bbk...
building...2.65885 seconds
init... 1.66602 seconds
solving... 0.581168 seconds
total: 4.90604 seconds, maxflow: 5779583
Maximum memory usage: 5746.25 MB
Average memory usage: 4468.69 MB

Errors from C++ program:
EIBFS old:

Emissions: 2.550112247998571e-05 kg CO2e

Additional Metrics:
CO2eRate (kg/s): 4.296273928462419e-06
CPU Energy (kWh): 7.00713982184728e-05
RAM Energy (kWh): 4.757156509561469e-06
Total Energy (kWh): 7.482855472803427e-05
Country: Italy
CPU Count: 8
Output from C++ program:
reading data/export/unet_mrfclean_3.c6.271.244.241.bbk...
building...0.905273 seconds
init... 1.21288 seconds
solving... 0.36439 seconds
total: 2.48254 seconds, maxflow: 5779583
Maximum memory usage: 4555.75 MB
Average memory usage: 2461.78 MB

Errors from C++ program:
EIBFS new:

Emissions: 1.94900913887248e-05 kg CO2e

Additional Metrics:
CO2eRate (kg/s): 4.296215391798499e-06
CPU Energy (kWh): 5.355446702904172e-05
RAM Energy (kWh): 3.6357751369729385e-06
Total Energy (kWh): 5.719024216601466e-05
Country: Italy
CPU Count: 8
Output from C++ program:
reading data/export/unet_mrfclean_3.c6.271.244.241.bbk...
building...0.819768 seconds
init... 0.0959084 seconds
solving... 0.412373 seconds
total: 1.32805 seconds, maxflow: 5779583
Maximum memory usage: 2964.88 MB
Average memory usage: 1886.35 MB

Errors from C++ program:
EIBFS new2:

Emissions: 9.472112286235201e-06 kg CO2e

Additional Metrics:
CO2eRate (kg/s): 4.2961170879606015e-06
CPU Energy (kWh): 2.6027415527237788e-05
RAM Energy (kWh): 1.7668305165165066e-06
Total Energy (kWh): 2.779424604375429e-05
Country: Italy
CPU Count: 8
